nohup: ignoring input
Using 100% of the dataset.
50% of the training data will be original, the rest augmented.
The geometric parameter is 0.3.
3.744 s/it
Epoch 0 | accuracy 77.195%
Epoch 1 | accuracy 81.52%
Epoch 2 | accuracy 83.945%
Epoch 3 | accuracy 85.125%
Epoch 5 | accuracy 85.758%
Epoch 6 | accuracy 87.637%
Epoch 7 | accuracy 88.379%
Epoch 8 | accuracy 88.488%
Epoch 9 | accuracy 89.559%
Epoch 10 | accuracy 89.843%
Epoch 13 | accuracy 90.323%
Epoch 15 | accuracy 91.197%
Epoch 16 | accuracy 91.241%
Epoch 18 | accuracy 91.547%
Epoch 28 | accuracy 91.699%
Epoch 31 | accuracy 91.787%
Epoch 37 | accuracy 92.202%
Epoch 71 | accuracy 92.333%
Epoch 85 | accuracy 92.617%
Stopped early with patience 100
Using 100% of the dataset.
50% of the training data will be original, the rest augmented.
The geometric parameter is 0.5.
3.348 s/it
Epoch 0 | accuracy 79.03%
Epoch 1 | accuracy 82.438%
Epoch 2 | accuracy 84.6%
Epoch 3 | accuracy 85.168%
Epoch 4 | accuracy 86.282%
Epoch 5 | accuracy 87.724%
Epoch 6 | accuracy 88.183%
Epoch 8 | accuracy 88.794%
Epoch 11 | accuracy 90.105%
Epoch 13 | accuracy 90.367%
Epoch 14 | accuracy 90.782%
Epoch 19 | accuracy 90.957%
Epoch 22 | accuracy 91.415%
Epoch 25 | accuracy 91.721%
Epoch 33 | accuracy 91.918%
Epoch 37 | accuracy 92.027%
Epoch 43 | accuracy 92.093%
Epoch 50 | accuracy 92.202%
Epoch 59 | accuracy 92.224%
Epoch 65 | accuracy 92.246%
Epoch 70 | accuracy 92.311%
Epoch 93 | accuracy 92.377%
Epoch 94 | accuracy 92.42%
Epoch 106 | accuracy 92.508%
Epoch 190 | accuracy 92.661%
Stopped early with patience 100
Using 100% of the dataset.
50% of the training data will be original, the rest augmented.
The geometric parameter is 0.6.
3.469 s/it
Epoch 0 | accuracy 78.397%
Epoch 1 | accuracy 83.29%
Epoch 2 | accuracy 84.426%
Epoch 3 | accuracy 86.61%
Epoch 5 | accuracy 87.178%
Epoch 6 | accuracy 88.204%
Epoch 7 | accuracy 88.619%
Epoch 8 | accuracy 88.969%
Epoch 9 | accuracy 89.253%
Epoch 10 | accuracy 89.318%
Epoch 11 | accuracy 89.886%
Epoch 15 | accuracy 90.716%
Epoch 17 | accuracy 91.131%
Epoch 18 | accuracy 91.263%
Epoch 19 | accuracy 91.568%
Epoch 24 | accuracy 91.787%
Epoch 32 | accuracy 91.809%
Epoch 33 | accuracy 91.874%
Epoch 37 | accuracy 91.94%
Epoch 38 | accuracy 92.246%
Epoch 50 | accuracy 92.398%
Epoch 75 | accuracy 92.617%
Epoch 107 | accuracy 92.813%
Epoch 112 | accuracy 92.901%
Stopped early with patience 100
Using 100% of the dataset.
50% of the training data will be original, the rest augmented.
The geometric parameter is 0.7.
3.495 s/it
Epoch 0 | accuracy 78.724%
Epoch 1 | accuracy 82.197%
Epoch 2 | accuracy 83.355%
Epoch 3 | accuracy 85.015%
Epoch 4 | accuracy 86.457%
Epoch 5 | accuracy 87.396%
Epoch 6 | accuracy 87.44%
Epoch 7 | accuracy 88.903%
Epoch 9 | accuracy 89.1%
Epoch 10 | accuracy 89.712%
Epoch 12 | accuracy 90.214%
Epoch 15 | accuracy 91.066%
Epoch 18 | accuracy 91.525%
Epoch 21 | accuracy 91.59%
Epoch 22 | accuracy 91.678%
Epoch 23 | accuracy 91.896%
Epoch 27 | accuracy 92.18%
Epoch 31 | accuracy 92.202%
Epoch 34 | accuracy 92.246%
Epoch 38 | accuracy 92.377%
Epoch 39 | accuracy 92.42%
Epoch 79 | accuracy 92.442%
Epoch 81 | accuracy 92.486%
Epoch 83 | accuracy 92.529%
Epoch 141 | accuracy 92.639%
Epoch 150 | accuracy 92.661%
Epoch 159 | accuracy 92.726%
Epoch 167 | accuracy 92.792%
Epoch 197 | accuracy 92.879%
Epoch 282 | accuracy 92.923%
Stopped early with patience 100
Using 100% of the dataset.
50% of the training data will be original, the rest augmented.
The geometric parameter is 0.8.
3.571 s/it
Epoch 0 | accuracy 70.358%
Epoch 1 | accuracy 82.569%
Epoch 2 | accuracy 83.748%
Epoch 3 | accuracy 85.714%
Epoch 4 | accuracy 86.938%
Epoch 6 | accuracy 88.117%
Epoch 7 | accuracy 88.314%
Epoch 8 | accuracy 88.467%
Epoch 9 | accuracy 89.035%
Epoch 10 | accuracy 89.581%
Epoch 11 | accuracy 89.843%
Epoch 13 | accuracy 90.039%
Epoch 14 | accuracy 90.498%
Epoch 16 | accuracy 90.695%
Epoch 17 | accuracy 91.197%
Epoch 18 | accuracy 91.35%
Epoch 23 | accuracy 91.568%
Epoch 26 | accuracy 91.94%
Epoch 32 | accuracy 92.049%
Epoch 36 | accuracy 92.158%
Epoch 37 | accuracy 92.398%
Epoch 50 | accuracy 92.442%
Epoch 123 | accuracy 92.464%
Epoch 129 | accuracy 92.573%
Stopped early with patience 100
Using 100% of the dataset.
50% of the training data will be original, the rest augmented.
The geometric parameter is 0.9.
3.392 s/it
Epoch 0 | accuracy 78.266%
Epoch 1 | accuracy 82.372%
Epoch 2 | accuracy 84.338%
Epoch 3 | accuracy 85.802%
Epoch 4 | accuracy 86.326%
Epoch 5 | accuracy 86.654%
Epoch 6 | accuracy 87.593%
Epoch 8 | accuracy 88.51%
Epoch 9 | accuracy 89.537%
Epoch 10 | accuracy 89.865%
Epoch 13 | accuracy 90.127%
Epoch 14 | accuracy 90.52%
Epoch 16 | accuracy 90.979%
Epoch 18 | accuracy 91.197%
Epoch 20 | accuracy 91.394%
Epoch 21 | accuracy 91.459%
Epoch 23 | accuracy 91.525%
Epoch 24 | accuracy 91.678%
Epoch 25 | accuracy 91.765%
Epoch 26 | accuracy 92.005%
Epoch 28 | accuracy 92.377%
Epoch 35 | accuracy 92.398%
Epoch 36 | accuracy 92.529%
Epoch 63 | accuracy 92.551%
Epoch 71 | accuracy 92.639%
Epoch 84 | accuracy 92.682%
Epoch 126 | accuracy 92.704%
Epoch 129 | accuracy 92.726%
Epoch 142 | accuracy 92.77%
Epoch 184 | accuracy 92.792%
Stopped early with patience 100
Using 100% of the dataset.
33% of the training data will be original, the rest augmented.
The geometric parameter is 0.3.
3.421 s/it
Epoch 0 | accuracy 77.96%
Epoch 1 | accuracy 82.023%
Epoch 2 | accuracy 83.508%
Epoch 3 | accuracy 84.273%
Epoch 4 | accuracy 85.365%
Epoch 5 | accuracy 86.348%
Epoch 6 | accuracy 87.571%
Epoch 10 | accuracy 89.297%
Epoch 11 | accuracy 89.318%
Epoch 12 | accuracy 89.93%
Epoch 14 | accuracy 90.629%
Epoch 15 | accuracy 90.76%
Epoch 18 | accuracy 91.088%
Epoch 20 | accuracy 91.197%
Epoch 25 | accuracy 91.547%
Epoch 29 | accuracy 91.656%
Epoch 33 | accuracy 91.678%
Epoch 34 | accuracy 91.743%
Epoch 36 | accuracy 92.049%
Epoch 41 | accuracy 92.071%
Epoch 46 | accuracy 92.224%
Epoch 47 | accuracy 92.42%
Epoch 56 | accuracy 92.442%
Epoch 68 | accuracy 92.551%
Epoch 96 | accuracy 92.617%
Stopped early with patience 100
Using 100% of the dataset.
33% of the training data will be original, the rest augmented.
The geometric parameter is 0.5.
3.252 s/it
Epoch 0 | accuracy 78.571%
Epoch 1 | accuracy 82.569%
Epoch 2 | accuracy 84.928%
Epoch 3 | accuracy 85.321%
Epoch 5 | accuracy 86.806%
Epoch 6 | accuracy 87.658%
Epoch 7 | accuracy 88.161%
Epoch 8 | accuracy 89.013%
Epoch 11 | accuracy 89.93%
Epoch 14 | accuracy 90.607%
Epoch 16 | accuracy 90.804%
Epoch 18 | accuracy 90.848%
Epoch 23 | accuracy 91.35%
Epoch 25 | accuracy 91.787%
Epoch 26 | accuracy 91.809%
Epoch 29 | accuracy 91.874%
Epoch 33 | accuracy 92.005%
Epoch 34 | accuracy 92.158%
Epoch 35 | accuracy 92.18%
Epoch 48 | accuracy 92.42%
Epoch 79 | accuracy 92.464%
Epoch 80 | accuracy 92.617%
Epoch 163 | accuracy 92.661%
Epoch 185 | accuracy 92.704%
Stopped early with patience 100
Using 100% of the dataset.
33% of the training data will be original, the rest augmented.
The geometric parameter is 0.6.
3.403 s/it
Epoch 0 | accuracy 78.419%
Epoch 1 | accuracy 81.302%
Epoch 2 | accuracy 83.486%
Epoch 3 | accuracy 84.906%
Epoch 5 | accuracy 86.61%
Epoch 6 | accuracy 87.593%
Epoch 8 | accuracy 87.92%
Epoch 9 | accuracy 87.942%
Epoch 10 | accuracy 88.707%
Epoch 11 | accuracy 89.515%
Epoch 13 | accuracy 90.149%
Epoch 14 | accuracy 90.564%
Epoch 17 | accuracy 90.76%
Epoch 18 | accuracy 91.219%
Epoch 21 | accuracy 91.568%
Epoch 23 | accuracy 91.765%
Epoch 24 | accuracy 91.787%
Epoch 28 | accuracy 91.983%
Epoch 36 | accuracy 92.093%
Epoch 37 | accuracy 92.377%
Epoch 70 | accuracy 92.398%
Epoch 81 | accuracy 92.573%
Epoch 91 | accuracy 92.792%
Stopped early with patience 100
Using 100% of the dataset.
33% of the training data will be original, the rest augmented.
The geometric parameter is 0.7.
3.31 s/it
Epoch 0 | accuracy 78.113%
Epoch 1 | accuracy 82.481%
Epoch 2 | accuracy 83.945%
Epoch 3 | accuracy 85.125%
Epoch 4 | accuracy 86.26%
Epoch 5 | accuracy 86.61%
Epoch 6 | accuracy 87.899%
Epoch 7 | accuracy 88.03%
Epoch 8 | accuracy 88.751%
Epoch 9 | accuracy 88.903%
Epoch 10 | accuracy 89.056%
Epoch 11 | accuracy 89.581%
Epoch 12 | accuracy 89.908%
Epoch 15 | accuracy 90.149%
Epoch 16 | accuracy 90.214%
Epoch 18 | accuracy 90.236%
Epoch 20 | accuracy 91.153%
Epoch 23 | accuracy 91.197%
Epoch 27 | accuracy 91.219%
Epoch 30 | accuracy 91.765%
Epoch 35 | accuracy 92.049%
Epoch 56 | accuracy 92.158%
Epoch 70 | accuracy 92.224%
Epoch 81 | accuracy 92.311%
Epoch 109 | accuracy 92.42%
Epoch 115 | accuracy 92.639%
Epoch 158 | accuracy 92.726%
Epoch 207 | accuracy 92.748%
Epoch 222 | accuracy 92.857%
Epoch 246 | accuracy 92.879%
Stopped early with patience 100
Using 100% of the dataset.
33% of the training data will be original, the rest augmented.
The geometric parameter is 0.8.
3.636 s/it
Epoch 0 | accuracy 79.554%
Epoch 1 | accuracy 83.268%
Epoch 2 | accuracy 84.993%
Epoch 3 | accuracy 85.561%
Epoch 4 | accuracy 86.02%
Epoch 6 | accuracy 88.095%
Epoch 7 | accuracy 88.619%
Epoch 8 | accuracy 89.253%
Epoch 9 | accuracy 89.362%
Epoch 10 | accuracy 89.908%
Epoch 13 | accuracy 90.083%
Epoch 14 | accuracy 90.454%
Epoch 16 | accuracy 90.695%
Epoch 18 | accuracy 91.066%
Epoch 19 | accuracy 91.11%
Epoch 21 | accuracy 91.175%
Epoch 22 | accuracy 91.481%
Epoch 25 | accuracy 91.809%
Epoch 29 | accuracy 91.94%
Epoch 34 | accuracy 91.983%
Epoch 35 | accuracy 92.246%
Epoch 40 | accuracy 92.311%
Epoch 45 | accuracy 92.464%
Epoch 101 | accuracy 92.529%
Epoch 102 | accuracy 92.639%
Epoch 130 | accuracy 92.682%
Epoch 142 | accuracy 92.813%
Stopped early with patience 100
Using 100% of the dataset.
33% of the training data will be original, the rest augmented.
The geometric parameter is 0.9.
3.587 s/it
Epoch 0 | accuracy 79.445%
Epoch 1 | accuracy 82.438%
Epoch 2 | accuracy 84.12%
Epoch 3 | accuracy 85.78%
Epoch 4 | accuracy 86.457%
Epoch 5 | accuracy 87.112%
Epoch 6 | accuracy 87.877%
Epoch 7 | accuracy 88.336%
Epoch 8 | accuracy 89.1%
Epoch 10 | accuracy 89.646%
Epoch 11 | accuracy 90.301%
Epoch 12 | accuracy 90.52%
Epoch 13 | accuracy 90.76%
Epoch 15 | accuracy 90.891%
Epoch 19 | accuracy 91.175%
Epoch 22 | accuracy 91.394%
Epoch 24 | accuracy 92.093%
Epoch 32 | accuracy 92.18%
Epoch 36 | accuracy 92.224%
Epoch 46 | accuracy 92.267%
Epoch 50 | accuracy 92.289%
Epoch 51 | accuracy 92.42%
Epoch 61 | accuracy 92.486%
Stopped early with patience 100
Using 100% of the dataset.
20% of the training data will be original, the rest augmented.
The geometric parameter is 0.3.
3.472 s/it
Epoch 0 | accuracy 76.868%
Epoch 1 | accuracy 80.406%
Epoch 2 | accuracy 83.224%
Epoch 3 | accuracy 84.447%
Epoch 4 | accuracy 85.496%
Epoch 5 | accuracy 85.736%
Epoch 6 | accuracy 86.282%
Epoch 7 | accuracy 87.331%
Epoch 9 | accuracy 88.292%
Epoch 10 | accuracy 89.297%
Epoch 11 | accuracy 89.69%
Epoch 13 | accuracy 89.93%
Epoch 14 | accuracy 90.258%
Epoch 15 | accuracy 90.673%
Epoch 19 | accuracy 91.394%
Epoch 21 | accuracy 91.459%
Epoch 29 | accuracy 91.568%
Epoch 30 | accuracy 91.59%
Epoch 34 | accuracy 91.83%
Epoch 51 | accuracy 91.896%
Epoch 56 | accuracy 91.94%
Epoch 60 | accuracy 92.071%
Epoch 73 | accuracy 92.246%
Epoch 86 | accuracy 92.398%
Epoch 94 | accuracy 92.464%
Epoch 137 | accuracy 92.508%
Epoch 164 | accuracy 92.639%
Epoch 175 | accuracy 92.682%
Epoch 190 | accuracy 92.704%
Epoch 278 | accuracy 92.77%
Stopped early with patience 100
Using 100% of the dataset.
20% of the training data will be original, the rest augmented.
The geometric parameter is 0.5.
3.517 s/it
Epoch 0 | accuracy 79.38%
Epoch 1 | accuracy 81.367%
Epoch 2 | accuracy 82.591%
Epoch 3 | accuracy 84.054%
Epoch 4 | accuracy 85.671%
Epoch 5 | accuracy 85.911%
Epoch 6 | accuracy 86.719%
Epoch 7 | accuracy 87.331%
Epoch 8 | accuracy 88.008%
Epoch 9 | accuracy 88.554%
Epoch 10 | accuracy 88.969%
Epoch 11 | accuracy 89.45%
Epoch 12 | accuracy 90.149%
Epoch 17 | accuracy 90.236%
Epoch 19 | accuracy 91.197%
Epoch 21 | accuracy 91.35%
Epoch 29 | accuracy 91.459%
Epoch 30 | accuracy 91.852%
Epoch 47 | accuracy 91.874%
Epoch 51 | accuracy 91.918%
Epoch 54 | accuracy 91.983%
Epoch 63 | accuracy 92.114%
Epoch 76 | accuracy 92.18%
Epoch 83 | accuracy 92.202%
Epoch 93 | accuracy 92.267%
Epoch 99 | accuracy 92.377%
Epoch 101 | accuracy 92.442%
Epoch 122 | accuracy 92.464%
Epoch 162 | accuracy 92.923%
Stopped early with patience 100
Using 100% of the dataset.
20% of the training data will be original, the rest augmented.
The geometric parameter is 0.6.
3.448 s/it
Epoch 0 | accuracy 78.702%
Epoch 1 | accuracy 81.433%
Epoch 2 | accuracy 84.032%
Epoch 3 | accuracy 84.316%
Epoch 4 | accuracy 86.501%
Epoch 5 | accuracy 87.331%
Epoch 7 | accuracy 88.641%
Epoch 8 | accuracy 88.816%
Epoch 9 | accuracy 89.646%
Epoch 11 | accuracy 90.017%
Epoch 12 | accuracy 90.411%
Epoch 13 | accuracy 90.76%
Epoch 14 | accuracy 90.935%
Epoch 15 | accuracy 91.022%
Epoch 18 | accuracy 91.263%
Epoch 20 | accuracy 91.394%
Epoch 21 | accuracy 91.852%
Epoch 27 | accuracy 91.962%
Epoch 29 | accuracy 92.027%
Epoch 32 | accuracy 92.049%
Epoch 33 | accuracy 92.333%
Epoch 46 | accuracy 92.377%
Epoch 63 | accuracy 92.508%
Epoch 81 | accuracy 92.551%
Epoch 104 | accuracy 92.661%
Epoch 126 | accuracy 92.748%
Stopped early with patience 100
Using 100% of the dataset.
20% of the training data will be original, the rest augmented.
The geometric parameter is 0.7.
3.564 s/it
Epoch 0 | accuracy 78.419%
Epoch 1 | accuracy 81.215%
Epoch 2 | accuracy 83.399%
Epoch 3 | accuracy 84.688%
Epoch 4 | accuracy 85.168%
Epoch 5 | accuracy 86.741%
Epoch 6 | accuracy 86.916%
Epoch 7 | accuracy 87.593%
Epoch 9 | accuracy 88.488%
Epoch 10 | accuracy 89.45%
Epoch 12 | accuracy 89.952%
Epoch 14 | accuracy 90.476%
Epoch 18 | accuracy 90.651%
Epoch 19 | accuracy 90.979%
Epoch 20 | accuracy 91.306%
Epoch 23 | accuracy 91.481%
Epoch 27 | accuracy 91.59%
Epoch 28 | accuracy 91.787%
Epoch 29 | accuracy 91.809%
Epoch 30 | accuracy 91.94%
Epoch 38 | accuracy 92.071%
Epoch 41 | accuracy 92.093%
Epoch 46 | accuracy 92.289%
Epoch 67 | accuracy 92.442%
Epoch 75 | accuracy 92.748%
Stopped early with patience 100
Using 100% of the dataset.
20% of the training data will be original, the rest augmented.
The geometric parameter is 0.8.
3.525 s/it
Epoch 0 | accuracy 79.03%
Epoch 1 | accuracy 82.569%
Epoch 3 | accuracy 84.972%
Epoch 4 | accuracy 85.037%
Epoch 5 | accuracy 86.61%
Epoch 6 | accuracy 87.505%
Epoch 7 | accuracy 88.008%
Epoch 8 | accuracy 88.576%
Epoch 9 | accuracy 88.991%
Epoch 11 | accuracy 90.083%
Epoch 15 | accuracy 90.52%
Epoch 17 | accuracy 90.738%
Epoch 19 | accuracy 90.935%
Epoch 20 | accuracy 91.0%
Epoch 23 | accuracy 91.241%
Epoch 25 | accuracy 91.328%
Epoch 26 | accuracy 91.568%
Epoch 29 | accuracy 91.809%
Epoch 30 | accuracy 91.962%
Epoch 36 | accuracy 92.071%
Epoch 56 | accuracy 92.333%
Epoch 75 | accuracy 92.398%
Epoch 84 | accuracy 92.508%
Epoch 117 | accuracy 92.617%
Epoch 138 | accuracy 92.639%
Epoch 168 | accuracy 92.835%
Stopped early with patience 100
Using 100% of the dataset.
20% of the training data will be original, the rest augmented.
The geometric parameter is 0.9.
3.616 s/it
Epoch 0 | accuracy 77.545%
Epoch 1 | accuracy 81.695%
Epoch 2 | accuracy 84.578%
Epoch 3 | accuracy 85.19%
Epoch 4 | accuracy 86.37%
Epoch 6 | accuracy 87.637%
Epoch 8 | accuracy 88.336%
Epoch 10 | accuracy 89.34%
Epoch 11 | accuracy 89.45%
Epoch 12 | accuracy 90.127%
Epoch 13 | accuracy 90.389%
Epoch 14 | accuracy 90.542%
Epoch 17 | accuracy 90.826%
Epoch 18 | accuracy 91.022%
Epoch 19 | accuracy 91.131%
Epoch 21 | accuracy 91.59%
Epoch 26 | accuracy 91.852%
Epoch 31 | accuracy 91.983%
Epoch 36 | accuracy 92.486%
Epoch 56 | accuracy 92.573%
Epoch 108 | accuracy 92.639%
Epoch 206 | accuracy 92.726%
Stopped early with patience 100
Using 100% of the dataset.
11% of the training data will be original, the rest augmented.
The geometric parameter is 0.3.
3.659 s/it
Epoch 0 | accuracy 75.972%
Epoch 1 | accuracy 80.341%
Epoch 2 | accuracy 82.263%
Epoch 3 | accuracy 83.53%
Epoch 4 | accuracy 85.19%
Epoch 5 | accuracy 85.867%
Epoch 6 | accuracy 86.239%
Epoch 7 | accuracy 87.069%
Epoch 8 | accuracy 87.658%
Epoch 9 | accuracy 88.707%
Epoch 12 | accuracy 88.903%
Epoch 13 | accuracy 90.214%
Epoch 16 | accuracy 90.345%
Epoch 17 | accuracy 90.716%
Epoch 18 | accuracy 90.826%
Epoch 21 | accuracy 91.306%
Epoch 25 | accuracy 91.59%
Epoch 33 | accuracy 91.634%
Epoch 34 | accuracy 91.656%
Epoch 40 | accuracy 91.787%
Epoch 45 | accuracy 92.114%
Epoch 53 | accuracy 92.267%
Epoch 98 | accuracy 92.289%
Epoch 106 | accuracy 92.377%
Epoch 118 | accuracy 92.442%
Epoch 132 | accuracy 92.639%
Epoch 173 | accuracy 92.77%
Stopped early with patience 100
Using 100% of the dataset.
11% of the training data will be original, the rest augmented.
The geometric parameter is 0.5.
3.661 s/it
Epoch 0 | accuracy 78.135%
Epoch 1 | accuracy 80.843%
Epoch 2 | accuracy 82.744%
Epoch 3 | accuracy 83.967%
Epoch 4 | accuracy 85.408%
Epoch 5 | accuracy 85.605%
Epoch 6 | accuracy 86.806%
Epoch 7 | accuracy 87.549%
Epoch 9 | accuracy 87.811%
Epoch 10 | accuracy 89.384%
Epoch 13 | accuracy 89.93%
Epoch 14 | accuracy 90.17%
Epoch 15 | accuracy 90.52%
Epoch 18 | accuracy 90.957%
Epoch 21 | accuracy 91.088%
Epoch 22 | accuracy 91.219%
Epoch 29 | accuracy 91.59%
Epoch 33 | accuracy 91.918%
Epoch 34 | accuracy 92.027%
Epoch 47 | accuracy 92.18%
Epoch 52 | accuracy 92.529%
Epoch 110 | accuracy 92.617%
Stopped early with patience 100
Using 100% of the dataset.
11% of the training data will be original, the rest augmented.
The geometric parameter is 0.6.
3.638 s/it
Epoch 0 | accuracy 79.838%
Epoch 1 | accuracy 82.154%
Epoch 2 | accuracy 84.862%
Epoch 3 | accuracy 85.583%
Epoch 4 | accuracy 86.435%
Epoch 5 | accuracy 86.894%
Epoch 6 | accuracy 86.959%
Epoch 7 | accuracy 87.92%
Epoch 8 | accuracy 88.838%
Epoch 11 | accuracy 89.755%
Epoch 13 | accuracy 89.886%
Epoch 15 | accuracy 90.323%
Epoch 16 | accuracy 90.585%
Epoch 20 | accuracy 90.782%
Epoch 21 | accuracy 90.935%
Epoch 22 | accuracy 91.11%
Epoch 27 | accuracy 91.678%
Epoch 34 | accuracy 91.874%
Epoch 39 | accuracy 91.94%
Epoch 40 | accuracy 92.136%
Epoch 45 | accuracy 92.158%
Epoch 47 | accuracy 92.18%
Epoch 49 | accuracy 92.224%
Epoch 51 | accuracy 92.267%
Epoch 57 | accuracy 92.311%
Epoch 69 | accuracy 92.398%
Epoch 81 | accuracy 92.486%
Epoch 83 | accuracy 92.617%
Epoch 122 | accuracy 92.661%
Epoch 149 | accuracy 92.726%
Epoch 152 | accuracy 92.748%
Epoch 154 | accuracy 92.857%
Epoch 172 | accuracy 92.966%
Epoch 253 | accuracy 93.01%
Epoch 258 | accuracy 93.054%
Epoch 262 | accuracy 93.076%
Epoch 360 | accuracy 93.185%
Stopped early with patience 100
Using 100% of the dataset.
11% of the training data will be original, the rest augmented.
The geometric parameter is 0.7.
3.754 s/it
Epoch 0 | accuracy 77.392%
Epoch 1 | accuracy 82.023%
Epoch 2 | accuracy 83.879%
Epoch 3 | accuracy 85.256%
Epoch 4 | accuracy 86.391%
Epoch 5 | accuracy 87.134%
Epoch 6 | accuracy 87.637%
Epoch 7 | accuracy 88.139%
Epoch 8 | accuracy 88.423%
Epoch 10 | accuracy 89.253%
Epoch 11 | accuracy 89.537%
Epoch 12 | accuracy 90.017%
Epoch 14 | accuracy 90.629%
Epoch 15 | accuracy 90.848%
Epoch 16 | accuracy 91.153%
Epoch 22 | accuracy 91.481%
Epoch 27 | accuracy 91.612%
Epoch 29 | accuracy 91.656%
Epoch 31 | accuracy 91.787%
Epoch 34 | accuracy 91.852%
Epoch 44 | accuracy 91.918%
Epoch 45 | accuracy 91.962%
Epoch 46 | accuracy 91.983%
Epoch 50 | accuracy 92.246%
Epoch 64 | accuracy 92.486%
Epoch 78 | accuracy 92.529%
Epoch 84 | accuracy 92.573%
Epoch 120 | accuracy 92.813%
Stopped early with patience 100
Using 100% of the dataset.
11% of the training data will be original, the rest augmented.
The geometric parameter is 0.8.
3.707 s/it
Epoch 0 | accuracy 79.423%
Epoch 1 | accuracy 80.035%
Epoch 2 | accuracy 84.644%
Epoch 4 | accuracy 86.217%
Epoch 6 | accuracy 87.287%
Epoch 7 | accuracy 87.942%
Epoch 8 | accuracy 88.27%
Epoch 9 | accuracy 88.663%
Epoch 10 | accuracy 89.515%
Epoch 11 | accuracy 89.799%
Epoch 15 | accuracy 90.367%
Epoch 16 | accuracy 90.389%
Epoch 17 | accuracy 90.476%
Epoch 18 | accuracy 90.52%
Epoch 19 | accuracy 90.957%
Epoch 25 | accuracy 91.241%
Epoch 29 | accuracy 91.394%
Epoch 31 | accuracy 91.459%
Epoch 32 | accuracy 91.699%
Epoch 36 | accuracy 91.94%
Epoch 44 | accuracy 91.962%
Epoch 53 | accuracy 92.267%
Epoch 93 | accuracy 92.289%
Epoch 94 | accuracy 92.508%
Epoch 108 | accuracy 92.661%
Epoch 133 | accuracy 92.682%
Epoch 137 | accuracy 92.857%
Stopped early with patience 100
Using 100% of the dataset.
11% of the training data will be original, the rest augmented.
The geometric parameter is 0.9.
3.75 s/it
Epoch 0 | accuracy 78.834%
Epoch 1 | accuracy 80.603%
Epoch 2 | accuracy 83.443%
Epoch 3 | accuracy 84.797%
Epoch 4 | accuracy 85.758%
Epoch 5 | accuracy 87.003%
Epoch 7 | accuracy 88.357%
Epoch 8 | accuracy 89.056%
Epoch 10 | accuracy 89.821%
Epoch 13 | accuracy 89.843%
Epoch 15 | accuracy 90.433%
Epoch 16 | accuracy 90.913%
Epoch 18 | accuracy 91.131%
Epoch 23 | accuracy 91.219%
Epoch 24 | accuracy 91.35%
Epoch 26 | accuracy 91.415%
Epoch 29 | accuracy 91.612%
Epoch 30 | accuracy 91.678%
Epoch 31 | accuracy 91.699%
Epoch 34 | accuracy 91.809%
Epoch 35 | accuracy 92.093%
Epoch 44 | accuracy 92.246%
Epoch 73 | accuracy 92.377%
Epoch 81 | accuracy 92.398%
Epoch 86 | accuracy 92.573%
Epoch 142 | accuracy 92.639%
Epoch 187 | accuracy 92.77%
Epoch 199 | accuracy 92.792%
Epoch 227 | accuracy 92.835%
Stopped early with patience 100
Using 100% of the dataset.
5% of the training data will be original, the rest augmented.
The geometric parameter is 0.3.
3.778 s/it
Epoch 0 | accuracy 74.814%
Epoch 1 | accuracy 80.122%
Epoch 2 | accuracy 82.722%
Epoch 3 | accuracy 84.207%
Epoch 4 | accuracy 85.343%
Epoch 5 | accuracy 85.496%
Epoch 6 | accuracy 86.195%
Epoch 7 | accuracy 87.724%
Epoch 8 | accuracy 88.008%
Epoch 9 | accuracy 88.488%
Epoch 10 | accuracy 88.532%
Epoch 11 | accuracy 89.013%
Epoch 12 | accuracy 90.083%
Epoch 16 | accuracy 90.192%
Epoch 18 | accuracy 90.214%
Epoch 21 | accuracy 90.782%
Epoch 23 | accuracy 90.935%
Epoch 24 | accuracy 91.088%
Epoch 30 | accuracy 91.306%
Epoch 33 | accuracy 91.437%
Epoch 37 | accuracy 91.459%
Epoch 42 | accuracy 91.59%
Epoch 43 | accuracy 91.721%
Epoch 48 | accuracy 91.896%
Epoch 49 | accuracy 91.94%
Epoch 53 | accuracy 92.071%
Epoch 54 | accuracy 92.246%
Epoch 76 | accuracy 92.289%
Epoch 85 | accuracy 92.355%
Epoch 91 | accuracy 92.398%
Epoch 131 | accuracy 92.42%
Epoch 132 | accuracy 92.464%
Epoch 153 | accuracy 92.508%
Epoch 155 | accuracy 92.573%
Stopped early with patience 100
Using 100% of the dataset.
5% of the training data will be original, the rest augmented.
The geometric parameter is 0.5.
3.709 s/it
Epoch 0 | accuracy 79.183%
Epoch 1 | accuracy 82.547%
Epoch 2 | accuracy 84.404%
Epoch 3 | accuracy 85.168%
Epoch 4 | accuracy 86.326%
Epoch 5 | accuracy 86.588%
Epoch 6 | accuracy 88.03%
Epoch 7 | accuracy 88.445%
Epoch 8 | accuracy 88.969%
Epoch 10 | accuracy 89.428%
Epoch 12 | accuracy 89.886%
Epoch 13 | accuracy 90.826%
Epoch 16 | accuracy 90.848%
Epoch 17 | accuracy 90.957%
Epoch 19 | accuracy 91.35%
Epoch 27 | accuracy 91.415%
Epoch 29 | accuracy 91.874%
Epoch 38 | accuracy 91.94%
Epoch 39 | accuracy 92.005%
Epoch 52 | accuracy 92.114%
Epoch 75 | accuracy 92.158%
Epoch 78 | accuracy 92.289%
Epoch 96 | accuracy 92.311%
Epoch 121 | accuracy 92.42%
Epoch 135 | accuracy 92.529%
Stopped early with patience 100
Using 100% of the dataset.
5% of the training data will be original, the rest augmented.
The geometric parameter is 0.6.
3.689 s/it
Epoch 0 | accuracy 78.702%
Epoch 1 | accuracy 81.782%
Epoch 2 | accuracy 84.032%
Epoch 3 | accuracy 85.277%
Epoch 4 | accuracy 85.452%
Epoch 5 | accuracy 86.217%
Epoch 6 | accuracy 87.702%
Epoch 7 | accuracy 88.445%
Epoch 8 | accuracy 88.729%
Epoch 9 | accuracy 89.624%
Epoch 10 | accuracy 89.712%
Epoch 11 | accuracy 89.865%
Epoch 12 | accuracy 90.564%
Epoch 15 | accuracy 90.651%
Epoch 17 | accuracy 91.197%
Epoch 23 | accuracy 91.263%
Epoch 28 | accuracy 91.35%
Epoch 29 | accuracy 91.372%
Epoch 30 | accuracy 91.568%
Epoch 34 | accuracy 91.874%
Epoch 36 | accuracy 92.005%
Epoch 37 | accuracy 92.246%
Epoch 38 | accuracy 92.289%
Epoch 44 | accuracy 92.595%
Epoch 69 | accuracy 92.639%
Epoch 124 | accuracy 92.77%
Epoch 131 | accuracy 92.879%
Epoch 232 | accuracy 92.966%
Epoch 236 | accuracy 92.988%
Epoch 242 | accuracy 93.032%
Epoch 248 | accuracy 93.076%
Epoch 266 | accuracy 93.119%
Stopped early with patience 100
Using 100% of the dataset.
5% of the training data will be original, the rest augmented.
The geometric parameter is 0.7.
3.726 s/it
Epoch 0 | accuracy 78.855%
Epoch 1 | accuracy 81.913%
Epoch 2 | accuracy 84.142%
Epoch 3 | accuracy 84.753%
Epoch 4 | accuracy 86.064%
Epoch 5 | accuracy 86.719%
Epoch 6 | accuracy 87.505%
Epoch 7 | accuracy 88.336%
Epoch 9 | accuracy 88.379%
Epoch 11 | accuracy 89.668%
Epoch 12 | accuracy 89.777%
Epoch 13 | accuracy 90.585%
Epoch 14 | accuracy 90.607%
Epoch 15 | accuracy 91.0%
Epoch 19 | accuracy 91.568%
Epoch 28 | accuracy 92.027%
Epoch 36 | accuracy 92.071%
Epoch 41 | accuracy 92.377%
Epoch 60 | accuracy 92.398%
Epoch 72 | accuracy 92.486%
Epoch 79 | accuracy 92.617%
Epoch 80 | accuracy 92.726%
Epoch 171 | accuracy 92.748%
Epoch 178 | accuracy 92.879%
Epoch 230 | accuracy 92.901%
Epoch 233 | accuracy 93.054%
Stopped early with patience 100
Using 100% of the dataset.
5% of the training data will be original, the rest augmented.
The geometric parameter is 0.8.
3.712 s/it
Epoch 0 | accuracy 77.37%
Epoch 1 | accuracy 82.896%
Epoch 2 | accuracy 84.731%
Epoch 4 | accuracy 85.976%
Epoch 5 | accuracy 86.959%
Epoch 6 | accuracy 87.156%
Epoch 7 | accuracy 87.178%
Epoch 8 | accuracy 88.467%
Epoch 9 | accuracy 89.144%
Epoch 10 | accuracy 89.602%
Epoch 12 | accuracy 89.69%
Epoch 13 | accuracy 89.712%
Epoch 14 | accuracy 90.345%
Epoch 16 | accuracy 90.826%
Epoch 17 | accuracy 90.848%
Epoch 21 | accuracy 91.044%
Epoch 23 | accuracy 91.459%
Epoch 24 | accuracy 91.678%
Epoch 28 | accuracy 91.699%
Epoch 30 | accuracy 91.809%
Epoch 31 | accuracy 92.027%
Epoch 39 | accuracy 92.136%
Epoch 41 | accuracy 92.377%
Epoch 46 | accuracy 92.464%
Epoch 54 | accuracy 92.508%
Epoch 69 | accuracy 92.639%
Epoch 85 | accuracy 92.661%
Epoch 91 | accuracy 92.835%
Epoch 93 | accuracy 92.901%
Epoch 189 | accuracy 92.966%
Stopped early with patience 100
Using 100% of the dataset.
5% of the training data will be original, the rest augmented.
The geometric parameter is 0.9.
3.713 s/it
Epoch 0 | accuracy 77.676%
Epoch 1 | accuracy 82.197%
Epoch 2 | accuracy 82.329%
Epoch 3 | accuracy 85.168%
Epoch 4 | accuracy 86.086%
Epoch 5 | accuracy 86.981%
Epoch 6 | accuracy 87.658%
Epoch 7 | accuracy 88.532%
Epoch 8 | accuracy 88.947%
Epoch 9 | accuracy 89.209%
Epoch 11 | accuracy 89.799%
Epoch 14 | accuracy 90.083%
Epoch 15 | accuracy 90.542%
Epoch 18 | accuracy 91.197%
Epoch 20 | accuracy 91.481%
Epoch 30 | accuracy 91.699%
Epoch 31 | accuracy 91.83%
Epoch 33 | accuracy 91.94%
Epoch 40 | accuracy 91.962%
Epoch 41 | accuracy 92.224%
Epoch 88 | accuracy 92.42%
Epoch 111 | accuracy 92.442%
Epoch 198 | accuracy 92.464%
Epoch 224 | accuracy 92.529%
Epoch 259 | accuracy 92.573%
Epoch 345 | accuracy 92.595%
Epoch 386 | accuracy 92.617%
Epoch 387 | accuracy 92.639%
Epoch 404 | accuracy 92.682%
Epoch 453 | accuracy 92.726%
Epoch 492 | accuracy 92.77%
Stopped early with patience 100
