nohup: ignoring input
Using 2% of the dataset.
50% of the training data will be original, the rest augmented.
The geometric parameter is 0.3.
1.681 s/it
Epoch 0 | accuracy 50.0%
Epoch 8 | accuracy 50.459%
Epoch 9 | accuracy 54.762%
Epoch 10 | accuracy 61.249%
Epoch 11 | accuracy 65.05%
Epoch 12 | accuracy 66.405%
Epoch 13 | accuracy 66.798%
Epoch 14 | accuracy 67.082%
Epoch 15 | accuracy 67.453%
Epoch 16 | accuracy 68.48%
Epoch 17 | accuracy 70.402%
Epoch 18 | accuracy 72.193%
Epoch 19 | accuracy 72.586%
Epoch 20 | accuracy 72.827%
Epoch 21 | accuracy 73.482%
Epoch 25 | accuracy 73.875%
Epoch 26 | accuracy 74.399%
Epoch 27 | accuracy 74.727%
Epoch 28 | accuracy 74.945%
Epoch 29 | accuracy 75.36%
Epoch 30 | accuracy 75.601%
Epoch 32 | accuracy 75.972%
Epoch 33 | accuracy 76.169%
Epoch 38 | accuracy 76.453%
Epoch 44 | accuracy 76.584%
Epoch 48 | accuracy 76.606%
Epoch 49 | accuracy 76.715%
Epoch 61 | accuracy 77.326%
Epoch 68 | accuracy 77.479%
Epoch 75 | accuracy 77.851%
Epoch 79 | accuracy 78.135%
Epoch 82 | accuracy 78.222%
Epoch 91 | accuracy 78.331%
Epoch 96 | accuracy 78.462%
Epoch 97 | accuracy 78.637%
Epoch 109 | accuracy 78.724%
Epoch 122 | accuracy 78.855%
Epoch 128 | accuracy 78.877%
Epoch 222 | accuracy 78.899%
Epoch 229 | accuracy 79.249%
Epoch 233 | accuracy 79.27%
Epoch 325 | accuracy 79.358%
Epoch 353 | accuracy 79.423%
Epoch 354 | accuracy 79.467%
Epoch 356 | accuracy 79.707%
Epoch 401 | accuracy 79.926%
Epoch 426 | accuracy 79.991%
Epoch 428 | accuracy 80.188%
Epoch 474 | accuracy 80.21%
Stopped early with patience 100
Using 2% of the dataset.
50% of the training data will be original, the rest augmented.
The geometric parameter is 0.5.
1.738 s/it
Epoch 0 | accuracy 50.0%
Epoch 8 | accuracy 50.022%
Epoch 9 | accuracy 53.91%
Epoch 10 | accuracy 62.582%
Epoch 11 | accuracy 68.065%
Epoch 12 | accuracy 71.276%
Epoch 13 | accuracy 72.63%
Epoch 14 | accuracy 73.067%
Epoch 24 | accuracy 73.504%
Epoch 25 | accuracy 73.657%
Epoch 26 | accuracy 73.766%
Epoch 27 | accuracy 74.29%
Epoch 28 | accuracy 74.836%
Epoch 29 | accuracy 75.448%
Epoch 30 | accuracy 75.644%
Epoch 31 | accuracy 75.994%
Epoch 32 | accuracy 76.409%
Epoch 35 | accuracy 76.911%
Epoch 36 | accuracy 77.021%
Epoch 37 | accuracy 77.086%
Epoch 40 | accuracy 77.37%
Epoch 41 | accuracy 77.676%
Epoch 42 | accuracy 77.698%
Epoch 56 | accuracy 77.741%
Epoch 57 | accuracy 77.894%
Epoch 66 | accuracy 78.331%
Epoch 70 | accuracy 78.55%
Epoch 71 | accuracy 78.571%
Epoch 119 | accuracy 78.615%
Epoch 173 | accuracy 78.724%
Epoch 174 | accuracy 78.834%
Epoch 190 | accuracy 78.855%
Epoch 192 | accuracy 78.986%
Epoch 195 | accuracy 79.249%
Epoch 246 | accuracy 79.38%
Stopped early with patience 100
Using 2% of the dataset.
50% of the training data will be original, the rest augmented.
The geometric parameter is 0.6.
1.814 s/it
Epoch 0 | accuracy 50.0%
Epoch 7 | accuracy 50.131%
Epoch 8 | accuracy 54.893%
Epoch 9 | accuracy 63.106%
Epoch 10 | accuracy 69.987%
Epoch 11 | accuracy 71.56%
Epoch 25 | accuracy 72.171%
Epoch 27 | accuracy 72.302%
Epoch 28 | accuracy 73.46%
Epoch 29 | accuracy 73.504%
Epoch 30 | accuracy 73.657%
Epoch 31 | accuracy 75.579%
Epoch 32 | accuracy 75.623%
Epoch 33 | accuracy 75.863%
Epoch 34 | accuracy 76.038%
Epoch 35 | accuracy 76.627%
Epoch 36 | accuracy 76.824%
Epoch 37 | accuracy 77.108%
Epoch 40 | accuracy 77.261%
Epoch 41 | accuracy 77.414%
Epoch 43 | accuracy 77.698%
Epoch 45 | accuracy 77.72%
Epoch 46 | accuracy 77.763%
Epoch 47 | accuracy 77.829%
Epoch 49 | accuracy 77.938%
Epoch 53 | accuracy 78.003%
Epoch 66 | accuracy 78.462%
Epoch 68 | accuracy 78.877%
Epoch 72 | accuracy 79.292%
Epoch 74 | accuracy 79.336%
Epoch 109 | accuracy 79.423%
Epoch 114 | accuracy 79.445%
Epoch 121 | accuracy 79.642%
Epoch 122 | accuracy 79.685%
Epoch 123 | accuracy 79.773%
Epoch 125 | accuracy 79.817%
Epoch 131 | accuracy 79.838%
Epoch 141 | accuracy 79.882%
Stopped early with patience 100
Using 2% of the dataset.
50% of the training data will be original, the rest augmented.
The geometric parameter is 0.7.
1.849 s/it
Epoch 0 | accuracy 50.0%
Epoch 5 | accuracy 52.687%
Epoch 6 | accuracy 58.759%
Epoch 7 | accuracy 66.863%
Epoch 8 | accuracy 69.703%
Epoch 9 | accuracy 70.096%
Epoch 12 | accuracy 70.293%
Epoch 13 | accuracy 70.533%
Epoch 14 | accuracy 71.909%
Epoch 15 | accuracy 72.783%
Epoch 16 | accuracy 73.242%
Epoch 25 | accuracy 73.591%
Epoch 26 | accuracy 73.788%
Epoch 27 | accuracy 74.596%
Epoch 29 | accuracy 75.601%
Epoch 33 | accuracy 75.666%
Epoch 35 | accuracy 75.841%
Epoch 37 | accuracy 76.234%
Epoch 41 | accuracy 76.627%
Epoch 45 | accuracy 76.977%
Epoch 51 | accuracy 77.021%
Epoch 53 | accuracy 77.501%
Epoch 58 | accuracy 77.698%
Epoch 60 | accuracy 77.872%
Epoch 65 | accuracy 77.916%
Epoch 66 | accuracy 78.091%
Epoch 67 | accuracy 78.113%
Epoch 85 | accuracy 78.266%
Epoch 94 | accuracy 78.506%
Epoch 103 | accuracy 78.681%
Epoch 121 | accuracy 78.812%
Epoch 140 | accuracy 78.899%
Epoch 225 | accuracy 78.943%
Epoch 295 | accuracy 79.008%
Epoch 302 | accuracy 79.096%
Epoch 341 | accuracy 79.183%
Epoch 358 | accuracy 79.205%
Epoch 398 | accuracy 79.227%
Epoch 475 | accuracy 79.511%
Epoch 476 | accuracy 79.642%
Epoch 478 | accuracy 79.751%
Epoch 521 | accuracy 79.795%
Epoch 522 | accuracy 79.817%
Epoch 528 | accuracy 79.838%
Epoch 529 | accuracy 80.035%
Epoch 537 | accuracy 80.057%
Epoch 539 | accuracy 80.079%
Epoch 540 | accuracy 80.1%
Epoch 566 | accuracy 80.122%
Epoch 604 | accuracy 80.188%
Epoch 611 | accuracy 80.625%
Stopped early with patience 100
Using 2% of the dataset.
50% of the training data will be original, the rest augmented.
The geometric parameter is 0.8.
1.859 s/it
Epoch 0 | accuracy 49.978%
Epoch 1 | accuracy 50.087%
Epoch 2 | accuracy 50.677%
Epoch 3 | accuracy 52.621%
Epoch 4 | accuracy 60.965%
Epoch 5 | accuracy 67.934%
Epoch 6 | accuracy 70.096%
Epoch 25 | accuracy 71.035%
Epoch 28 | accuracy 72.149%
Epoch 29 | accuracy 73.591%
Epoch 30 | accuracy 75.076%
Epoch 31 | accuracy 75.36%
Epoch 33 | accuracy 75.71%
Epoch 34 | accuracy 75.841%
Epoch 35 | accuracy 76.431%
Epoch 37 | accuracy 76.54%
Epoch 38 | accuracy 76.78%
Epoch 45 | accuracy 77.13%
Epoch 48 | accuracy 77.217%
Epoch 55 | accuracy 77.545%
Epoch 59 | accuracy 77.61%
Epoch 60 | accuracy 77.982%
Epoch 61 | accuracy 78.113%
Epoch 62 | accuracy 78.244%
Epoch 67 | accuracy 78.506%
Epoch 72 | accuracy 78.659%
Epoch 73 | accuracy 78.812%
Epoch 91 | accuracy 78.921%
Epoch 92 | accuracy 79.161%
Epoch 148 | accuracy 79.205%
Epoch 151 | accuracy 79.227%
Epoch 159 | accuracy 79.27%
Epoch 160 | accuracy 79.336%
Epoch 190 | accuracy 79.358%
Epoch 222 | accuracy 79.642%
Epoch 308 | accuracy 79.751%
Epoch 315 | accuracy 79.991%
Stopped early with patience 100
Using 2% of the dataset.
50% of the training data will be original, the rest augmented.
The geometric parameter is 0.9.
1.864 s/it
Epoch 0 | accuracy 50.0%
Epoch 15 | accuracy 51.136%
Epoch 16 | accuracy 58.89%
Epoch 17 | accuracy 67.519%
Epoch 18 | accuracy 70.533%
Epoch 19 | accuracy 72.237%
Epoch 20 | accuracy 73.853%
Epoch 21 | accuracy 74.093%
Epoch 22 | accuracy 74.53%
Epoch 28 | accuracy 74.574%
Epoch 29 | accuracy 74.858%
Epoch 30 | accuracy 75.426%
Epoch 31 | accuracy 75.819%
Epoch 34 | accuracy 76.606%
Epoch 37 | accuracy 76.977%
Epoch 46 | accuracy 77.13%
Epoch 49 | accuracy 77.37%
Epoch 55 | accuracy 77.501%
Epoch 59 | accuracy 77.785%
Epoch 65 | accuracy 77.938%
Epoch 66 | accuracy 78.113%
Epoch 68 | accuracy 78.419%
Epoch 79 | accuracy 78.484%
Epoch 80 | accuracy 78.659%
Epoch 81 | accuracy 78.681%
Epoch 98 | accuracy 78.746%
Epoch 103 | accuracy 78.79%
Stopped early with patience 100
Using 2% of the dataset.
33% of the training data will be original, the rest augmented.
The geometric parameter is 0.3.
1.929 s/it
Epoch 0 | accuracy 50.0%
Epoch 1 | accuracy 50.022%
Epoch 3 | accuracy 53.014%
Epoch 4 | accuracy 61.817%
Epoch 5 | accuracy 68.458%
Epoch 13 | accuracy 68.611%
Epoch 14 | accuracy 69.419%
Epoch 15 | accuracy 69.79%
Epoch 16 | accuracy 70.162%
Epoch 17 | accuracy 70.533%
Epoch 18 | accuracy 70.708%
Epoch 19 | accuracy 70.882%
Epoch 20 | accuracy 71.538%
Epoch 21 | accuracy 72.521%
Epoch 22 | accuracy 73.111%
Epoch 25 | accuracy 73.591%
Epoch 26 | accuracy 73.897%
Epoch 27 | accuracy 73.984%
Epoch 28 | accuracy 74.509%
Epoch 31 | accuracy 74.661%
Epoch 33 | accuracy 75.928%
Epoch 34 | accuracy 75.994%
Epoch 41 | accuracy 76.518%
Epoch 45 | accuracy 76.584%
Epoch 60 | accuracy 76.737%
Epoch 61 | accuracy 76.824%
Epoch 62 | accuracy 77.217%
Epoch 69 | accuracy 77.239%
Epoch 90 | accuracy 77.37%
Epoch 97 | accuracy 77.414%
Epoch 104 | accuracy 77.654%
Epoch 113 | accuracy 77.741%
Epoch 151 | accuracy 77.785%
Epoch 175 | accuracy 77.916%
Epoch 177 | accuracy 78.047%
Epoch 180 | accuracy 78.069%
Epoch 185 | accuracy 78.113%
Epoch 188 | accuracy 78.135%
Epoch 228 | accuracy 78.287%
Epoch 229 | accuracy 78.309%
Epoch 235 | accuracy 78.484%
Epoch 238 | accuracy 78.593%
Epoch 244 | accuracy 78.659%
Epoch 300 | accuracy 78.724%
Epoch 336 | accuracy 78.768%
Epoch 341 | accuracy 79.052%
Stopped early with patience 100
Using 2% of the dataset.
33% of the training data will be original, the rest augmented.
The geometric parameter is 0.5.
1.826 s/it
Epoch 0 | accuracy 50.0%
Epoch 6 | accuracy 50.677%
Epoch 7 | accuracy 56.466%
Epoch 8 | accuracy 63.39%
Epoch 9 | accuracy 67.628%
Epoch 10 | accuracy 69.616%
Epoch 11 | accuracy 70.293%
Epoch 12 | accuracy 70.708%
Epoch 13 | accuracy 71.319%
Epoch 14 | accuracy 71.625%
Epoch 15 | accuracy 71.909%
Epoch 16 | accuracy 72.259%
Epoch 17 | accuracy 72.324%
Epoch 18 | accuracy 72.827%
Epoch 19 | accuracy 73.154%
Epoch 20 | accuracy 73.416%
Epoch 21 | accuracy 73.46%
Epoch 22 | accuracy 73.657%
Epoch 23 | accuracy 73.678%
Epoch 25 | accuracy 74.05%
Epoch 27 | accuracy 74.465%
Epoch 29 | accuracy 74.64%
Epoch 32 | accuracy 75.208%
Epoch 33 | accuracy 75.513%
Epoch 35 | accuracy 75.863%
Epoch 39 | accuracy 76.278%
Epoch 40 | accuracy 76.496%
Epoch 41 | accuracy 76.649%
Epoch 42 | accuracy 76.737%
Epoch 53 | accuracy 77.61%
Epoch 56 | accuracy 77.632%
Epoch 72 | accuracy 77.763%
Epoch 73 | accuracy 77.851%
Epoch 75 | accuracy 78.135%
Epoch 79 | accuracy 78.222%
Epoch 80 | accuracy 78.244%
Epoch 81 | accuracy 78.746%
Epoch 84 | accuracy 78.768%
Epoch 90 | accuracy 78.921%
Epoch 97 | accuracy 79.03%
Epoch 98 | accuracy 79.052%
Epoch 101 | accuracy 79.096%
Epoch 105 | accuracy 79.161%
Epoch 108 | accuracy 79.314%
Epoch 109 | accuracy 79.358%
Epoch 113 | accuracy 79.423%
Epoch 117 | accuracy 79.445%
Epoch 121 | accuracy 79.511%
Epoch 129 | accuracy 79.533%
Epoch 133 | accuracy 79.598%
Stopped early with patience 100
Using 2% of the dataset.
33% of the training data will be original, the rest augmented.
The geometric parameter is 0.6.
1.892 s/it
Epoch 0 | accuracy 50.0%
Epoch 10 | accuracy 50.371%
Epoch 11 | accuracy 52.818%
Epoch 12 | accuracy 55.57%
Epoch 13 | accuracy 58.541%
Epoch 14 | accuracy 62.691%
Epoch 15 | accuracy 65.378%
Epoch 16 | accuracy 68.807%
Epoch 17 | accuracy 72.455%
Epoch 18 | accuracy 74.618%
Epoch 19 | accuracy 75.36%
Epoch 21 | accuracy 75.404%
Epoch 30 | accuracy 76.278%
Epoch 34 | accuracy 76.78%
Epoch 36 | accuracy 77.173%
Epoch 46 | accuracy 77.261%
Epoch 48 | accuracy 77.392%
Epoch 49 | accuracy 77.523%
Epoch 53 | accuracy 77.545%
Epoch 57 | accuracy 77.632%
Epoch 61 | accuracy 77.982%
Epoch 65 | accuracy 78.113%
Epoch 73 | accuracy 78.222%
Epoch 74 | accuracy 78.484%
Epoch 79 | accuracy 78.768%
Epoch 83 | accuracy 78.812%
Epoch 84 | accuracy 78.943%
Epoch 95 | accuracy 79.03%
Epoch 98 | accuracy 79.074%
Epoch 105 | accuracy 79.423%
Epoch 137 | accuracy 79.511%
Epoch 198 | accuracy 79.533%
Epoch 204 | accuracy 79.554%
Epoch 209 | accuracy 79.642%
Epoch 229 | accuracy 79.707%
Epoch 231 | accuracy 79.751%
Epoch 232 | accuracy 79.773%
Stopped early with patience 100
Using 2% of the dataset.
33% of the training data will be original, the rest augmented.
The geometric parameter is 0.7.
1.86 s/it
Epoch 0 | accuracy 50.0%
Epoch 13 | accuracy 50.197%
Epoch 14 | accuracy 51.573%
Epoch 15 | accuracy 54.281%
Epoch 16 | accuracy 58.825%
Epoch 17 | accuracy 63.565%
Epoch 18 | accuracy 68.108%
Epoch 19 | accuracy 71.014%
Epoch 20 | accuracy 72.368%
Epoch 21 | accuracy 72.674%
Epoch 22 | accuracy 73.394%
Epoch 23 | accuracy 73.504%
Epoch 24 | accuracy 73.722%
Epoch 26 | accuracy 74.443%
Epoch 27 | accuracy 74.661%
Epoch 28 | accuracy 74.771%
Epoch 29 | accuracy 75.382%
Epoch 30 | accuracy 75.513%
Epoch 31 | accuracy 75.754%
Epoch 32 | accuracy 76.125%
Epoch 33 | accuracy 76.54%
Epoch 34 | accuracy 76.627%
Epoch 36 | accuracy 76.868%
Epoch 37 | accuracy 76.999%
Epoch 38 | accuracy 77.042%
Epoch 39 | accuracy 77.588%
Epoch 40 | accuracy 77.982%
Epoch 44 | accuracy 78.309%
Epoch 48 | accuracy 78.615%
Epoch 50 | accuracy 78.768%
Epoch 65 | accuracy 79.249%
Epoch 66 | accuracy 79.358%
Epoch 67 | accuracy 79.489%
Epoch 93 | accuracy 79.533%
Epoch 97 | accuracy 79.62%
Epoch 99 | accuracy 79.773%
Epoch 107 | accuracy 79.86%
Epoch 138 | accuracy 79.991%
Epoch 207 | accuracy 80.079%
Epoch 217 | accuracy 80.1%
Epoch 218 | accuracy 80.21%
Epoch 242 | accuracy 80.297%
Epoch 295 | accuracy 80.428%
Epoch 303 | accuracy 80.494%
Epoch 375 | accuracy 80.625%
Stopped early with patience 100
Using 2% of the dataset.
33% of the training data will be original, the rest augmented.
The geometric parameter is 0.8.
1.991 s/it
Epoch 0 | accuracy 50.0%
Epoch 7 | accuracy 51.704%
Epoch 8 | accuracy 67.715%
Epoch 16 | accuracy 68.48%
Epoch 17 | accuracy 72.477%
Epoch 18 | accuracy 74.225%
Epoch 19 | accuracy 74.312%
Epoch 20 | accuracy 74.334%
Epoch 25 | accuracy 74.661%
Epoch 27 | accuracy 74.945%
Epoch 28 | accuracy 74.989%
Epoch 29 | accuracy 75.535%
Epoch 30 | accuracy 75.732%
Epoch 31 | accuracy 76.125%
Epoch 33 | accuracy 76.3%
Epoch 34 | accuracy 76.496%
Epoch 38 | accuracy 76.671%
Epoch 42 | accuracy 77.021%
Epoch 43 | accuracy 77.457%
Epoch 60 | accuracy 77.479%
Epoch 61 | accuracy 78.2%
Epoch 62 | accuracy 78.266%
Epoch 63 | accuracy 78.331%
Epoch 67 | accuracy 78.397%
Epoch 83 | accuracy 78.986%
Epoch 86 | accuracy 79.03%
Epoch 118 | accuracy 79.096%
Epoch 119 | accuracy 79.205%
Epoch 120 | accuracy 79.292%
Epoch 122 | accuracy 79.314%
Epoch 140 | accuracy 79.336%
Epoch 141 | accuracy 79.467%
Epoch 142 | accuracy 79.511%
Epoch 146 | accuracy 79.86%
Epoch 164 | accuracy 79.904%
Epoch 176 | accuracy 79.991%
Epoch 179 | accuracy 80.122%
Epoch 181 | accuracy 80.297%
Epoch 183 | accuracy 80.472%
Stopped early with patience 100
Using 2% of the dataset.
33% of the training data will be original, the rest augmented.
The geometric parameter is 0.9.
1.918 s/it
Epoch 0 | accuracy 51.747%
Epoch 1 | accuracy 54.784%
Epoch 2 | accuracy 64.198%
Epoch 3 | accuracy 67.519%
Epoch 4 | accuracy 69.878%
Epoch 5 | accuracy 70.467%
Epoch 6 | accuracy 71.254%
Epoch 7 | accuracy 71.647%
Epoch 8 | accuracy 71.865%
Epoch 9 | accuracy 72.149%
Epoch 10 | accuracy 72.586%
Epoch 11 | accuracy 73.023%
Epoch 12 | accuracy 73.351%
Epoch 17 | accuracy 73.591%
Epoch 18 | accuracy 73.81%
Epoch 19 | accuracy 74.225%
Epoch 20 | accuracy 74.487%
Epoch 25 | accuracy 74.771%
Epoch 28 | accuracy 75.208%
Epoch 29 | accuracy 75.557%
Epoch 30 | accuracy 75.95%
Epoch 35 | accuracy 76.278%
Epoch 37 | accuracy 76.496%
Epoch 42 | accuracy 76.802%
Epoch 49 | accuracy 76.846%
Epoch 50 | accuracy 77.436%
Epoch 53 | accuracy 77.72%
Epoch 58 | accuracy 77.938%
Epoch 59 | accuracy 78.003%
Epoch 61 | accuracy 78.2%
Epoch 65 | accuracy 78.222%
Epoch 66 | accuracy 78.266%
Epoch 67 | accuracy 78.397%
Epoch 69 | accuracy 78.44%
Epoch 71 | accuracy 78.659%
Epoch 72 | accuracy 78.877%
Epoch 80 | accuracy 78.943%
Epoch 83 | accuracy 78.986%
Epoch 95 | accuracy 79.008%
Epoch 97 | accuracy 79.052%
Epoch 122 | accuracy 79.074%
Epoch 124 | accuracy 79.205%
Epoch 126 | accuracy 79.227%
Epoch 129 | accuracy 79.336%
Epoch 132 | accuracy 79.38%
Epoch 133 | accuracy 79.554%
Epoch 134 | accuracy 79.576%
Epoch 154 | accuracy 79.598%
Epoch 156 | accuracy 79.664%
Epoch 157 | accuracy 79.707%
Epoch 158 | accuracy 79.817%
Stopped early with patience 100
Using 2% of the dataset.
20% of the training data will be original, the rest augmented.
The geometric parameter is 0.3.
1.924 s/it
Epoch 0 | accuracy 50.0%
Epoch 6 | accuracy 50.022%
Epoch 7 | accuracy 51.769%
Epoch 8 | accuracy 53.539%
Epoch 9 | accuracy 54.915%
Epoch 10 | accuracy 59.371%
Epoch 11 | accuracy 63.368%
Epoch 12 | accuracy 65.99%
Epoch 13 | accuracy 68.065%
Epoch 14 | accuracy 69.725%
Epoch 15 | accuracy 71.429%
Epoch 16 | accuracy 72.499%
Epoch 17 | accuracy 72.979%
Epoch 21 | accuracy 73.111%
Epoch 24 | accuracy 73.263%
Epoch 25 | accuracy 73.657%
Epoch 27 | accuracy 74.028%
Epoch 28 | accuracy 74.727%
Epoch 31 | accuracy 74.814%
Epoch 32 | accuracy 75.754%
Epoch 33 | accuracy 76.234%
Epoch 36 | accuracy 76.496%
Epoch 42 | accuracy 76.518%
Epoch 43 | accuracy 77.457%
Epoch 58 | accuracy 77.741%
Epoch 63 | accuracy 78.113%
Epoch 72 | accuracy 78.178%
Epoch 76 | accuracy 78.506%
Epoch 81 | accuracy 78.746%
Epoch 144 | accuracy 78.855%
Epoch 145 | accuracy 78.877%
Epoch 174 | accuracy 79.03%
Epoch 199 | accuracy 79.052%
Epoch 203 | accuracy 79.227%
Epoch 221 | accuracy 79.249%
Epoch 222 | accuracy 79.292%
Epoch 227 | accuracy 79.358%
Stopped early with patience 100
Using 2% of the dataset.
20% of the training data will be original, the rest augmented.
The geometric parameter is 0.5.
1.936 s/it
Epoch 0 | accuracy 50.0%
Epoch 11 | accuracy 50.328%
Epoch 12 | accuracy 53.386%
Epoch 13 | accuracy 60.878%
Epoch 14 | accuracy 65.596%
Epoch 15 | accuracy 68.807%
Epoch 16 | accuracy 71.057%
Epoch 17 | accuracy 73.045%
Epoch 18 | accuracy 73.504%
Epoch 19 | accuracy 74.268%
Epoch 31 | accuracy 74.596%
Epoch 32 | accuracy 74.792%
Epoch 33 | accuracy 74.814%
Epoch 34 | accuracy 75.251%
Epoch 35 | accuracy 75.36%
Epoch 36 | accuracy 75.557%
Epoch 37 | accuracy 76.715%
Epoch 38 | accuracy 76.933%
Epoch 39 | accuracy 77.108%
Epoch 41 | accuracy 77.545%
Epoch 44 | accuracy 77.632%
Epoch 48 | accuracy 77.851%
Epoch 49 | accuracy 78.003%
Epoch 54 | accuracy 78.135%
Epoch 58 | accuracy 78.287%
Epoch 70 | accuracy 78.309%
Epoch 78 | accuracy 78.397%
Epoch 83 | accuracy 78.506%
Epoch 97 | accuracy 78.702%
Epoch 102 | accuracy 78.921%
Epoch 119 | accuracy 78.965%
Epoch 124 | accuracy 79.27%
Epoch 172 | accuracy 79.314%
Epoch 175 | accuracy 79.401%
Stopped early with patience 100
Using 2% of the dataset.
20% of the training data will be original, the rest augmented.
The geometric parameter is 0.6.
1.939 s/it
Epoch 0 | accuracy 50.0%
Epoch 6 | accuracy 50.459%
Epoch 7 | accuracy 55.614%
Epoch 8 | accuracy 65.64%
Epoch 9 | accuracy 71.734%
Epoch 10 | accuracy 73.154%
Epoch 11 | accuracy 73.613%
Epoch 12 | accuracy 73.766%
Epoch 13 | accuracy 73.788%
Epoch 20 | accuracy 73.897%
Epoch 21 | accuracy 74.05%
Epoch 24 | accuracy 74.552%
Epoch 25 | accuracy 74.924%
Epoch 26 | accuracy 75.055%
Epoch 27 | accuracy 75.142%
Epoch 28 | accuracy 75.186%
Epoch 31 | accuracy 75.994%
Epoch 33 | accuracy 76.016%
Epoch 36 | accuracy 76.606%
Epoch 37 | accuracy 76.758%
Epoch 44 | accuracy 77.108%
Epoch 46 | accuracy 77.173%
Epoch 50 | accuracy 77.304%
Epoch 51 | accuracy 77.457%
Epoch 52 | accuracy 77.523%
Epoch 54 | accuracy 77.545%
Epoch 58 | accuracy 77.654%
Epoch 65 | accuracy 77.829%
Epoch 66 | accuracy 77.872%
Epoch 70 | accuracy 78.156%
Epoch 74 | accuracy 78.287%
Epoch 77 | accuracy 78.419%
Epoch 81 | accuracy 78.681%
Epoch 88 | accuracy 78.79%
Epoch 130 | accuracy 78.899%
Epoch 191 | accuracy 79.27%
Epoch 268 | accuracy 79.314%
Epoch 271 | accuracy 79.38%
Epoch 273 | accuracy 79.489%
Epoch 274 | accuracy 79.62%
Epoch 280 | accuracy 79.642%
Epoch 290 | accuracy 79.904%
Epoch 309 | accuracy 79.926%
Epoch 328 | accuracy 79.948%
Epoch 340 | accuracy 80.013%
Epoch 359 | accuracy 80.057%
Epoch 372 | accuracy 80.166%
Epoch 464 | accuracy 80.232%
Epoch 467 | accuracy 80.275%
Epoch 474 | accuracy 80.363%
Epoch 528 | accuracy 80.384%
Epoch 536 | accuracy 80.428%
Epoch 542 | accuracy 80.472%
Epoch 549 | accuracy 80.603%
Stopped early with patience 100
Using 2% of the dataset.
20% of the training data will be original, the rest augmented.
The geometric parameter is 0.7.
1.941 s/it
Epoch 0 | accuracy 50.0%
Epoch 5 | accuracy 50.044%
Epoch 6 | accuracy 51.616%
Epoch 7 | accuracy 58.366%
Epoch 8 | accuracy 65.531%
Epoch 9 | accuracy 69.222%
Epoch 10 | accuracy 70.97%
Epoch 11 | accuracy 71.581%
Epoch 12 | accuracy 71.865%
Epoch 13 | accuracy 72.368%
Epoch 14 | accuracy 72.892%
Epoch 15 | accuracy 73.089%
Epoch 16 | accuracy 73.373%
Epoch 17 | accuracy 73.569%
Epoch 18 | accuracy 73.678%
Epoch 19 | accuracy 74.159%
Epoch 20 | accuracy 74.29%
Epoch 21 | accuracy 74.574%
Epoch 23 | accuracy 74.836%
Epoch 24 | accuracy 75.142%
Epoch 26 | accuracy 75.688%
Epoch 27 | accuracy 75.885%
Epoch 29 | accuracy 76.846%
Epoch 35 | accuracy 77.173%
Epoch 39 | accuracy 77.283%
Epoch 40 | accuracy 77.632%
Epoch 43 | accuracy 77.763%
Epoch 44 | accuracy 77.807%
Epoch 45 | accuracy 77.938%
Epoch 46 | accuracy 78.156%
Epoch 49 | accuracy 78.2%
Epoch 50 | accuracy 78.287%
Epoch 55 | accuracy 78.44%
Epoch 65 | accuracy 78.484%
Epoch 66 | accuracy 78.615%
Epoch 67 | accuracy 78.746%
Epoch 68 | accuracy 78.834%
Epoch 69 | accuracy 78.921%
Epoch 130 | accuracy 79.118%
Epoch 131 | accuracy 79.358%
Epoch 132 | accuracy 79.38%
Epoch 203 | accuracy 79.62%
Epoch 204 | accuracy 79.751%
Stopped early with patience 100
Using 2% of the dataset.
20% of the training data will be original, the rest augmented.
The geometric parameter is 0.8.
2.01 s/it
Epoch 0 | accuracy 50.0%
Epoch 4 | accuracy 50.481%
Epoch 5 | accuracy 53.451%
Epoch 6 | accuracy 58.628%
Epoch 7 | accuracy 62.8%
Epoch 8 | accuracy 65.05%
Epoch 9 | accuracy 66.099%
Epoch 10 | accuracy 67.322%
Epoch 11 | accuracy 68.873%
Epoch 12 | accuracy 70.052%
Epoch 13 | accuracy 71.123%
Epoch 14 | accuracy 72.433%
Epoch 15 | accuracy 73.067%
Epoch 16 | accuracy 73.263%
Epoch 17 | accuracy 73.46%
Epoch 18 | accuracy 73.569%
Epoch 19 | accuracy 73.744%
Epoch 20 | accuracy 73.853%
Epoch 26 | accuracy 75.033%
Epoch 27 | accuracy 75.295%
Epoch 30 | accuracy 76.103%
Epoch 31 | accuracy 76.3%
Epoch 34 | accuracy 76.737%
Epoch 36 | accuracy 76.999%
Epoch 42 | accuracy 77.261%
Epoch 45 | accuracy 77.37%
Epoch 48 | accuracy 77.632%
Epoch 49 | accuracy 77.676%
Epoch 52 | accuracy 77.851%
Epoch 55 | accuracy 77.872%
Epoch 59 | accuracy 78.244%
Epoch 61 | accuracy 78.266%
Epoch 86 | accuracy 78.419%
Epoch 96 | accuracy 78.506%
Epoch 97 | accuracy 78.528%
Epoch 98 | accuracy 78.615%
Epoch 99 | accuracy 78.659%
Epoch 102 | accuracy 78.724%
Epoch 121 | accuracy 78.877%
Epoch 134 | accuracy 78.899%
Epoch 138 | accuracy 79.03%
Epoch 140 | accuracy 79.27%
Epoch 220 | accuracy 79.292%
Epoch 229 | accuracy 79.401%
Epoch 244 | accuracy 79.511%
Epoch 249 | accuracy 79.817%
Epoch 313 | accuracy 79.904%
Epoch 404 | accuracy 80.035%
Epoch 418 | accuracy 80.166%
Epoch 427 | accuracy 80.341%
Epoch 433 | accuracy 80.428%
Epoch 435 | accuracy 80.472%
Epoch 441 | accuracy 80.494%
Stopped early with patience 100
Using 2% of the dataset.
20% of the training data will be original, the rest augmented.
The geometric parameter is 0.9.
1.859 s/it
Epoch 0 | accuracy 50.0%
Epoch 11 | accuracy 50.153%
Epoch 12 | accuracy 53.014%
Epoch 13 | accuracy 55.242%
Epoch 14 | accuracy 58.934%
Epoch 15 | accuracy 64.111%
Epoch 16 | accuracy 68.152%
Epoch 17 | accuracy 69.484%
Epoch 18 | accuracy 71.778%
Epoch 19 | accuracy 72.455%
Epoch 20 | accuracy 72.717%
Epoch 21 | accuracy 73.242%
Epoch 22 | accuracy 73.81%
Epoch 24 | accuracy 73.962%
Epoch 26 | accuracy 74.05%
Epoch 27 | accuracy 74.072%
Epoch 28 | accuracy 74.509%
Epoch 29 | accuracy 74.705%
Epoch 30 | accuracy 75.273%
Epoch 31 | accuracy 75.36%
Epoch 32 | accuracy 75.863%
Epoch 33 | accuracy 76.103%
Epoch 34 | accuracy 76.977%
Epoch 36 | accuracy 77.195%
Epoch 37 | accuracy 77.37%
Epoch 43 | accuracy 77.72%
Epoch 46 | accuracy 77.938%
Epoch 58 | accuracy 78.069%
Epoch 60 | accuracy 78.091%
Epoch 64 | accuracy 78.353%
Epoch 74 | accuracy 78.44%
Epoch 82 | accuracy 78.615%
Epoch 96 | accuracy 78.659%
Epoch 99 | accuracy 78.702%
Epoch 108 | accuracy 78.834%
Epoch 177 | accuracy 79.074%
Epoch 188 | accuracy 79.27%
Epoch 189 | accuracy 79.38%
Epoch 191 | accuracy 79.489%
Epoch 193 | accuracy 79.685%
Stopped early with patience 100
Using 2% of the dataset.
11% of the training data will be original, the rest augmented.
The geometric parameter is 0.3.
1.893 s/it
Epoch 0 | accuracy 50.0%
Epoch 10 | accuracy 50.481%
Epoch 11 | accuracy 56.073%
Epoch 12 | accuracy 65.356%
Epoch 13 | accuracy 68.785%
Epoch 14 | accuracy 70.009%
Epoch 16 | accuracy 70.096%
Epoch 19 | accuracy 70.948%
Epoch 20 | accuracy 72.215%
Epoch 21 | accuracy 73.263%
Epoch 23 | accuracy 73.307%
Epoch 27 | accuracy 73.351%
Epoch 28 | accuracy 74.225%
Epoch 31 | accuracy 74.246%
Epoch 32 | accuracy 75.033%
Epoch 34 | accuracy 75.491%
Epoch 36 | accuracy 75.557%
Epoch 37 | accuracy 75.666%
Epoch 40 | accuracy 75.972%
Epoch 49 | accuracy 76.169%
Epoch 53 | accuracy 76.584%
Epoch 61 | accuracy 76.671%
Epoch 62 | accuracy 76.758%
Epoch 67 | accuracy 77.021%
Epoch 83 | accuracy 77.13%
Epoch 84 | accuracy 77.152%
Epoch 86 | accuracy 77.326%
Epoch 89 | accuracy 77.414%
Epoch 95 | accuracy 77.523%
Epoch 96 | accuracy 77.72%
Epoch 98 | accuracy 77.741%
Epoch 99 | accuracy 77.872%
Epoch 103 | accuracy 77.894%
Epoch 104 | accuracy 77.916%
Epoch 119 | accuracy 78.047%
Epoch 122 | accuracy 78.222%
Epoch 125 | accuracy 78.659%
Epoch 199 | accuracy 78.681%
Epoch 202 | accuracy 78.855%
Epoch 204 | accuracy 78.877%
Stopped early with patience 100
Using 2% of the dataset.
11% of the training data will be original, the rest augmented.
The geometric parameter is 0.5.
1.914 s/it
Epoch 0 | accuracy 50.0%
Epoch 6 | accuracy 50.655%
Epoch 7 | accuracy 65.312%
Epoch 16 | accuracy 66.776%
Epoch 17 | accuracy 70.817%
Epoch 18 | accuracy 72.674%
Epoch 23 | accuracy 73.569%
Epoch 24 | accuracy 74.006%
Epoch 25 | accuracy 74.334%
Epoch 26 | accuracy 74.574%
Epoch 27 | accuracy 74.618%
Epoch 28 | accuracy 74.792%
Epoch 30 | accuracy 75.339%
Epoch 31 | accuracy 75.535%
Epoch 32 | accuracy 75.841%
Epoch 33 | accuracy 75.972%
Epoch 35 | accuracy 76.147%
Epoch 37 | accuracy 76.169%
Epoch 38 | accuracy 76.234%
Epoch 39 | accuracy 76.54%
Epoch 40 | accuracy 77.042%
Epoch 44 | accuracy 77.326%
Epoch 45 | accuracy 77.37%
Epoch 48 | accuracy 77.676%
Epoch 67 | accuracy 77.894%
Epoch 68 | accuracy 77.982%
Epoch 104 | accuracy 78.135%
Epoch 107 | accuracy 78.746%
Epoch 146 | accuracy 78.877%
Epoch 214 | accuracy 78.943%
Epoch 216 | accuracy 78.965%
Epoch 221 | accuracy 79.205%
Epoch 265 | accuracy 79.249%
Epoch 300 | accuracy 79.401%
Epoch 319 | accuracy 79.511%
Epoch 322 | accuracy 79.533%
Stopped early with patience 100
Using 2% of the dataset.
11% of the training data will be original, the rest augmented.
The geometric parameter is 0.6.
2.108 s/it
Epoch 0 | accuracy 50.0%
Epoch 11 | accuracy 50.349%
Epoch 12 | accuracy 55.308%
Epoch 13 | accuracy 66.099%
Epoch 14 | accuracy 69.768%
Epoch 15 | accuracy 71.035%
Epoch 16 | accuracy 71.21%
Epoch 17 | accuracy 72.302%
Epoch 18 | accuracy 72.936%
Epoch 19 | accuracy 73.242%
Epoch 20 | accuracy 73.569%
Epoch 21 | accuracy 73.831%
Epoch 22 | accuracy 73.875%
Epoch 24 | accuracy 73.897%
Epoch 25 | accuracy 74.421%
Epoch 26 | accuracy 74.596%
Epoch 27 | accuracy 74.64%
Epoch 29 | accuracy 74.945%
Epoch 31 | accuracy 75.251%
Epoch 32 | accuracy 75.688%
Epoch 33 | accuracy 75.754%
Epoch 34 | accuracy 76.103%
Epoch 36 | accuracy 76.54%
Epoch 38 | accuracy 76.911%
Epoch 41 | accuracy 76.999%
Epoch 44 | accuracy 77.021%
Epoch 45 | accuracy 77.479%
Epoch 48 | accuracy 77.807%
Epoch 51 | accuracy 77.851%
Epoch 56 | accuracy 78.047%
Epoch 60 | accuracy 78.55%
Epoch 64 | accuracy 78.834%
Epoch 72 | accuracy 78.921%
Epoch 80 | accuracy 79.183%
Epoch 83 | accuracy 79.358%
Epoch 127 | accuracy 79.445%
Epoch 131 | accuracy 79.511%
Epoch 191 | accuracy 79.795%
Epoch 197 | accuracy 79.838%
Epoch 221 | accuracy 80.079%
Epoch 242 | accuracy 80.21%
Stopped early with patience 100
Using 2% of the dataset.
11% of the training data will be original, the rest augmented.
The geometric parameter is 0.7.
1.884 s/it
Epoch 0 | accuracy 50.0%
Epoch 4 | accuracy 51.354%
Epoch 5 | accuracy 64.875%
Epoch 13 | accuracy 66.885%
Epoch 14 | accuracy 69.31%
Epoch 15 | accuracy 71.407%
Epoch 16 | accuracy 72.237%
Epoch 17 | accuracy 72.433%
Epoch 18 | accuracy 72.477%
Epoch 20 | accuracy 72.674%
Epoch 21 | accuracy 73.526%
Epoch 22 | accuracy 73.919%
Epoch 23 | accuracy 74.072%
Epoch 24 | accuracy 74.509%
Epoch 25 | accuracy 74.618%
Epoch 26 | accuracy 74.683%
Epoch 27 | accuracy 75.12%
Epoch 28 | accuracy 75.295%
Epoch 29 | accuracy 75.557%
Epoch 30 | accuracy 75.797%
Epoch 31 | accuracy 75.907%
Epoch 32 | accuracy 75.972%
Epoch 33 | accuracy 76.496%
Epoch 35 | accuracy 76.562%
Epoch 36 | accuracy 77.064%
Epoch 37 | accuracy 77.261%
Epoch 39 | accuracy 77.348%
Epoch 41 | accuracy 77.785%
Epoch 42 | accuracy 77.851%
Epoch 44 | accuracy 78.2%
Epoch 50 | accuracy 78.506%
Epoch 57 | accuracy 78.55%
Epoch 58 | accuracy 78.768%
Epoch 61 | accuracy 78.812%
Epoch 70 | accuracy 78.877%
Epoch 77 | accuracy 78.899%
Epoch 81 | accuracy 78.986%
Epoch 82 | accuracy 79.03%
Epoch 83 | accuracy 79.052%
Epoch 84 | accuracy 79.183%
Epoch 92 | accuracy 79.292%
Epoch 96 | accuracy 79.489%
Epoch 99 | accuracy 79.511%
Epoch 102 | accuracy 79.576%
Epoch 106 | accuracy 79.642%
Epoch 113 | accuracy 79.685%
Epoch 114 | accuracy 79.751%
Epoch 131 | accuracy 79.773%
Epoch 132 | accuracy 79.795%
Epoch 136 | accuracy 79.926%
Epoch 155 | accuracy 80.035%
Epoch 160 | accuracy 80.144%
Epoch 187 | accuracy 80.166%
Epoch 208 | accuracy 80.21%
Epoch 231 | accuracy 80.384%
Epoch 241 | accuracy 80.537%
Epoch 278 | accuracy 80.581%
Epoch 328 | accuracy 80.69%
Epoch 342 | accuracy 80.778%
Epoch 343 | accuracy 80.821%
Epoch 345 | accuracy 80.909%
Epoch 349 | accuracy 81.215%
Epoch 416 | accuracy 81.236%
Epoch 420 | accuracy 81.28%
Epoch 450 | accuracy 81.346%
Epoch 501 | accuracy 81.477%
Stopped early with patience 100
Using 2% of the dataset.
11% of the training data will be original, the rest augmented.
The geometric parameter is 0.8.
1.894 s/it
Epoch 0 | accuracy 50.0%
Epoch 10 | accuracy 50.153%
Epoch 11 | accuracy 52.206%
Epoch 12 | accuracy 57.536%
Epoch 13 | accuracy 62.036%
Epoch 14 | accuracy 67.213%
Epoch 15 | accuracy 71.254%
Epoch 16 | accuracy 73.329%
Epoch 17 | accuracy 74.137%
Epoch 18 | accuracy 74.399%
Epoch 19 | accuracy 74.836%
Epoch 20 | accuracy 75.142%
Epoch 25 | accuracy 75.186%
Epoch 26 | accuracy 75.273%
Epoch 29 | accuracy 75.557%
Epoch 30 | accuracy 75.666%
Epoch 31 | accuracy 75.819%
Epoch 32 | accuracy 76.038%
Epoch 33 | accuracy 76.059%
Epoch 35 | accuracy 76.606%
Epoch 39 | accuracy 76.627%
Epoch 41 | accuracy 76.933%
Epoch 48 | accuracy 77.042%
Epoch 52 | accuracy 77.348%
Epoch 56 | accuracy 77.632%
Epoch 59 | accuracy 77.829%
Epoch 64 | accuracy 77.851%
Epoch 67 | accuracy 77.916%
Epoch 68 | accuracy 78.025%
Epoch 69 | accuracy 78.2%
Epoch 72 | accuracy 78.309%
Epoch 79 | accuracy 78.375%
Epoch 87 | accuracy 78.637%
Epoch 92 | accuracy 78.899%
Epoch 116 | accuracy 79.161%
Epoch 121 | accuracy 79.205%
Epoch 122 | accuracy 79.227%
Epoch 126 | accuracy 79.38%
Epoch 132 | accuracy 79.401%
Epoch 154 | accuracy 79.533%
Epoch 164 | accuracy 79.729%
Stopped early with patience 100
Using 2% of the dataset.
11% of the training data will be original, the rest augmented.
The geometric parameter is 0.9.
1.907 s/it
Epoch 0 | accuracy 50.0%
Epoch 7 | accuracy 50.022%
Epoch 8 | accuracy 50.131%
Epoch 9 | accuracy 52.468%
Epoch 10 | accuracy 53.451%
Epoch 11 | accuracy 56.509%
Epoch 12 | accuracy 59.742%
Epoch 13 | accuracy 64.067%
Epoch 14 | accuracy 67.104%
Epoch 15 | accuracy 70.315%
Epoch 16 | accuracy 72.018%
Epoch 17 | accuracy 72.87%
Epoch 18 | accuracy 73.482%
Epoch 20 | accuracy 73.591%
Epoch 21 | accuracy 73.635%
Epoch 22 | accuracy 73.678%
Epoch 23 | accuracy 73.722%
Epoch 25 | accuracy 73.766%
Epoch 26 | accuracy 74.246%
Epoch 27 | accuracy 74.268%
Epoch 29 | accuracy 75.426%
Epoch 30 | accuracy 75.557%
Epoch 31 | accuracy 75.688%
Epoch 32 | accuracy 75.732%
Epoch 33 | accuracy 75.863%
Epoch 34 | accuracy 76.169%
Epoch 42 | accuracy 76.562%
Epoch 44 | accuracy 76.802%
Epoch 49 | accuracy 76.955%
Epoch 50 | accuracy 77.261%
Epoch 59 | accuracy 77.457%
Epoch 60 | accuracy 77.545%
Epoch 65 | accuracy 77.698%
Epoch 67 | accuracy 77.938%
Epoch 68 | accuracy 77.96%
Epoch 69 | accuracy 78.003%
Epoch 79 | accuracy 78.025%
Epoch 80 | accuracy 78.2%
Epoch 81 | accuracy 78.266%
Epoch 86 | accuracy 78.506%
Epoch 89 | accuracy 78.637%
Epoch 111 | accuracy 78.702%
Epoch 112 | accuracy 78.724%
Epoch 116 | accuracy 78.746%
Epoch 119 | accuracy 79.008%
Epoch 123 | accuracy 79.161%
Epoch 127 | accuracy 79.227%
Epoch 192 | accuracy 79.249%
Epoch 201 | accuracy 79.533%
Epoch 202 | accuracy 79.642%
Epoch 235 | accuracy 79.773%
Epoch 236 | accuracy 79.795%
Epoch 248 | accuracy 79.86%
Epoch 257 | accuracy 79.882%
Epoch 307 | accuracy 80.21%
Stopped early with patience 100
Using 2% of the dataset.
5% of the training data will be original, the rest augmented.
The geometric parameter is 0.3.
2.203 s/it
Epoch 0 | accuracy 50.0%
Epoch 1 | accuracy 50.371%
Epoch 2 | accuracy 52.294%
Epoch 3 | accuracy 57.143%
Epoch 4 | accuracy 62.8%
Epoch 5 | accuracy 66.23%
Epoch 6 | accuracy 67.671%
Epoch 7 | accuracy 68.807%
Epoch 22 | accuracy 69.616%
Epoch 23 | accuracy 69.747%
Epoch 24 | accuracy 69.9%
Epoch 25 | accuracy 71.407%
Epoch 27 | accuracy 72.149%
Epoch 28 | accuracy 73.482%
Epoch 30 | accuracy 73.504%
Epoch 31 | accuracy 74.465%
Epoch 32 | accuracy 74.902%
Epoch 34 | accuracy 75.164%
Epoch 35 | accuracy 75.644%
Epoch 36 | accuracy 75.688%
Epoch 40 | accuracy 76.103%
Epoch 41 | accuracy 76.212%
Epoch 42 | accuracy 76.54%
Epoch 53 | accuracy 76.649%
Epoch 57 | accuracy 76.868%
Epoch 59 | accuracy 76.955%
Epoch 63 | accuracy 77.283%
Epoch 65 | accuracy 77.304%
Epoch 73 | accuracy 77.785%
Epoch 74 | accuracy 78.047%
Epoch 88 | accuracy 78.266%
Epoch 93 | accuracy 78.528%
Epoch 96 | accuracy 78.593%
Epoch 137 | accuracy 78.637%
Epoch 148 | accuracy 78.965%
Epoch 171 | accuracy 79.118%
Epoch 172 | accuracy 79.249%
Epoch 251 | accuracy 79.445%
Epoch 263 | accuracy 79.489%
Epoch 291 | accuracy 79.576%
Epoch 299 | accuracy 79.948%
Epoch 303 | accuracy 80.079%
Stopped early with patience 100
Using 2% of the dataset.
5% of the training data will be original, the rest augmented.
The geometric parameter is 0.5.
1.979 s/it
Epoch 0 | accuracy 50.284%
Epoch 1 | accuracy 54.281%
Epoch 2 | accuracy 59.0%
Epoch 3 | accuracy 63.936%
Epoch 4 | accuracy 67.584%
Epoch 5 | accuracy 69.55%
Epoch 6 | accuracy 70.315%
Epoch 7 | accuracy 70.882%
Epoch 8 | accuracy 71.341%
Epoch 10 | accuracy 71.669%
Epoch 11 | accuracy 72.062%
Epoch 12 | accuracy 72.521%
Epoch 13 | accuracy 72.586%
Epoch 14 | accuracy 72.848%
Epoch 15 | accuracy 72.87%
Epoch 16 | accuracy 73.023%
Epoch 19 | accuracy 73.089%
Epoch 20 | accuracy 73.111%
Epoch 21 | accuracy 73.504%
Epoch 22 | accuracy 73.613%
Epoch 26 | accuracy 74.64%
Epoch 30 | accuracy 74.88%
Epoch 31 | accuracy 75.71%
Epoch 47 | accuracy 76.059%
Epoch 52 | accuracy 76.343%
Epoch 53 | accuracy 76.387%
Epoch 56 | accuracy 76.955%
Epoch 57 | accuracy 77.021%
Epoch 58 | accuracy 77.064%
Epoch 60 | accuracy 77.283%
Epoch 61 | accuracy 77.501%
Epoch 62 | accuracy 77.545%
Epoch 68 | accuracy 77.741%
Epoch 70 | accuracy 77.982%
Epoch 74 | accuracy 78.135%
Epoch 75 | accuracy 78.156%
Epoch 77 | accuracy 78.331%
Epoch 85 | accuracy 78.353%
Epoch 89 | accuracy 78.397%
Epoch 95 | accuracy 78.637%
Epoch 98 | accuracy 78.768%
Epoch 119 | accuracy 78.812%
Epoch 122 | accuracy 78.965%
Epoch 131 | accuracy 78.986%
Epoch 140 | accuracy 79.118%
Epoch 141 | accuracy 79.183%
Epoch 149 | accuracy 79.249%
Epoch 150 | accuracy 79.423%
Epoch 166 | accuracy 79.445%
Epoch 263 | accuracy 79.642%
Epoch 268 | accuracy 79.751%
Epoch 292 | accuracy 79.948%
Stopped early with patience 100
Using 2% of the dataset.
5% of the training data will be original, the rest augmented.
The geometric parameter is 0.6.
1.959 s/it
Epoch 0 | accuracy 50.0%
Epoch 11 | accuracy 51.114%
Epoch 12 | accuracy 58.672%
Epoch 13 | accuracy 68.261%
Epoch 14 | accuracy 71.647%
Epoch 15 | accuracy 74.29%
Epoch 16 | accuracy 74.465%
Epoch 32 | accuracy 75.273%
Epoch 34 | accuracy 76.19%
Epoch 35 | accuracy 76.278%
Epoch 36 | accuracy 76.649%
Epoch 38 | accuracy 77.304%
Epoch 44 | accuracy 77.654%
Epoch 46 | accuracy 77.829%
Epoch 47 | accuracy 77.96%
Epoch 49 | accuracy 78.113%
Epoch 50 | accuracy 78.135%
Epoch 51 | accuracy 78.156%
Epoch 55 | accuracy 78.397%
Epoch 68 | accuracy 78.55%
Epoch 70 | accuracy 78.615%
Epoch 74 | accuracy 78.877%
Epoch 92 | accuracy 78.921%
Epoch 192 | accuracy 78.943%
Epoch 197 | accuracy 78.986%
Epoch 200 | accuracy 79.052%
Epoch 211 | accuracy 79.096%
Epoch 212 | accuracy 79.139%
Epoch 213 | accuracy 79.314%
Epoch 245 | accuracy 79.336%
Epoch 266 | accuracy 79.358%
Epoch 267 | accuracy 79.62%
Epoch 302 | accuracy 79.642%
Epoch 307 | accuracy 79.751%
Epoch 310 | accuracy 79.86%
Epoch 313 | accuracy 79.904%
Epoch 314 | accuracy 79.969%
Epoch 315 | accuracy 80.166%
Epoch 324 | accuracy 80.232%
Epoch 369 | accuracy 80.384%
Epoch 377 | accuracy 80.472%
Stopped early with patience 100
Using 2% of the dataset.
5% of the training data will be original, the rest augmented.
The geometric parameter is 0.7.
2.091 s/it
Epoch 0 | accuracy 50.0%
Epoch 10 | accuracy 54.849%
Epoch 11 | accuracy 67.322%
Epoch 12 | accuracy 73.023%
Epoch 13 | accuracy 73.067%
Epoch 17 | accuracy 73.351%
Epoch 22 | accuracy 73.438%
Epoch 26 | accuracy 73.547%
Epoch 27 | accuracy 73.722%
Epoch 29 | accuracy 74.552%
Epoch 30 | accuracy 75.098%
Epoch 32 | accuracy 75.885%
Epoch 36 | accuracy 76.387%
Epoch 37 | accuracy 76.693%
Epoch 43 | accuracy 76.868%
Epoch 46 | accuracy 77.304%
Epoch 50 | accuracy 77.567%
Epoch 53 | accuracy 77.938%
Epoch 55 | accuracy 78.266%
Epoch 65 | accuracy 78.484%
Epoch 68 | accuracy 78.615%
Epoch 70 | accuracy 78.637%
Epoch 71 | accuracy 78.768%
Epoch 78 | accuracy 78.79%
Epoch 81 | accuracy 78.855%
Epoch 87 | accuracy 78.986%
Epoch 88 | accuracy 79.139%
Epoch 109 | accuracy 79.161%
Epoch 112 | accuracy 79.183%
Epoch 128 | accuracy 79.227%
Epoch 129 | accuracy 79.292%
Epoch 130 | accuracy 79.336%
Epoch 131 | accuracy 79.423%
Epoch 132 | accuracy 79.511%
Epoch 225 | accuracy 79.642%
Epoch 226 | accuracy 79.729%
Stopped early with patience 100
Using 2% of the dataset.
5% of the training data will be original, the rest augmented.
The geometric parameter is 0.8.
2.027 s/it
Epoch 0 | accuracy 50.0%
Epoch 7 | accuracy 50.808%
Epoch 8 | accuracy 53.342%
Epoch 9 | accuracy 57.82%
Epoch 10 | accuracy 60.419%
Epoch 11 | accuracy 64.744%
Epoch 12 | accuracy 68.239%
Epoch 13 | accuracy 70.73%
Epoch 14 | accuracy 72.717%
Epoch 15 | accuracy 73.919%
Epoch 16 | accuracy 74.705%
Epoch 17 | accuracy 75.098%
Epoch 18 | accuracy 75.273%
Epoch 19 | accuracy 75.295%
Epoch 22 | accuracy 75.317%
Epoch 29 | accuracy 75.513%
Epoch 30 | accuracy 75.994%
Epoch 31 | accuracy 76.584%
Epoch 32 | accuracy 76.715%
Epoch 33 | accuracy 77.173%
Epoch 34 | accuracy 77.741%
Epoch 41 | accuracy 77.96%
Epoch 45 | accuracy 78.419%
Epoch 48 | accuracy 78.571%
Epoch 53 | accuracy 78.637%
Epoch 65 | accuracy 78.943%
Epoch 69 | accuracy 79.074%
Epoch 72 | accuracy 79.118%
Epoch 73 | accuracy 79.161%
Epoch 76 | accuracy 79.27%
Epoch 80 | accuracy 79.336%
Epoch 81 | accuracy 79.38%
Epoch 88 | accuracy 79.423%
Epoch 89 | accuracy 79.445%
Epoch 90 | accuracy 79.467%
Epoch 95 | accuracy 79.489%
Epoch 96 | accuracy 79.554%
Epoch 180 | accuracy 79.62%
Epoch 181 | accuracy 79.948%
Epoch 183 | accuracy 79.991%
Epoch 265 | accuracy 80.013%
Epoch 272 | accuracy 80.057%
Epoch 275 | accuracy 80.1%
Epoch 293 | accuracy 80.21%
Epoch 308 | accuracy 80.603%
Stopped early with patience 100
Using 2% of the dataset.
5% of the training data will be original, the rest augmented.
The geometric parameter is 0.9.
1.994 s/it
Epoch 0 | accuracy 50.0%
Epoch 8 | accuracy 50.175%
Epoch 9 | accuracy 51.267%
Epoch 10 | accuracy 53.604%
Epoch 11 | accuracy 59.415%
Epoch 12 | accuracy 63.456%
Epoch 13 | accuracy 66.754%
Epoch 14 | accuracy 69.266%
Epoch 15 | accuracy 72.324%
Epoch 16 | accuracy 73.831%
Epoch 17 | accuracy 74.749%
Epoch 30 | accuracy 74.88%
Epoch 31 | accuracy 75.317%
Epoch 32 | accuracy 76.125%
Epoch 36 | accuracy 76.584%
Epoch 37 | accuracy 76.693%
Epoch 41 | accuracy 77.37%
Epoch 42 | accuracy 77.588%
Epoch 45 | accuracy 77.72%
Epoch 46 | accuracy 77.96%
Epoch 51 | accuracy 78.069%
Epoch 54 | accuracy 78.375%
Epoch 56 | accuracy 78.528%
Epoch 57 | accuracy 78.659%
Epoch 59 | accuracy 78.943%
Epoch 60 | accuracy 79.118%
Epoch 65 | accuracy 79.336%
Epoch 67 | accuracy 79.445%
Epoch 73 | accuracy 79.554%
Epoch 76 | accuracy 79.751%
Epoch 80 | accuracy 79.882%
Epoch 134 | accuracy 79.904%
Epoch 137 | accuracy 79.926%
Epoch 142 | accuracy 80.188%
Epoch 146 | accuracy 80.341%
Epoch 150 | accuracy 80.406%
Epoch 153 | accuracy 80.45%
Stopped early with patience 100
Using 4% of the dataset.
50% of the training data will be original, the rest augmented.
The geometric parameter is 0.3.
2.048 s/it
Epoch 0 | accuracy 50.0%
Epoch 9 | accuracy 51.376%
Epoch 10 | accuracy 56.684%
Epoch 11 | accuracy 67.3%
Epoch 12 | accuracy 72.543%
Epoch 14 | accuracy 73.657%
Epoch 15 | accuracy 74.159%
Epoch 16 | accuracy 75.164%
Epoch 17 | accuracy 75.339%
Epoch 18 | accuracy 76.474%
Epoch 19 | accuracy 77.108%
Epoch 20 | accuracy 77.72%
Epoch 21 | accuracy 78.44%
Epoch 22 | accuracy 78.877%
Epoch 23 | accuracy 79.401%
Epoch 28 | accuracy 79.642%
Epoch 30 | accuracy 80.384%
Epoch 32 | accuracy 80.625%
Epoch 37 | accuracy 80.712%
Epoch 40 | accuracy 81.324%
Epoch 41 | accuracy 81.586%
Epoch 44 | accuracy 81.673%
Epoch 45 | accuracy 81.761%
Epoch 49 | accuracy 82.132%
Epoch 54 | accuracy 82.219%
Epoch 59 | accuracy 82.285%
Epoch 62 | accuracy 82.329%
Epoch 73 | accuracy 82.394%
Epoch 76 | accuracy 82.547%
Epoch 78 | accuracy 82.612%
Epoch 80 | accuracy 82.7%
Epoch 100 | accuracy 82.765%
Epoch 102 | accuracy 83.246%
Epoch 130 | accuracy 83.355%
Epoch 189 | accuracy 83.421%
Epoch 192 | accuracy 83.443%
Epoch 194 | accuracy 83.639%
Epoch 259 | accuracy 83.705%
Epoch 327 | accuracy 83.836%
Epoch 340 | accuracy 83.879%
Epoch 346 | accuracy 83.923%
Epoch 371 | accuracy 84.032%
Epoch 432 | accuracy 84.098%
Epoch 435 | accuracy 84.207%
Stopped early with patience 100
Using 4% of the dataset.
50% of the training data will be original, the rest augmented.
The geometric parameter is 0.5.
2.081 s/it
Epoch 0 | accuracy 50.0%
Epoch 5 | accuracy 57.23%
Epoch 6 | accuracy 69.834%
Epoch 7 | accuracy 70.62%
Epoch 8 | accuracy 71.56%
Epoch 9 | accuracy 71.997%
Epoch 10 | accuracy 72.062%
Epoch 11 | accuracy 72.521%
Epoch 13 | accuracy 74.29%
Epoch 14 | accuracy 74.749%
Epoch 15 | accuracy 75.95%
Epoch 16 | accuracy 76.431%
Epoch 17 | accuracy 77.086%
Epoch 18 | accuracy 77.152%
Epoch 19 | accuracy 78.353%
Epoch 24 | accuracy 78.506%
Epoch 28 | accuracy 79.183%
Epoch 31 | accuracy 79.489%
Epoch 33 | accuracy 79.576%
Epoch 35 | accuracy 79.926%
Epoch 38 | accuracy 80.428%
Epoch 40 | accuracy 80.603%
Epoch 42 | accuracy 80.756%
Epoch 44 | accuracy 80.799%
Epoch 45 | accuracy 81.215%
Epoch 46 | accuracy 81.52%
Epoch 48 | accuracy 81.979%
Epoch 49 | accuracy 82.023%
Epoch 50 | accuracy 82.263%
Epoch 80 | accuracy 82.394%
Epoch 82 | accuracy 82.525%
Epoch 84 | accuracy 82.547%
Epoch 112 | accuracy 82.896%
Epoch 118 | accuracy 83.006%
Epoch 135 | accuracy 83.421%
Epoch 142 | accuracy 83.486%
Epoch 242 | accuracy 83.683%
Epoch 244 | accuracy 83.792%
Epoch 249 | accuracy 83.814%
Epoch 257 | accuracy 83.967%
Epoch 295 | accuracy 84.01%
Stopped early with patience 100
Using 4% of the dataset.
50% of the training data will be original, the rest augmented.
The geometric parameter is 0.6.
2.193 s/it
Epoch 0 | accuracy 62.036%
Epoch 1 | accuracy 68.13%
Epoch 5 | accuracy 70.992%
Epoch 6 | accuracy 73.657%
Epoch 7 | accuracy 74.225%
Epoch 8 | accuracy 74.683%
Epoch 9 | accuracy 74.989%
Epoch 13 | accuracy 75.055%
Epoch 14 | accuracy 75.972%
Epoch 16 | accuracy 76.627%
Epoch 17 | accuracy 77.173%
Epoch 18 | accuracy 77.654%
Epoch 19 | accuracy 77.698%
Epoch 20 | accuracy 77.96%
Epoch 21 | accuracy 78.419%
Epoch 22 | accuracy 78.702%
Epoch 25 | accuracy 79.795%
Epoch 26 | accuracy 79.969%
Epoch 29 | accuracy 81.062%
Epoch 33 | accuracy 81.302%
Epoch 36 | accuracy 81.367%
Epoch 37 | accuracy 81.455%
Epoch 40 | accuracy 82.001%
Epoch 45 | accuracy 82.11%
Epoch 48 | accuracy 82.219%
Epoch 53 | accuracy 82.896%
Epoch 57 | accuracy 83.29%
Epoch 60 | accuracy 83.333%
Epoch 61 | accuracy 83.377%
Epoch 118 | accuracy 83.53%
Epoch 126 | accuracy 83.792%
Epoch 128 | accuracy 83.879%
Epoch 130 | accuracy 83.989%
Epoch 132 | accuracy 84.01%
Epoch 134 | accuracy 84.032%
Epoch 135 | accuracy 84.12%
Epoch 139 | accuracy 84.163%
Epoch 140 | accuracy 84.185%
Epoch 163 | accuracy 84.338%
Epoch 172 | accuracy 84.36%
Epoch 222 | accuracy 84.513%
Stopped early with patience 100
Using 4% of the dataset.
50% of the training data will be original, the rest augmented.
The geometric parameter is 0.7.
2.104 s/it
Epoch 0 | accuracy 50.066%
Epoch 1 | accuracy 64.613%
Epoch 2 | accuracy 69.987%
Epoch 7 | accuracy 74.268%
Epoch 8 | accuracy 75.404%
Epoch 13 | accuracy 75.775%
Epoch 14 | accuracy 76.059%
Epoch 17 | accuracy 76.933%
Epoch 19 | accuracy 77.086%
Epoch 20 | accuracy 77.457%
Epoch 21 | accuracy 78.266%
Epoch 23 | accuracy 78.419%
Epoch 24 | accuracy 78.921%
Epoch 25 | accuracy 79.118%
Epoch 27 | accuracy 79.401%
Epoch 28 | accuracy 80.035%
Epoch 29 | accuracy 80.275%
Epoch 30 | accuracy 80.341%
Epoch 31 | accuracy 80.668%
Epoch 32 | accuracy 80.712%
Epoch 33 | accuracy 80.821%
Epoch 35 | accuracy 80.931%
Epoch 38 | accuracy 81.018%
Epoch 40 | accuracy 81.87%
Epoch 43 | accuracy 82.066%
Epoch 46 | accuracy 82.241%
Epoch 54 | accuracy 82.307%
Epoch 60 | accuracy 82.438%
Epoch 62 | accuracy 82.656%
Epoch 68 | accuracy 82.831%
Epoch 69 | accuracy 82.875%
Epoch 73 | accuracy 82.962%
Epoch 74 | accuracy 83.071%
Epoch 81 | accuracy 83.421%
Epoch 106 | accuracy 83.464%
Epoch 109 | accuracy 83.727%
Epoch 114 | accuracy 83.967%
Epoch 124 | accuracy 84.032%
Epoch 183 | accuracy 84.142%
Epoch 229 | accuracy 84.163%
Epoch 270 | accuracy 84.294%
Stopped early with patience 100
Using 4% of the dataset.
50% of the training data will be original, the rest augmented.
The geometric parameter is 0.8.
2.073 s/it
Epoch 0 | accuracy 50.0%
Epoch 3 | accuracy 57.296%
Epoch 4 | accuracy 70.904%
Epoch 7 | accuracy 73.482%
Epoch 8 | accuracy 74.902%
Epoch 9 | accuracy 75.208%
Epoch 14 | accuracy 75.863%
Epoch 15 | accuracy 76.715%
Epoch 18 | accuracy 78.025%
Epoch 19 | accuracy 78.222%
Epoch 20 | accuracy 78.571%
Epoch 21 | accuracy 78.899%
Epoch 23 | accuracy 79.183%
Epoch 24 | accuracy 79.358%
Epoch 25 | accuracy 79.38%
Epoch 28 | accuracy 79.467%
Epoch 29 | accuracy 79.991%
Epoch 31 | accuracy 80.035%
Epoch 32 | accuracy 80.341%
Epoch 34 | accuracy 80.69%
Epoch 38 | accuracy 81.171%
Epoch 42 | accuracy 81.477%
Epoch 43 | accuracy 81.52%
Epoch 46 | accuracy 81.717%
Epoch 48 | accuracy 81.739%
Epoch 50 | accuracy 82.088%
Epoch 51 | accuracy 82.176%
Epoch 54 | accuracy 82.197%
Epoch 55 | accuracy 82.438%
Epoch 59 | accuracy 82.612%
Epoch 62 | accuracy 82.678%
Epoch 76 | accuracy 82.7%
Epoch 79 | accuracy 82.765%
Epoch 80 | accuracy 83.246%
Epoch 87 | accuracy 83.421%
Epoch 111 | accuracy 83.552%
Epoch 126 | accuracy 83.574%
Epoch 137 | accuracy 83.617%
Epoch 141 | accuracy 83.748%
Epoch 152 | accuracy 83.836%
Epoch 155 | accuracy 83.858%
Epoch 176 | accuracy 84.032%
Epoch 181 | accuracy 84.251%
Epoch 201 | accuracy 84.273%
Epoch 253 | accuracy 84.316%
Epoch 274 | accuracy 84.404%
Epoch 279 | accuracy 84.426%
Epoch 296 | accuracy 84.469%
Epoch 320 | accuracy 84.513%
Epoch 321 | accuracy 84.622%
Stopped early with patience 100
Using 4% of the dataset.
50% of the training data will be original, the rest augmented.
The geometric parameter is 0.9.
2.131 s/it
Epoch 0 | accuracy 50.0%
Epoch 5 | accuracy 50.502%
Epoch 6 | accuracy 62.101%
Epoch 7 | accuracy 67.868%
Epoch 9 | accuracy 68.196%
Epoch 10 | accuracy 72.346%
Epoch 11 | accuracy 75.12%
Epoch 14 | accuracy 75.491%
Epoch 15 | accuracy 75.907%
Epoch 17 | accuracy 76.584%
Epoch 19 | accuracy 77.021%
Epoch 20 | accuracy 77.195%
Epoch 21 | accuracy 77.436%
Epoch 22 | accuracy 78.091%
Epoch 25 | accuracy 79.074%
Epoch 30 | accuracy 79.445%
Epoch 33 | accuracy 79.795%
Epoch 34 | accuracy 79.948%
Epoch 37 | accuracy 80.253%
Epoch 38 | accuracy 80.668%
Epoch 40 | accuracy 80.778%
Epoch 41 | accuracy 81.193%
Epoch 45 | accuracy 81.258%
Epoch 46 | accuracy 81.389%
Epoch 54 | accuracy 81.542%
Epoch 58 | accuracy 81.848%
Epoch 65 | accuracy 82.132%
Epoch 67 | accuracy 82.263%
Epoch 68 | accuracy 82.307%
Epoch 78 | accuracy 82.438%
Epoch 82 | accuracy 82.722%
Epoch 87 | accuracy 82.831%
Epoch 92 | accuracy 82.853%
Epoch 114 | accuracy 83.071%
Epoch 126 | accuracy 83.443%
Epoch 142 | accuracy 83.639%
Epoch 143 | accuracy 83.836%
Stopped early with patience 100
Using 4% of the dataset.
33% of the training data will be original, the rest augmented.
The geometric parameter is 0.3.
2.251 s/it
Epoch 0 | accuracy 50.0%
Epoch 2 | accuracy 50.284%
Epoch 3 | accuracy 57.798%
Epoch 4 | accuracy 62.975%
Epoch 6 | accuracy 64.22%
Epoch 7 | accuracy 71.276%
Epoch 8 | accuracy 75.644%
Epoch 11 | accuracy 75.885%
Epoch 14 | accuracy 76.584%
Epoch 16 | accuracy 76.737%
Epoch 18 | accuracy 76.933%
Epoch 19 | accuracy 78.047%
Epoch 21 | accuracy 78.113%
Epoch 25 | accuracy 79.314%
Epoch 30 | accuracy 79.38%
Epoch 31 | accuracy 79.904%
Epoch 32 | accuracy 80.1%
Epoch 34 | accuracy 80.232%
Epoch 35 | accuracy 80.45%
Epoch 36 | accuracy 80.625%
Epoch 38 | accuracy 80.821%
Epoch 39 | accuracy 81.018%
Epoch 44 | accuracy 81.062%
Epoch 45 | accuracy 81.215%
Epoch 46 | accuracy 81.433%
Epoch 47 | accuracy 81.455%
Epoch 48 | accuracy 81.564%
Epoch 49 | accuracy 81.739%
Epoch 53 | accuracy 82.263%
Epoch 55 | accuracy 82.307%
Epoch 59 | accuracy 82.591%
Epoch 66 | accuracy 82.656%
Epoch 70 | accuracy 82.853%
Epoch 86 | accuracy 83.028%
Epoch 90 | accuracy 83.049%
Epoch 110 | accuracy 83.18%
Epoch 111 | accuracy 83.268%
Epoch 120 | accuracy 83.486%
Epoch 140 | accuracy 83.639%
Epoch 187 | accuracy 83.683%
Epoch 224 | accuracy 83.989%
Epoch 228 | accuracy 84.098%
Epoch 236 | accuracy 84.207%
Epoch 247 | accuracy 84.273%
Epoch 249 | accuracy 84.469%
Epoch 265 | accuracy 84.557%
Epoch 351 | accuracy 84.688%
Epoch 381 | accuracy 84.862%
Epoch 387 | accuracy 84.884%
Stopped early with patience 100
Using 4% of the dataset.
33% of the training data will be original, the rest augmented.
The geometric parameter is 0.5.
2.135 s/it
Epoch 0 | accuracy 50.0%
Epoch 3 | accuracy 62.931%
Epoch 4 | accuracy 63.128%
Epoch 5 | accuracy 63.805%
Epoch 6 | accuracy 67.519%
Epoch 7 | accuracy 71.887%
Epoch 8 | accuracy 72.892%
Epoch 9 | accuracy 73.526%
Epoch 10 | accuracy 73.635%
Epoch 11 | accuracy 74.902%
Epoch 12 | accuracy 74.989%
Epoch 13 | accuracy 75.601%
Epoch 14 | accuracy 75.754%
Epoch 15 | accuracy 76.911%
Epoch 16 | accuracy 77.414%
Epoch 18 | accuracy 77.741%
Epoch 19 | accuracy 78.615%
Epoch 20 | accuracy 79.139%
Epoch 21 | accuracy 79.445%
Epoch 22 | accuracy 79.554%
Epoch 27 | accuracy 79.729%
Epoch 28 | accuracy 80.144%
Epoch 32 | accuracy 80.974%
Epoch 35 | accuracy 81.105%
Epoch 36 | accuracy 81.171%
Epoch 39 | accuracy 81.586%
Epoch 46 | accuracy 81.848%
Epoch 51 | accuracy 81.957%
Epoch 52 | accuracy 82.154%
Epoch 53 | accuracy 82.438%
Epoch 55 | accuracy 82.853%
Epoch 60 | accuracy 82.962%
Epoch 77 | accuracy 83.311%
Epoch 85 | accuracy 83.399%
Epoch 107 | accuracy 83.53%
Epoch 108 | accuracy 83.595%
Epoch 109 | accuracy 83.617%
Epoch 114 | accuracy 83.748%
Stopped early with patience 100
Using 4% of the dataset.
33% of the training data will be original, the rest augmented.
The geometric parameter is 0.6.
2.201 s/it
Epoch 0 | accuracy 50.0%
Epoch 1 | accuracy 64.351%
Epoch 2 | accuracy 72.608%
Epoch 3 | accuracy 73.591%
Epoch 4 | accuracy 75.12%
Epoch 5 | accuracy 75.601%
Epoch 7 | accuracy 76.453%
Epoch 13 | accuracy 76.518%
Epoch 15 | accuracy 77.872%
Epoch 16 | accuracy 78.091%
Epoch 18 | accuracy 78.855%
Epoch 22 | accuracy 79.314%
Epoch 24 | accuracy 79.62%
Epoch 26 | accuracy 79.707%
Epoch 28 | accuracy 79.773%
Epoch 29 | accuracy 80.013%
Epoch 31 | accuracy 80.232%
Epoch 32 | accuracy 80.712%
Epoch 35 | accuracy 80.799%
Epoch 36 | accuracy 81.04%
Epoch 37 | accuracy 81.105%
Epoch 39 | accuracy 81.477%
Epoch 44 | accuracy 81.498%
Epoch 46 | accuracy 81.935%
Epoch 52 | accuracy 82.088%
Epoch 56 | accuracy 82.35%
Epoch 60 | accuracy 82.394%
Epoch 63 | accuracy 82.46%
Epoch 64 | accuracy 82.503%
Epoch 67 | accuracy 82.612%
Epoch 68 | accuracy 82.678%
Epoch 69 | accuracy 82.787%
Epoch 71 | accuracy 82.809%
Epoch 76 | accuracy 82.853%
Epoch 80 | accuracy 82.896%
Epoch 83 | accuracy 82.962%
Epoch 85 | accuracy 82.984%
Epoch 87 | accuracy 83.071%
Epoch 88 | accuracy 83.093%
Epoch 91 | accuracy 83.486%
Epoch 103 | accuracy 83.508%
Epoch 148 | accuracy 83.727%
Epoch 159 | accuracy 83.792%
Epoch 165 | accuracy 83.836%
Epoch 166 | accuracy 83.858%
Epoch 168 | accuracy 83.923%
Epoch 182 | accuracy 84.054%
Epoch 186 | accuracy 84.316%
Epoch 265 | accuracy 84.36%
Epoch 267 | accuracy 84.426%
Epoch 340 | accuracy 84.578%
Stopped early with patience 100
Using 4% of the dataset.
33% of the training data will be original, the rest augmented.
The geometric parameter is 0.7.
2.204 s/it
Epoch 0 | accuracy 50.0%
Epoch 2 | accuracy 50.022%
Epoch 3 | accuracy 65.225%
Epoch 4 | accuracy 66.317%
Epoch 6 | accuracy 67.322%
Epoch 7 | accuracy 72.543%
Epoch 8 | accuracy 75.186%
Epoch 11 | accuracy 76.059%
Epoch 12 | accuracy 76.147%
Epoch 13 | accuracy 76.606%
Epoch 14 | accuracy 77.152%
Epoch 15 | accuracy 77.567%
Epoch 16 | accuracy 78.79%
Epoch 18 | accuracy 79.139%
Epoch 23 | accuracy 79.423%
Epoch 25 | accuracy 80.232%
Epoch 28 | accuracy 80.428%
Epoch 29 | accuracy 80.472%
Epoch 30 | accuracy 80.712%
Epoch 31 | accuracy 80.843%
Epoch 33 | accuracy 81.062%
Epoch 36 | accuracy 81.105%
Epoch 38 | accuracy 81.367%
Epoch 39 | accuracy 81.433%
Epoch 41 | accuracy 81.87%
Epoch 45 | accuracy 82.045%
Epoch 46 | accuracy 82.219%
Epoch 47 | accuracy 82.241%
Epoch 50 | accuracy 82.503%
Epoch 52 | accuracy 82.809%
Epoch 53 | accuracy 82.94%
Epoch 54 | accuracy 82.962%
Epoch 62 | accuracy 83.115%
Epoch 73 | accuracy 83.246%
Epoch 83 | accuracy 83.355%
Epoch 107 | accuracy 83.727%
Epoch 138 | accuracy 83.792%
Epoch 144 | accuracy 83.814%
Epoch 146 | accuracy 83.901%
Epoch 147 | accuracy 84.207%
Epoch 148 | accuracy 84.251%
Epoch 162 | accuracy 84.447%
Epoch 209 | accuracy 84.6%
Epoch 263 | accuracy 84.666%
Epoch 283 | accuracy 84.688%
Epoch 284 | accuracy 84.731%
Epoch 332 | accuracy 84.797%
Epoch 334 | accuracy 84.972%
Stopped early with patience 100
Using 4% of the dataset.
33% of the training data will be original, the rest augmented.
The geometric parameter is 0.8.
2.263 s/it
Epoch 0 | accuracy 50.0%
Epoch 5 | accuracy 50.109%
Epoch 6 | accuracy 54.675%
Epoch 7 | accuracy 67.977%
Epoch 8 | accuracy 71.865%
Epoch 9 | accuracy 74.836%
Epoch 10 | accuracy 75.339%
Epoch 11 | accuracy 75.491%
Epoch 13 | accuracy 75.775%
Epoch 14 | accuracy 76.431%
Epoch 16 | accuracy 77.414%
Epoch 17 | accuracy 77.588%
Epoch 18 | accuracy 77.72%
Epoch 20 | accuracy 78.2%
Epoch 21 | accuracy 78.593%
Epoch 23 | accuracy 78.702%
Epoch 24 | accuracy 78.855%
Epoch 25 | accuracy 79.03%
Epoch 27 | accuracy 79.445%
Epoch 29 | accuracy 79.62%
Epoch 30 | accuracy 79.948%
Epoch 32 | accuracy 80.079%
Epoch 33 | accuracy 80.166%
Epoch 36 | accuracy 80.865%
Epoch 40 | accuracy 81.28%
Epoch 41 | accuracy 81.346%
Epoch 44 | accuracy 81.389%
Epoch 47 | accuracy 81.782%
Epoch 49 | accuracy 81.826%
Epoch 50 | accuracy 82.394%
Epoch 53 | accuracy 82.547%
Epoch 56 | accuracy 82.612%
Epoch 57 | accuracy 82.634%
Epoch 60 | accuracy 82.678%
Epoch 63 | accuracy 82.875%
Epoch 66 | accuracy 83.18%
Epoch 69 | accuracy 83.224%
Epoch 76 | accuracy 83.421%
Epoch 84 | accuracy 83.486%
Epoch 87 | accuracy 83.53%
Epoch 91 | accuracy 83.705%
Epoch 110 | accuracy 83.945%
Epoch 142 | accuracy 83.989%
Epoch 143 | accuracy 84.076%
Epoch 165 | accuracy 84.163%
Epoch 193 | accuracy 84.251%
Epoch 197 | accuracy 84.338%
Epoch 201 | accuracy 84.404%
Epoch 298 | accuracy 84.578%
Epoch 300 | accuracy 84.644%
Stopped early with patience 100
Using 4% of the dataset.
33% of the training data will be original, the rest augmented.
The geometric parameter is 0.9.
2.178 s/it
Epoch 0 | accuracy 50.0%
Epoch 4 | accuracy 50.022%
Epoch 5 | accuracy 57.645%
Epoch 6 | accuracy 60.703%
Epoch 7 | accuracy 66.492%
Epoch 8 | accuracy 72.564%
Epoch 9 | accuracy 75.229%
Epoch 10 | accuracy 75.928%
Epoch 12 | accuracy 76.256%
Epoch 14 | accuracy 76.627%
Epoch 17 | accuracy 76.911%
Epoch 18 | accuracy 77.676%
Epoch 20 | accuracy 78.069%
Epoch 22 | accuracy 78.462%
Epoch 26 | accuracy 78.834%
Epoch 27 | accuracy 79.03%
Epoch 29 | accuracy 79.161%
Epoch 30 | accuracy 79.205%
Epoch 31 | accuracy 79.511%
Epoch 32 | accuracy 79.598%
Epoch 33 | accuracy 80.013%
Epoch 34 | accuracy 80.341%
Epoch 35 | accuracy 80.45%
Epoch 36 | accuracy 80.559%
Epoch 37 | accuracy 80.821%
Epoch 38 | accuracy 80.843%
Epoch 41 | accuracy 81.171%
Epoch 42 | accuracy 81.455%
Epoch 43 | accuracy 81.651%
Epoch 45 | accuracy 81.673%
Epoch 46 | accuracy 81.717%
Epoch 50 | accuracy 81.804%
Epoch 53 | accuracy 81.892%
Epoch 73 | accuracy 82.241%
Epoch 89 | accuracy 82.656%
Epoch 96 | accuracy 82.896%
Epoch 104 | accuracy 83.202%
Epoch 131 | accuracy 83.421%
Epoch 136 | accuracy 83.705%
Epoch 138 | accuracy 83.792%
Epoch 173 | accuracy 83.814%
Epoch 174 | accuracy 83.858%
Epoch 176 | accuracy 83.901%
Epoch 178 | accuracy 84.251%
Stopped early with patience 100
Using 4% of the dataset.
20% of the training data will be original, the rest augmented.
The geometric parameter is 0.3.
2.194 s/it
Epoch 0 | accuracy 50.0%
Epoch 1 | accuracy 51.769%
Epoch 2 | accuracy 62.953%
Epoch 3 | accuracy 69.157%
Epoch 4 | accuracy 69.572%
Epoch 5 | accuracy 70.97%
Epoch 7 | accuracy 72.215%
Epoch 8 | accuracy 73.81%
Epoch 9 | accuracy 74.093%
Epoch 10 | accuracy 75.011%
Epoch 11 | accuracy 75.164%
Epoch 12 | accuracy 76.147%
Epoch 15 | accuracy 77.086%
Epoch 18 | accuracy 77.457%
Epoch 21 | accuracy 78.615%
Epoch 26 | accuracy 79.227%
Epoch 28 | accuracy 79.817%
Epoch 29 | accuracy 79.86%
Epoch 35 | accuracy 80.166%
Epoch 37 | accuracy 80.472%
Epoch 40 | accuracy 80.516%
Epoch 41 | accuracy 80.799%
Epoch 43 | accuracy 80.909%
Epoch 49 | accuracy 80.931%
Epoch 52 | accuracy 81.127%
Epoch 53 | accuracy 81.52%
Epoch 60 | accuracy 81.957%
Epoch 73 | accuracy 82.307%
Epoch 78 | accuracy 82.394%
Epoch 82 | accuracy 82.438%
Epoch 89 | accuracy 82.612%
Epoch 91 | accuracy 82.787%
Epoch 92 | accuracy 82.853%
Epoch 96 | accuracy 82.875%
Epoch 138 | accuracy 83.115%
Epoch 142 | accuracy 83.421%
Epoch 155 | accuracy 83.639%
Epoch 156 | accuracy 83.705%
Epoch 174 | accuracy 83.727%
Epoch 197 | accuracy 83.945%
Epoch 221 | accuracy 84.142%
Epoch 250 | accuracy 84.294%
Epoch 270 | accuracy 84.404%
Stopped early with patience 100
Using 4% of the dataset.
20% of the training data will be original, the rest augmented.
The geometric parameter is 0.5.
2.186 s/it
Epoch 0 | accuracy 50.0%
Epoch 3 | accuracy 53.102%
Epoch 4 | accuracy 70.795%
Epoch 6 | accuracy 71.276%
Epoch 7 | accuracy 74.312%
Epoch 10 | accuracy 74.924%
Epoch 12 | accuracy 75.448%
Epoch 13 | accuracy 76.125%
Epoch 15 | accuracy 76.474%
Epoch 17 | accuracy 76.54%
Epoch 18 | accuracy 77.654%
Epoch 21 | accuracy 78.44%
Epoch 23 | accuracy 78.484%
Epoch 34 | accuracy 78.812%
Epoch 35 | accuracy 79.27%
Epoch 38 | accuracy 79.445%
Epoch 39 | accuracy 79.882%
Epoch 40 | accuracy 80.188%
Epoch 43 | accuracy 80.406%
Epoch 44 | accuracy 80.931%
Epoch 47 | accuracy 81.127%
Epoch 51 | accuracy 81.63%
Epoch 55 | accuracy 81.695%
Epoch 58 | accuracy 81.848%
Epoch 59 | accuracy 81.935%
Epoch 62 | accuracy 82.197%
Epoch 72 | accuracy 82.285%
Epoch 77 | accuracy 82.831%
Epoch 118 | accuracy 82.984%
Epoch 119 | accuracy 83.006%
Epoch 129 | accuracy 83.071%
Epoch 132 | accuracy 83.093%
Epoch 160 | accuracy 83.137%
Epoch 177 | accuracy 83.355%
Epoch 180 | accuracy 83.443%
Epoch 274 | accuracy 83.508%
Epoch 317 | accuracy 83.574%
Epoch 320 | accuracy 83.639%
Epoch 325 | accuracy 83.727%
Epoch 385 | accuracy 83.748%
Epoch 389 | accuracy 83.836%
Epoch 393 | accuracy 83.901%
Epoch 394 | accuracy 84.032%
Epoch 454 | accuracy 84.076%
Epoch 455 | accuracy 84.338%
Epoch 456 | accuracy 84.447%
Stopped early with patience 100
Using 4% of the dataset.
20% of the training data will be original, the rest augmented.
The geometric parameter is 0.6.
2.241 s/it
Epoch 0 | accuracy 50.0%
Epoch 5 | accuracy 63.346%
Epoch 6 | accuracy 69.834%
Epoch 8 | accuracy 74.115%
Epoch 9 | accuracy 75.36%
Epoch 16 | accuracy 76.059%
Epoch 18 | accuracy 76.125%
Epoch 19 | accuracy 76.824%
Epoch 20 | accuracy 77.851%
Epoch 24 | accuracy 79.096%
Epoch 26 | accuracy 79.249%
Epoch 27 | accuracy 79.817%
Epoch 28 | accuracy 80.1%
Epoch 29 | accuracy 80.516%
Epoch 31 | accuracy 80.537%
Epoch 32 | accuracy 80.559%
Epoch 33 | accuracy 81.149%
Epoch 35 | accuracy 81.236%
Epoch 37 | accuracy 81.346%
Epoch 41 | accuracy 81.389%
Epoch 42 | accuracy 82.154%
Epoch 46 | accuracy 82.263%
Epoch 48 | accuracy 82.307%
Epoch 49 | accuracy 82.35%
Epoch 55 | accuracy 82.525%
Epoch 57 | accuracy 82.656%
Epoch 62 | accuracy 82.853%
Epoch 73 | accuracy 82.875%
Epoch 80 | accuracy 83.028%
Epoch 86 | accuracy 83.268%
Epoch 104 | accuracy 83.617%
Epoch 108 | accuracy 83.748%
Epoch 146 | accuracy 83.77%
Epoch 150 | accuracy 83.792%
Epoch 169 | accuracy 83.879%
Epoch 181 | accuracy 83.989%
Epoch 182 | accuracy 84.12%
Epoch 214 | accuracy 84.185%
Epoch 219 | accuracy 84.273%
Epoch 247 | accuracy 84.447%
Epoch 249 | accuracy 84.578%
Epoch 274 | accuracy 84.709%
Epoch 276 | accuracy 84.993%
Epoch 281 | accuracy 85.125%
Epoch 283 | accuracy 85.343%
Stopped early with patience 100
Using 4% of the dataset.
20% of the training data will be original, the rest augmented.
The geometric parameter is 0.7.
2.277 s/it
Epoch 0 | accuracy 50.0%
Epoch 3 | accuracy 50.437%
Epoch 4 | accuracy 55.92%
Epoch 5 | accuracy 61.206%
Epoch 6 | accuracy 67.519%
Epoch 7 | accuracy 71.254%
Epoch 8 | accuracy 74.137%
Epoch 9 | accuracy 74.225%
Epoch 10 | accuracy 74.399%
Epoch 11 | accuracy 74.552%
Epoch 12 | accuracy 74.858%
Epoch 13 | accuracy 75.382%
Epoch 14 | accuracy 75.885%
Epoch 16 | accuracy 75.907%
Epoch 17 | accuracy 76.453%
Epoch 18 | accuracy 77.304%
Epoch 19 | accuracy 77.348%
Epoch 20 | accuracy 78.156%
Epoch 22 | accuracy 78.484%
Epoch 23 | accuracy 78.812%
Epoch 24 | accuracy 78.943%
Epoch 26 | accuracy 79.401%
Epoch 28 | accuracy 79.533%
Epoch 29 | accuracy 79.642%
Epoch 30 | accuracy 79.838%
Epoch 33 | accuracy 80.603%
Epoch 34 | accuracy 80.625%
Epoch 37 | accuracy 80.996%
Epoch 41 | accuracy 81.149%
Epoch 43 | accuracy 81.193%
Epoch 48 | accuracy 81.346%
Epoch 53 | accuracy 81.389%
Epoch 57 | accuracy 81.411%
Epoch 59 | accuracy 81.455%
Epoch 62 | accuracy 81.695%
Epoch 67 | accuracy 81.761%
Epoch 69 | accuracy 81.782%
Epoch 74 | accuracy 82.001%
Epoch 78 | accuracy 82.197%
Epoch 82 | accuracy 82.525%
Epoch 83 | accuracy 82.678%
Epoch 90 | accuracy 82.787%
Epoch 93 | accuracy 82.809%
Epoch 100 | accuracy 82.853%
Epoch 111 | accuracy 82.918%
Epoch 121 | accuracy 83.006%
Epoch 124 | accuracy 83.268%
Epoch 125 | accuracy 83.552%
Epoch 141 | accuracy 83.727%
Epoch 154 | accuracy 83.836%
Epoch 224 | accuracy 83.901%
Epoch 225 | accuracy 84.01%
Epoch 227 | accuracy 84.054%
Epoch 228 | accuracy 84.12%
Epoch 229 | accuracy 84.163%
Epoch 231 | accuracy 84.338%
Epoch 300 | accuracy 84.404%
Epoch 302 | accuracy 84.426%
Epoch 352 | accuracy 84.95%
Epoch 358 | accuracy 84.972%
Epoch 371 | accuracy 85.015%
Stopped early with patience 100
Using 4% of the dataset.
20% of the training data will be original, the rest augmented.
The geometric parameter is 0.8.
2.264 s/it
Epoch 0 | accuracy 50.0%
Epoch 1 | accuracy 51.18%
Epoch 2 | accuracy 66.798%
Epoch 3 | accuracy 70.315%
Epoch 4 | accuracy 71.254%
Epoch 5 | accuracy 72.543%
Epoch 6 | accuracy 73.285%
Epoch 7 | accuracy 74.509%
Epoch 8 | accuracy 74.596%
Epoch 9 | accuracy 75.033%
Epoch 11 | accuracy 75.404%
Epoch 14 | accuracy 76.081%
Epoch 15 | accuracy 76.19%
Epoch 16 | accuracy 76.387%
Epoch 19 | accuracy 77.108%
Epoch 20 | accuracy 77.501%
Epoch 23 | accuracy 77.916%
Epoch 24 | accuracy 78.113%
Epoch 25 | accuracy 78.899%
Epoch 28 | accuracy 78.943%
Epoch 29 | accuracy 79.838%
Epoch 32 | accuracy 80.275%
Epoch 33 | accuracy 80.384%
Epoch 36 | accuracy 80.406%
Epoch 37 | accuracy 80.799%
Epoch 38 | accuracy 80.865%
Epoch 41 | accuracy 81.127%
Epoch 46 | accuracy 81.367%
Epoch 51 | accuracy 81.848%
Epoch 52 | accuracy 82.307%
Epoch 60 | accuracy 82.35%
Epoch 76 | accuracy 82.372%
Epoch 91 | accuracy 82.547%
Epoch 106 | accuracy 82.7%
Epoch 113 | accuracy 83.006%
Epoch 114 | accuracy 83.29%
Epoch 118 | accuracy 83.486%
Epoch 125 | accuracy 83.508%
Epoch 160 | accuracy 83.53%
Epoch 181 | accuracy 83.923%
Epoch 183 | accuracy 83.989%
Epoch 229 | accuracy 84.032%
Epoch 231 | accuracy 84.054%
Epoch 247 | accuracy 84.098%
Epoch 278 | accuracy 84.163%
Epoch 279 | accuracy 84.273%
Epoch 288 | accuracy 84.382%
Stopped early with patience 100
Using 4% of the dataset.
20% of the training data will be original, the rest augmented.
The geometric parameter is 0.9.
2.316 s/it
Epoch 0 | accuracy 50.0%
Epoch 1 | accuracy 50.415%
Epoch 2 | accuracy 65.509%
Epoch 3 | accuracy 68.698%
Epoch 4 | accuracy 69.637%
Epoch 5 | accuracy 69.703%
Epoch 6 | accuracy 72.062%
Epoch 7 | accuracy 74.618%
Epoch 8 | accuracy 75.448%
Epoch 9 | accuracy 75.623%
Epoch 13 | accuracy 76.737%
Epoch 15 | accuracy 76.802%
Epoch 16 | accuracy 77.042%
Epoch 17 | accuracy 77.436%
Epoch 18 | accuracy 77.916%
Epoch 19 | accuracy 79.074%
Epoch 21 | accuracy 79.227%
Epoch 22 | accuracy 79.336%
Epoch 24 | accuracy 79.489%
Epoch 25 | accuracy 79.838%
Epoch 27 | accuracy 80.188%
Epoch 28 | accuracy 80.384%
Epoch 34 | accuracy 80.625%
Epoch 35 | accuracy 80.865%
Epoch 37 | accuracy 80.952%
Epoch 38 | accuracy 81.367%
Epoch 39 | accuracy 81.411%
Epoch 41 | accuracy 81.651%
Epoch 42 | accuracy 81.761%
Epoch 55 | accuracy 82.001%
Epoch 57 | accuracy 82.023%
Epoch 62 | accuracy 82.11%
Epoch 65 | accuracy 82.154%
Epoch 69 | accuracy 82.416%
Epoch 72 | accuracy 82.722%
Epoch 91 | accuracy 82.853%
Epoch 98 | accuracy 83.093%
Epoch 101 | accuracy 83.137%
Epoch 106 | accuracy 83.202%
Epoch 107 | accuracy 83.268%
Epoch 110 | accuracy 83.29%
Epoch 114 | accuracy 83.399%
Epoch 115 | accuracy 83.443%
Epoch 121 | accuracy 83.486%
Epoch 126 | accuracy 83.595%
Epoch 175 | accuracy 83.683%
Epoch 177 | accuracy 83.77%
Epoch 183 | accuracy 83.814%
Epoch 195 | accuracy 83.836%
Epoch 196 | accuracy 83.879%
Epoch 202 | accuracy 83.945%
Epoch 205 | accuracy 84.12%
Epoch 234 | accuracy 84.185%
Epoch 244 | accuracy 84.229%
Epoch 248 | accuracy 84.404%
Epoch 271 | accuracy 84.578%
Stopped early with patience 100
Using 4% of the dataset.
11% of the training data will be original, the rest augmented.
The geometric parameter is 0.3.
2.338 s/it
Epoch 0 | accuracy 50.0%
Epoch 3 | accuracy 51.507%
Epoch 4 | accuracy 59.305%
Epoch 5 | accuracy 66.798%
Epoch 6 | accuracy 73.766%
Epoch 9 | accuracy 74.093%
Epoch 12 | accuracy 74.225%
Epoch 14 | accuracy 74.705%
Epoch 15 | accuracy 74.771%
Epoch 16 | accuracy 76.846%
Epoch 18 | accuracy 76.955%
Epoch 21 | accuracy 78.113%
Epoch 24 | accuracy 79.838%
Epoch 26 | accuracy 79.86%
Epoch 29 | accuracy 80.428%
Epoch 40 | accuracy 81.498%
Epoch 42 | accuracy 81.717%
Epoch 46 | accuracy 81.782%
Epoch 50 | accuracy 82.001%
Epoch 51 | accuracy 82.197%
Epoch 54 | accuracy 82.263%
Epoch 57 | accuracy 82.416%
Epoch 61 | accuracy 82.525%
Epoch 82 | accuracy 82.744%
Epoch 103 | accuracy 82.896%
Epoch 122 | accuracy 82.94%
Epoch 127 | accuracy 83.159%
Epoch 128 | accuracy 83.355%
Epoch 131 | accuracy 83.574%
Epoch 139 | accuracy 83.705%
Stopped early with patience 100
Using 4% of the dataset.
11% of the training data will be original, the rest augmented.
The geometric parameter is 0.5.
2.359 s/it
Epoch 0 | accuracy 50.0%
Epoch 3 | accuracy 54.085%
Epoch 4 | accuracy 67.213%
Epoch 5 | accuracy 68.938%
Epoch 6 | accuracy 70.315%
Epoch 7 | accuracy 71.647%
Epoch 8 | accuracy 73.394%
Epoch 9 | accuracy 74.356%
Epoch 10 | accuracy 74.53%
Epoch 11 | accuracy 74.967%
Epoch 12 | accuracy 75.033%
Epoch 13 | accuracy 75.797%
Epoch 14 | accuracy 76.322%
Epoch 17 | accuracy 77.807%
Epoch 18 | accuracy 77.938%
Epoch 27 | accuracy 78.091%
Epoch 28 | accuracy 78.702%
Epoch 29 | accuracy 78.79%
Epoch 30 | accuracy 78.855%
Epoch 31 | accuracy 79.008%
Epoch 33 | accuracy 79.27%
Epoch 34 | accuracy 79.445%
Epoch 36 | accuracy 79.62%
Epoch 37 | accuracy 79.642%
Epoch 38 | accuracy 79.751%
Epoch 39 | accuracy 80.035%
Epoch 40 | accuracy 80.1%
Epoch 41 | accuracy 80.232%
Epoch 44 | accuracy 80.69%
Epoch 45 | accuracy 80.952%
Epoch 49 | accuracy 81.324%
Epoch 50 | accuracy 81.913%
Epoch 58 | accuracy 82.241%
Epoch 66 | accuracy 82.307%
Epoch 67 | accuracy 82.35%
Epoch 71 | accuracy 82.678%
Epoch 88 | accuracy 82.722%
Epoch 90 | accuracy 82.744%
Epoch 91 | accuracy 82.787%
Epoch 97 | accuracy 82.809%
Epoch 101 | accuracy 82.94%
Epoch 108 | accuracy 83.006%
Epoch 118 | accuracy 83.18%
Epoch 135 | accuracy 83.29%
Epoch 137 | accuracy 83.486%
Epoch 145 | accuracy 83.508%
Epoch 149 | accuracy 83.53%
Epoch 155 | accuracy 83.727%
Epoch 160 | accuracy 84.316%
Epoch 161 | accuracy 84.36%
Stopped early with patience 100
Using 4% of the dataset.
11% of the training data will be original, the rest augmented.
The geometric parameter is 0.6.
2.441 s/it
Epoch 0 | accuracy 50.066%
Epoch 1 | accuracy 51.354%
Epoch 2 | accuracy 57.82%
Epoch 3 | accuracy 65.05%
Epoch 4 | accuracy 71.166%
Epoch 5 | accuracy 71.472%
Epoch 6 | accuracy 72.63%
Epoch 7 | accuracy 73.482%
Epoch 8 | accuracy 73.678%
Epoch 9 | accuracy 73.984%
Epoch 10 | accuracy 74.509%
Epoch 11 | accuracy 74.64%
Epoch 16 | accuracy 75.819%
Epoch 17 | accuracy 76.627%
Epoch 19 | accuracy 77.064%
Epoch 22 | accuracy 77.414%
Epoch 23 | accuracy 77.916%
Epoch 24 | accuracy 78.943%
Epoch 25 | accuracy 79.03%
Epoch 26 | accuracy 79.292%
Epoch 30 | accuracy 80.013%
Epoch 34 | accuracy 80.232%
Epoch 35 | accuracy 80.253%
Epoch 42 | accuracy 80.275%
Epoch 43 | accuracy 80.494%
Epoch 45 | accuracy 80.712%
Epoch 46 | accuracy 80.887%
Epoch 47 | accuracy 80.996%
Epoch 48 | accuracy 81.28%
Epoch 49 | accuracy 81.346%
Epoch 51 | accuracy 81.52%
Epoch 55 | accuracy 81.673%
Epoch 56 | accuracy 81.717%
Epoch 58 | accuracy 81.87%
Epoch 68 | accuracy 82.023%
Epoch 69 | accuracy 82.11%
Epoch 73 | accuracy 82.263%
Epoch 74 | accuracy 82.416%
Epoch 91 | accuracy 82.656%
Epoch 93 | accuracy 82.7%
Epoch 94 | accuracy 82.875%
Epoch 113 | accuracy 83.159%
Epoch 114 | accuracy 83.202%
Epoch 117 | accuracy 83.399%
Epoch 133 | accuracy 83.421%
Epoch 134 | accuracy 83.727%
Epoch 137 | accuracy 83.836%
Stopped early with patience 100
Using 4% of the dataset.
11% of the training data will be original, the rest augmented.
The geometric parameter is 0.7.
2.372 s/it
Epoch 0 | accuracy 50.0%
Epoch 3 | accuracy 52.665%
Epoch 4 | accuracy 62.036%
Epoch 5 | accuracy 68.654%
Epoch 8 | accuracy 71.21%
Epoch 9 | accuracy 72.783%
Epoch 10 | accuracy 74.05%
Epoch 11 | accuracy 74.377%
Epoch 13 | accuracy 75.12%
Epoch 15 | accuracy 76.453%
Epoch 18 | accuracy 77.326%
Epoch 19 | accuracy 77.829%
Epoch 20 | accuracy 78.724%
Epoch 21 | accuracy 79.118%
Epoch 26 | accuracy 79.795%
Epoch 27 | accuracy 80.559%
Epoch 29 | accuracy 80.799%
Epoch 32 | accuracy 80.865%
Epoch 33 | accuracy 80.909%
Epoch 34 | accuracy 81.083%
Epoch 36 | accuracy 81.105%
Epoch 39 | accuracy 81.171%
Epoch 41 | accuracy 81.564%
Epoch 47 | accuracy 82.023%
Epoch 50 | accuracy 82.219%
Epoch 51 | accuracy 82.416%
Epoch 57 | accuracy 82.7%
Epoch 63 | accuracy 83.006%
Epoch 70 | accuracy 83.137%
Epoch 73 | accuracy 83.18%
Epoch 103 | accuracy 83.224%
Epoch 104 | accuracy 83.421%
Epoch 107 | accuracy 83.552%
Epoch 130 | accuracy 83.639%
Epoch 134 | accuracy 83.705%
Epoch 139 | accuracy 83.836%
Epoch 144 | accuracy 84.032%
Epoch 193 | accuracy 84.207%
Epoch 196 | accuracy 84.557%
Stopped early with patience 100
Using 4% of the dataset.
11% of the training data will be original, the rest augmented.
The geometric parameter is 0.8.
2.35 s/it
Epoch 0 | accuracy 50.0%
Epoch 3 | accuracy 51.332%
Epoch 4 | accuracy 54.391%
Epoch 5 | accuracy 55.002%
Epoch 6 | accuracy 58.563%
Epoch 7 | accuracy 64.198%
Epoch 8 | accuracy 69.812%
Epoch 9 | accuracy 72.477%
Epoch 10 | accuracy 73.766%
Epoch 11 | accuracy 74.093%
Epoch 12 | accuracy 74.683%
Epoch 13 | accuracy 74.814%
Epoch 15 | accuracy 75.317%
Epoch 16 | accuracy 76.19%
Epoch 18 | accuracy 77.152%
Epoch 19 | accuracy 77.763%
Epoch 21 | accuracy 78.55%
Epoch 22 | accuracy 79.161%
Epoch 25 | accuracy 79.511%
Epoch 26 | accuracy 79.882%
Epoch 28 | accuracy 80.647%
Epoch 36 | accuracy 80.734%
Epoch 38 | accuracy 81.389%
Epoch 39 | accuracy 81.498%
Epoch 42 | accuracy 81.761%
Epoch 58 | accuracy 81.826%
Epoch 59 | accuracy 81.892%
Epoch 62 | accuracy 81.913%
Epoch 63 | accuracy 82.7%
Epoch 67 | accuracy 82.744%
Epoch 83 | accuracy 82.765%
Epoch 87 | accuracy 82.875%
Epoch 89 | accuracy 83.006%
Epoch 101 | accuracy 83.137%
Epoch 104 | accuracy 83.792%
Epoch 163 | accuracy 83.967%
Epoch 165 | accuracy 84.054%
Epoch 168 | accuracy 84.338%
Epoch 170 | accuracy 84.491%
Epoch 260 | accuracy 84.557%
Epoch 293 | accuracy 84.928%
Epoch 298 | accuracy 85.168%
Stopped early with patience 100
Using 4% of the dataset.
11% of the training data will be original, the rest augmented.
The geometric parameter is 0.9.
2.44 s/it
Epoch 0 | accuracy 50.0%
Epoch 2 | accuracy 50.917%
Epoch 3 | accuracy 61.708%
Epoch 4 | accuracy 66.361%
Epoch 5 | accuracy 71.713%
Epoch 6 | accuracy 75.623%
Epoch 7 | accuracy 76.562%
Epoch 9 | accuracy 76.606%
Epoch 14 | accuracy 76.737%
Epoch 15 | accuracy 76.955%
Epoch 16 | accuracy 77.152%
Epoch 17 | accuracy 77.37%
Epoch 18 | accuracy 77.414%
Epoch 19 | accuracy 78.025%
Epoch 20 | accuracy 78.506%
Epoch 21 | accuracy 78.855%
Epoch 24 | accuracy 79.292%
Epoch 25 | accuracy 79.576%
Epoch 26 | accuracy 80.1%
Epoch 30 | accuracy 80.778%
Epoch 32 | accuracy 81.018%
Epoch 47 | accuracy 81.105%
Epoch 48 | accuracy 81.215%
Epoch 50 | accuracy 81.695%
Epoch 55 | accuracy 81.826%
Epoch 58 | accuracy 82.001%
Epoch 59 | accuracy 82.023%
Epoch 62 | accuracy 82.263%
Epoch 63 | accuracy 82.329%
Epoch 66 | accuracy 82.634%
Epoch 67 | accuracy 82.656%
Epoch 96 | accuracy 82.896%
Epoch 123 | accuracy 82.94%
Epoch 124 | accuracy 83.049%
Epoch 126 | accuracy 83.224%
Epoch 127 | accuracy 83.246%
Epoch 130 | accuracy 83.268%
Epoch 131 | accuracy 83.421%
Epoch 140 | accuracy 83.595%
Epoch 152 | accuracy 83.77%
Epoch 159 | accuracy 84.163%
Epoch 161 | accuracy 84.207%
Epoch 250 | accuracy 84.513%
Stopped early with patience 100
Using 4% of the dataset.
5% of the training data will be original, the rest augmented.
The geometric parameter is 0.3.
2.358 s/it
Epoch 0 | accuracy 50.0%
Epoch 6 | accuracy 61.424%
Epoch 7 | accuracy 65.4%
Epoch 9 | accuracy 66.295%
Epoch 10 | accuracy 71.887%
Epoch 11 | accuracy 73.788%
Epoch 14 | accuracy 73.831%
Epoch 15 | accuracy 74.88%
Epoch 17 | accuracy 75.841%
Epoch 18 | accuracy 75.928%
Epoch 19 | accuracy 77.392%
Epoch 20 | accuracy 77.523%
Epoch 23 | accuracy 77.829%
Epoch 25 | accuracy 78.419%
Epoch 30 | accuracy 78.659%
Epoch 35 | accuracy 78.899%
Epoch 36 | accuracy 79.445%
Epoch 40 | accuracy 79.62%
Epoch 44 | accuracy 79.948%
Epoch 45 | accuracy 80.1%
Epoch 49 | accuracy 80.537%
Epoch 53 | accuracy 80.647%
Epoch 54 | accuracy 80.821%
Epoch 56 | accuracy 80.865%
Epoch 58 | accuracy 81.105%
Epoch 60 | accuracy 81.389%
Epoch 63 | accuracy 81.739%
Epoch 70 | accuracy 81.782%
Epoch 71 | accuracy 81.826%
Epoch 75 | accuracy 82.197%
Epoch 82 | accuracy 82.394%
Epoch 83 | accuracy 82.481%
Epoch 86 | accuracy 82.569%
Epoch 106 | accuracy 82.678%
Epoch 110 | accuracy 82.744%
Epoch 111 | accuracy 82.853%
Epoch 126 | accuracy 82.984%
Epoch 138 | accuracy 83.159%
