INFO:BiLSTMAgent:Using 1 of the dataset.
INFO:BiLSTMAgent:14% of the training data will be original, the rest augmented.
INFO:BiLSTMAgent:The geometric parameter is 0.5.
INFO:BiLSTMAgent:Training epoch 0 | loss: 0.64023 - accuracy: 0.6599
INFO:BiLSTMAgent:Validating epoch 0 | loss: 0.53463 - accuracy: 0.76584
INFO:BiLSTMAgent:Training epoch 1 | loss: 0.51099 - accuracy: 0.7972
INFO:BiLSTMAgent:Validating epoch 1 | loss: 0.48043 - accuracy: 0.82329
INFO:BiLSTMAgent:Training epoch 2 | loss: 0.47712 - accuracy: 0.82924
INFO:BiLSTMAgent:Validating epoch 2 | loss: 0.46368 - accuracy: 0.84054
INFO:BiLSTMAgent:Training epoch 3 | loss: 0.45904 - accuracy: 0.84853
INFO:BiLSTMAgent:Validating epoch 3 | loss: 0.46272 - accuracy: 0.846
INFO:BiLSTMAgent:Training epoch 4 | loss: 0.44875 - accuracy: 0.85851
INFO:BiLSTMAgent:Validating epoch 4 | loss: 0.4553 - accuracy: 0.85518
INFO:BiLSTMAgent:Training epoch 5 | loss: 0.43957 - accuracy: 0.87011
INFO:BiLSTMAgent:Validating epoch 5 | loss: 0.47319 - accuracy: 0.83923
INFO:BiLSTMAgent:Training epoch 6 | loss: 0.43462 - accuracy: 0.87316
INFO:BiLSTMAgent:Validating epoch 6 | loss: 0.42886 - accuracy: 0.87615
INFO:BiLSTMAgent:Training epoch 7 | loss: 0.42558 - accuracy: 0.88319
INFO:BiLSTMAgent:Validating epoch 7 | loss: 0.43288 - accuracy: 0.87527
INFO:BiLSTMAgent:Training epoch 8 | loss: 0.42003 - accuracy: 0.88894
INFO:BiLSTMAgent:Validating epoch 8 | loss: 0.41953 - accuracy: 0.88663
INFO:BiLSTMAgent:Training epoch 9 | loss: 0.41274 - accuracy: 0.89586
INFO:BiLSTMAgent:Validating epoch 9 | loss: 0.41473 - accuracy: 0.88729
INFO:BiLSTMAgent:Training epoch 10 | loss: 0.40874 - accuracy: 0.90108
INFO:BiLSTMAgent:Validating epoch 10 | loss: 0.42141 - accuracy: 0.88729
INFO:BiLSTMAgent:Training epoch 11 | loss: 0.40374 - accuracy: 0.90634
INFO:BiLSTMAgent:Validating epoch 11 | loss: 0.40357 - accuracy: 0.90214
INFO:BiLSTMAgent:Training epoch 12 | loss: 0.39881 - accuracy: 0.91086
INFO:BiLSTMAgent:Validating epoch 12 | loss: 0.42 - accuracy: 0.89275
INFO:BiLSTMAgent:Training epoch 13 | loss: 0.40252 - accuracy: 0.90763
INFO:BiLSTMAgent:Validating epoch 13 | loss: 0.40456 - accuracy: 0.90083
INFO:BiLSTMAgent:Training epoch 14 | loss: 0.39704 - accuracy: 0.91275
INFO:BiLSTMAgent:Validating epoch 14 | loss: 0.40033 - accuracy: 0.90848
INFO:BiLSTMAgent:Training epoch 15 | loss: 0.39461 - accuracy: 0.91554
INFO:BiLSTMAgent:Validating epoch 15 | loss: 0.40418 - accuracy: 0.90673
INFO:BiLSTMAgent:Training epoch 16 | loss: 0.39463 - accuracy: 0.91556
INFO:BiLSTMAgent:Validating epoch 16 | loss: 0.40493 - accuracy: 0.90389
INFO:BiLSTMAgent:Training epoch 17 | loss: 0.38704 - accuracy: 0.92445
INFO:BiLSTMAgent:Validating epoch 17 | loss: 0.39949 - accuracy: 0.9052
INFO:BiLSTMAgent:Training epoch 18 | loss: 0.38863 - accuracy: 0.92289
INFO:BiLSTMAgent:Validating epoch 18 | loss: 0.39739 - accuracy: 0.91
INFO:BiLSTMAgent:Training epoch 19 | loss: 0.38737 - accuracy: 0.92304
INFO:BiLSTMAgent:Validating epoch 19 | loss: 0.39588 - accuracy: 0.9111
INFO:BiLSTMAgent:Training epoch 20 | loss: 0.3857 - accuracy: 0.92476
INFO:BiLSTMAgent:Validating epoch 20 | loss: 0.39777 - accuracy: 0.9111
INFO:BiLSTMAgent:Training epoch 21 | loss: 0.38287 - accuracy: 0.9276
INFO:BiLSTMAgent:Validating epoch 21 | loss: 0.39197 - accuracy: 0.91568
INFO:BiLSTMAgent:Training epoch 22 | loss: 0.38178 - accuracy: 0.92933
INFO:BiLSTMAgent:Validating epoch 22 | loss: 0.40574 - accuracy: 0.9052
INFO:BiLSTMAgent:Training epoch 23 | loss: 0.38317 - accuracy: 0.92755
INFO:BiLSTMAgent:Validating epoch 23 | loss: 0.39578 - accuracy: 0.91481
INFO:BiLSTMAgent:Training epoch 24 | loss: 0.37872 - accuracy: 0.9317
INFO:BiLSTMAgent:Validating epoch 24 | loss: 0.39303 - accuracy: 0.91525
INFO:BiLSTMAgent:Training epoch 25 | loss: 0.37666 - accuracy: 0.93517
INFO:BiLSTMAgent:Validating epoch 25 | loss: 0.39435 - accuracy: 0.91459
INFO:BiLSTMAgent:Training epoch 26 | loss: 0.3792 - accuracy: 0.93289
INFO:BiLSTMAgent:Validating epoch 26 | loss: 0.39136 - accuracy: 0.91612
INFO:BiLSTMAgent:Training epoch 27 | loss: 0.37593 - accuracy: 0.93479
INFO:BiLSTMAgent:Validating epoch 27 | loss: 0.39153 - accuracy: 0.91699
INFO:BiLSTMAgent:Training epoch 28 | loss: 0.37467 - accuracy: 0.93646
INFO:BiLSTMAgent:Validating epoch 28 | loss: 0.39218 - accuracy: 0.91568
INFO:BiLSTMAgent:Training epoch 29 | loss: 0.37452 - accuracy: 0.93658
INFO:BiLSTMAgent:Validating epoch 29 | loss: 0.38741 - accuracy: 0.91983
INFO:BiLSTMAgent:Training epoch 30 | loss: 0.37303 - accuracy: 0.93772
INFO:BiLSTMAgent:Validating epoch 30 | loss: 0.40265 - accuracy: 0.90848
INFO:BiLSTMAgent:Training epoch 31 | loss: 0.37126 - accuracy: 0.94059
INFO:BiLSTMAgent:Validating epoch 31 | loss: 0.39433 - accuracy: 0.91612
INFO:BiLSTMAgent:Training epoch 32 | loss: 0.37061 - accuracy: 0.94105
INFO:BiLSTMAgent:Validating epoch 32 | loss: 0.39521 - accuracy: 0.91525
INFO:BiLSTMAgent:Training epoch 33 | loss: 0.37231 - accuracy: 0.93925
INFO:BiLSTMAgent:Validating epoch 33 | loss: 0.38833 - accuracy: 0.91874
INFO:BiLSTMAgent:Training epoch 34 | loss: 0.37415 - accuracy: 0.93741
INFO:BiLSTMAgent:Validating epoch 34 | loss: 0.38961 - accuracy: 0.91699
INFO:BiLSTMAgent:Training epoch 35 | loss: 0.37037 - accuracy: 0.94163
INFO:BiLSTMAgent:Validating epoch 35 | loss: 0.3906 - accuracy: 0.91896
INFO:BiLSTMAgent:Training epoch 36 | loss: 0.36872 - accuracy: 0.94294
INFO:BiLSTMAgent:Validating epoch 36 | loss: 0.38875 - accuracy: 0.91962
INFO:BiLSTMAgent:Training epoch 37 | loss: 0.37256 - accuracy: 0.9386
INFO:BiLSTMAgent:Validating epoch 37 | loss: 0.38993 - accuracy: 0.91459
INFO:BiLSTMAgent:Training epoch 38 | loss: 0.37095 - accuracy: 0.94078
INFO:BiLSTMAgent:Validating epoch 38 | loss: 0.38774 - accuracy: 0.9218
INFO:BiLSTMAgent:Training epoch 39 | loss: 0.36891 - accuracy: 0.94338
INFO:BiLSTMAgent:Validating epoch 39 | loss: 0.38868 - accuracy: 0.9194
INFO:BiLSTMAgent:Training epoch 40 | loss: 0.36761 - accuracy: 0.94391
INFO:BiLSTMAgent:Validating epoch 40 | loss: 0.38666 - accuracy: 0.92027
INFO:BiLSTMAgent:Training epoch 41 | loss: 0.36727 - accuracy: 0.94432
INFO:BiLSTMAgent:Validating epoch 41 | loss: 0.38726 - accuracy: 0.91918
INFO:BiLSTMAgent:Training epoch 42 | loss: 0.36735 - accuracy: 0.94515
INFO:BiLSTMAgent:Validating epoch 42 | loss: 0.38688 - accuracy: 0.9194
INFO:BiLSTMAgent:Training epoch 43 | loss: 0.3683 - accuracy: 0.94391
INFO:BiLSTMAgent:Validating epoch 43 | loss: 0.39388 - accuracy: 0.90979
INFO:BiLSTMAgent:Training epoch 44 | loss: 0.37457 - accuracy: 0.93661
INFO:BiLSTMAgent:Validating epoch 44 | loss: 0.38837 - accuracy: 0.91962
INFO:BiLSTMAgent:Training epoch 45 | loss: 0.36464 - accuracy: 0.94746
INFO:BiLSTMAgent:Validating epoch 45 | loss: 0.38416 - accuracy: 0.9242
INFO:BiLSTMAgent:Training epoch 46 | loss: 0.36628 - accuracy: 0.94532
INFO:BiLSTMAgent:Validating epoch 46 | loss: 0.38923 - accuracy: 0.92093
INFO:BiLSTMAgent:Training epoch 47 | loss: 0.36425 - accuracy: 0.94748
INFO:BiLSTMAgent:Validating epoch 47 | loss: 0.38549 - accuracy: 0.92464
INFO:BiLSTMAgent:Training epoch 48 | loss: 0.36542 - accuracy: 0.94687
INFO:BiLSTMAgent:Validating epoch 48 | loss: 0.3962 - accuracy: 0.91328
INFO:BiLSTMAgent:Training epoch 49 | loss: 0.36549 - accuracy: 0.94777
INFO:BiLSTMAgent:Validating epoch 49 | loss: 0.38877 - accuracy: 0.92158
INFO:BiLSTMAgent:Training epoch 50 | loss: 0.36535 - accuracy: 0.94665
INFO:BiLSTMAgent:Validating epoch 50 | loss: 0.38486 - accuracy: 0.92486
INFO:BiLSTMAgent:Training epoch 51 | loss: 0.36333 - accuracy: 0.94843
INFO:BiLSTMAgent:Validating epoch 51 | loss: 0.38866 - accuracy: 0.9194
INFO:BiLSTMAgent:Training epoch 52 | loss: 0.36166 - accuracy: 0.95044
INFO:BiLSTMAgent:Validating epoch 52 | loss: 0.38273 - accuracy: 0.92442
INFO:BiLSTMAgent:Training epoch 53 | loss: 0.36222 - accuracy: 0.95005
INFO:BiLSTMAgent:Validating epoch 53 | loss: 0.38501 - accuracy: 0.92224
INFO:BiLSTMAgent:Training epoch 54 | loss: 0.36473 - accuracy: 0.94733
INFO:BiLSTMAgent:Validating epoch 54 | loss: 0.38732 - accuracy: 0.92377
INFO:BiLSTMAgent:Training epoch 55 | loss: 0.36079 - accuracy: 0.95151
INFO:BiLSTMAgent:Validating epoch 55 | loss: 0.38324 - accuracy: 0.92551
INFO:BiLSTMAgent:Training epoch 56 | loss: 0.36268 - accuracy: 0.94918
INFO:BiLSTMAgent:Validating epoch 56 | loss: 0.40354 - accuracy: 0.89777
INFO:BiLSTMAgent:Training epoch 57 | loss: 0.3672 - accuracy: 0.94447
INFO:BiLSTMAgent:Validating epoch 57 | loss: 0.38411 - accuracy: 0.92377
INFO:BiLSTMAgent:Training epoch 58 | loss: 0.3617 - accuracy: 0.94976
INFO:BiLSTMAgent:Validating epoch 58 | loss: 0.38497 - accuracy: 0.9218
INFO:BiLSTMAgent:Training epoch 59 | loss: 0.36082 - accuracy: 0.95119
INFO:BiLSTMAgent:Validating epoch 59 | loss: 0.38922 - accuracy: 0.91896
INFO:BiLSTMAgent:Training epoch 60 | loss: 0.35865 - accuracy: 0.95381
INFO:BiLSTMAgent:Validating epoch 60 | loss: 0.38322 - accuracy: 0.92464
INFO:BiLSTMAgent:Training epoch 61 | loss: 0.3607 - accuracy: 0.95122
INFO:BiLSTMAgent:Validating epoch 61 | loss: 0.38339 - accuracy: 0.92289
INFO:BiLSTMAgent:Training epoch 62 | loss: 0.35991 - accuracy: 0.95161
INFO:BiLSTMAgent:Validating epoch 62 | loss: 0.38644 - accuracy: 0.92158
INFO:BiLSTMAgent:Training epoch 63 | loss: 0.36082 - accuracy: 0.95161
INFO:BiLSTMAgent:Validating epoch 63 | loss: 0.38894 - accuracy: 0.92049
INFO:BiLSTMAgent:Training epoch 64 | loss: 0.36074 - accuracy: 0.95195
INFO:BiLSTMAgent:Validating epoch 64 | loss: 0.38789 - accuracy: 0.92071
INFO:BiLSTMAgent:Training epoch 65 | loss: 0.35865 - accuracy: 0.95343
INFO:BiLSTMAgent:Validating epoch 65 | loss: 0.38604 - accuracy: 0.92071
INFO:BiLSTMAgent:Training epoch 66 | loss: 0.36087 - accuracy: 0.95073
INFO:BiLSTMAgent:Validating epoch 66 | loss: 0.38657 - accuracy: 0.92027
INFO:BiLSTMAgent:Training epoch 67 | loss: 0.35936 - accuracy: 0.9527
INFO:BiLSTMAgent:Validating epoch 67 | loss: 0.39121 - accuracy: 0.91874
INFO:BiLSTMAgent:Training epoch 68 | loss: 0.36286 - accuracy: 0.94864
INFO:BiLSTMAgent:Validating epoch 68 | loss: 0.38537 - accuracy: 0.92202
INFO:BiLSTMAgent:Training epoch 69 | loss: 0.36159 - accuracy: 0.95073
INFO:BiLSTMAgent:Validating epoch 69 | loss: 0.39063 - accuracy: 0.91787
INFO:BiLSTMAgent:Training epoch 70 | loss: 0.35664 - accuracy: 0.95602
INFO:BiLSTMAgent:Validating epoch 70 | loss: 0.38428 - accuracy: 0.92464
INFO:BiLSTMAgent:Training epoch 71 | loss: 0.35677 - accuracy: 0.95559
INFO:BiLSTMAgent:Validating epoch 71 | loss: 0.38788 - accuracy: 0.91983
INFO:BiLSTMAgent:Training epoch 72 | loss: 0.35753 - accuracy: 0.95505
INFO:BiLSTMAgent:Validating epoch 72 | loss: 0.3868 - accuracy: 0.92289
INFO:BiLSTMAgent:Training epoch 73 | loss: 0.3612 - accuracy: 0.95085
INFO:BiLSTMAgent:Validating epoch 73 | loss: 0.38658 - accuracy: 0.92355
INFO:BiLSTMAgent:Training epoch 74 | loss: 0.36099 - accuracy: 0.95141
INFO:BiLSTMAgent:Validating epoch 74 | loss: 0.38698 - accuracy: 0.92093
INFO:BiLSTMAgent:Training epoch 75 | loss: 0.35929 - accuracy: 0.95316
INFO:BiLSTMAgent:Validating epoch 75 | loss: 0.38335 - accuracy: 0.92355
INFO:BiLSTMAgent:Training epoch 76 | loss: 0.357 - accuracy: 0.9552
INFO:BiLSTMAgent:Validating epoch 76 | loss: 0.38625 - accuracy: 0.92246
INFO:BiLSTMAgent:Training epoch 77 | loss: 0.35449 - accuracy: 0.95772
INFO:BiLSTMAgent:Validating epoch 77 | loss: 0.38652 - accuracy: 0.92093
INFO:BiLSTMAgent:Training epoch 78 | loss: 0.35901 - accuracy: 0.95347
INFO:BiLSTMAgent:Validating epoch 78 | loss: 0.38778 - accuracy: 0.91983
INFO:BiLSTMAgent:Training epoch 79 | loss: 0.35907 - accuracy: 0.95316
INFO:BiLSTMAgent:Validating epoch 79 | loss: 0.38724 - accuracy: 0.92027
INFO:BiLSTMAgent:Training epoch 80 | loss: 0.35914 - accuracy: 0.95284
INFO:BiLSTMAgent:Validating epoch 80 | loss: 0.38901 - accuracy: 0.91721
INFO:BiLSTMAgent:Training epoch 81 | loss: 0.35833 - accuracy: 0.95369
INFO:BiLSTMAgent:Validating epoch 81 | loss: 0.39009 - accuracy: 0.92158
INFO:BiLSTMAgent:Training epoch 82 | loss: 0.35838 - accuracy: 0.95389
INFO:BiLSTMAgent:Validating epoch 82 | loss: 0.38598 - accuracy: 0.92333
INFO:BiLSTMAgent:Training epoch 83 | loss: 0.35802 - accuracy: 0.955
INFO:BiLSTMAgent:Validating epoch 83 | loss: 0.38871 - accuracy: 0.92158
INFO:BiLSTMAgent:Training epoch 84 | loss: 0.36602 - accuracy: 0.94658
INFO:BiLSTMAgent:Validating epoch 84 | loss: 0.39563 - accuracy: 0.91568
INFO:BiLSTMAgent:Training epoch 85 | loss: 0.35888 - accuracy: 0.95355
INFO:BiLSTMAgent:Validating epoch 85 | loss: 0.39286 - accuracy: 0.91678
INFO:BiLSTMAgent:Training epoch 86 | loss: 0.35669 - accuracy: 0.95585
INFO:BiLSTMAgent:Validating epoch 86 | loss: 0.38373 - accuracy: 0.92508
INFO:BiLSTMAgent:Training epoch 87 | loss: 0.35473 - accuracy: 0.95745
INFO:BiLSTMAgent:Validating epoch 87 | loss: 0.38766 - accuracy: 0.91983
INFO:BiLSTMAgent:Training epoch 88 | loss: 0.35328 - accuracy: 0.95908
INFO:BiLSTMAgent:Validating epoch 88 | loss: 0.38927 - accuracy: 0.92224
INFO:BiLSTMAgent:Training epoch 89 | loss: 0.3548 - accuracy: 0.95792
INFO:BiLSTMAgent:Validating epoch 89 | loss: 0.386 - accuracy: 0.92355
INFO:BiLSTMAgent:Training epoch 90 | loss: 0.35552 - accuracy: 0.95658
INFO:BiLSTMAgent:Validating epoch 90 | loss: 0.38625 - accuracy: 0.92311
INFO:BiLSTMAgent:Training epoch 91 | loss: 0.35434 - accuracy: 0.95809
INFO:BiLSTMAgent:Validating epoch 91 | loss: 0.38552 - accuracy: 0.92464
INFO:BiLSTMAgent:Training epoch 92 | loss: 0.35249 - accuracy: 0.95995
INFO:BiLSTMAgent:Validating epoch 92 | loss: 0.38765 - accuracy: 0.92158
INFO:BiLSTMAgent:Training epoch 93 | loss: 0.35773 - accuracy: 0.95445
INFO:BiLSTMAgent:Validating epoch 93 | loss: 0.38796 - accuracy: 0.92114
INFO:BiLSTMAgent:Training epoch 94 | loss: 0.35438 - accuracy: 0.95847
INFO:BiLSTMAgent:Validating epoch 94 | loss: 0.38378 - accuracy: 0.92442
INFO:BiLSTMAgent:Training epoch 95 | loss: 0.35277 - accuracy: 0.95976
INFO:BiLSTMAgent:Validating epoch 95 | loss: 0.3864 - accuracy: 0.9242
INFO:BiLSTMAgent:Training epoch 96 | loss: 0.35263 - accuracy: 0.96046
INFO:BiLSTMAgent:Validating epoch 96 | loss: 0.39002 - accuracy: 0.91983
INFO:BiLSTMAgent:Training epoch 97 | loss: 0.35128 - accuracy: 0.96126
INFO:BiLSTMAgent:Validating epoch 97 | loss: 0.38254 - accuracy: 0.92595
INFO:BiLSTMAgent:Training epoch 98 | loss: 0.35328 - accuracy: 0.95961
INFO:BiLSTMAgent:Validating epoch 98 | loss: 0.38486 - accuracy: 0.9242
INFO:BiLSTMAgent:Training epoch 99 | loss: 0.35397 - accuracy: 0.95857
INFO:BiLSTMAgent:Validating epoch 99 | loss: 0.38437 - accuracy: 0.92464
INFO:BiLSTMAgent:Training epoch 100 | loss: 0.35561 - accuracy: 0.95711
INFO:BiLSTMAgent:Validating epoch 100 | loss: 0.39053 - accuracy: 0.92027
INFO:BiLSTMAgent:Training epoch 101 | loss: 0.35318 - accuracy: 0.95935
INFO:BiLSTMAgent:Validating epoch 101 | loss: 0.38612 - accuracy: 0.92311
INFO:BiLSTMAgent:Training epoch 102 | loss: 0.35179 - accuracy: 0.96107
INFO:BiLSTMAgent:Validating epoch 102 | loss: 0.38458 - accuracy: 0.92464
INFO:BiLSTMAgent:Training epoch 103 | loss: 0.35222 - accuracy: 0.95991
INFO:BiLSTMAgent:Validating epoch 103 | loss: 0.38679 - accuracy: 0.92114
INFO:BiLSTMAgent:Training epoch 104 | loss: 0.3533 - accuracy: 0.95906
INFO:BiLSTMAgent:Validating epoch 104 | loss: 0.38851 - accuracy: 0.92224
INFO:BiLSTMAgent:Training epoch 105 | loss: 0.35068 - accuracy: 0.96267
INFO:BiLSTMAgent:Validating epoch 105 | loss: 0.38485 - accuracy: 0.9242
INFO:BiLSTMAgent:Training epoch 106 | loss: 0.35122 - accuracy: 0.9617
INFO:BiLSTMAgent:Validating epoch 106 | loss: 0.3864 - accuracy: 0.92267
INFO:BiLSTMAgent:Training epoch 107 | loss: 0.35291 - accuracy: 0.95983
INFO:BiLSTMAgent:Validating epoch 107 | loss: 0.38267 - accuracy: 0.92508
INFO:BiLSTMAgent:Training epoch 108 | loss: 0.34993 - accuracy: 0.96255
INFO:BiLSTMAgent:Validating epoch 108 | loss: 0.39016 - accuracy: 0.92158
INFO:BiLSTMAgent:Training epoch 109 | loss: 0.35087 - accuracy: 0.96158
INFO:BiLSTMAgent:Validating epoch 109 | loss: 0.38523 - accuracy: 0.92551
INFO:BiLSTMAgent:Training epoch 110 | loss: 0.35162 - accuracy: 0.96066
INFO:BiLSTMAgent:Validating epoch 110 | loss: 0.38597 - accuracy: 0.92136
INFO:BiLSTMAgent:Training epoch 111 | loss: 0.35075 - accuracy: 0.96163
INFO:BiLSTMAgent:Validating epoch 111 | loss: 0.3859 - accuracy: 0.92377
INFO:BiLSTMAgent:Training epoch 112 | loss: 0.35262 - accuracy: 0.96015
INFO:BiLSTMAgent:Validating epoch 112 | loss: 0.38318 - accuracy: 0.92704
INFO:BiLSTMAgent:Training epoch 113 | loss: 0.35008 - accuracy: 0.96228
INFO:BiLSTMAgent:Validating epoch 113 | loss: 0.38486 - accuracy: 0.92486
INFO:BiLSTMAgent:Training epoch 114 | loss: 0.35237 - accuracy: 0.95988
INFO:BiLSTMAgent:Validating epoch 114 | loss: 0.39586 - accuracy: 0.91634
INFO:BiLSTMAgent:Training epoch 115 | loss: 0.35507 - accuracy: 0.95697
INFO:BiLSTMAgent:Validating epoch 115 | loss: 0.38612 - accuracy: 0.92267
INFO:BiLSTMAgent:Training epoch 116 | loss: 0.35446 - accuracy: 0.95806
INFO:BiLSTMAgent:Validating epoch 116 | loss: 0.38608 - accuracy: 0.91962
INFO:BiLSTMAgent:Training epoch 117 | loss: 0.35114 - accuracy: 0.96182
INFO:BiLSTMAgent:Validating epoch 117 | loss: 0.38618 - accuracy: 0.92289
INFO:BiLSTMAgent:Training epoch 118 | loss: 0.34919 - accuracy: 0.96345
INFO:BiLSTMAgent:Validating epoch 118 | loss: 0.38736 - accuracy: 0.92158
INFO:BiLSTMAgent:Training epoch 119 | loss: 0.35098 - accuracy: 0.96158
INFO:BiLSTMAgent:Validating epoch 119 | loss: 0.39813 - accuracy: 0.91437
INFO:BiLSTMAgent:Training epoch 120 | loss: 0.35411 - accuracy: 0.95857
INFO:BiLSTMAgent:Validating epoch 120 | loss: 0.38525 - accuracy: 0.92486
INFO:BiLSTMAgent:Training epoch 121 | loss: 0.35305 - accuracy: 0.95927
INFO:BiLSTMAgent:Validating epoch 121 | loss: 0.39012 - accuracy: 0.92158
INFO:BiLSTMAgent:Training epoch 122 | loss: 0.35172 - accuracy: 0.96117
INFO:BiLSTMAgent:Validating epoch 122 | loss: 0.38907 - accuracy: 0.92224
INFO:BiLSTMAgent:Training epoch 123 | loss: 0.35119 - accuracy: 0.96119
INFO:BiLSTMAgent:Validating epoch 123 | loss: 0.38408 - accuracy: 0.92355
INFO:BiLSTMAgent:Training epoch 124 | loss: 0.34895 - accuracy: 0.96372
INFO:BiLSTMAgent:Validating epoch 124 | loss: 0.3916 - accuracy: 0.91896
INFO:BiLSTMAgent:Training epoch 125 | loss: 0.35232 - accuracy: 0.96025
INFO:BiLSTMAgent:Validating epoch 125 | loss: 0.39243 - accuracy: 0.9183
INFO:BiLSTMAgent:Training epoch 126 | loss: 0.3505 - accuracy: 0.96221
INFO:BiLSTMAgent:Validating epoch 126 | loss: 0.39304 - accuracy: 0.91809
INFO:BiLSTMAgent:Training epoch 127 | loss: 0.34962 - accuracy: 0.96289
INFO:BiLSTMAgent:Validating epoch 127 | loss: 0.38481 - accuracy: 0.92551
INFO:BiLSTMAgent:Training epoch 128 | loss: 0.35215 - accuracy: 0.96068
INFO:BiLSTMAgent:Validating epoch 128 | loss: 0.38947 - accuracy: 0.9194
INFO:BiLSTMAgent:Training epoch 129 | loss: 0.34924 - accuracy: 0.96362
INFO:BiLSTMAgent:Validating epoch 129 | loss: 0.3832 - accuracy: 0.92508
INFO:BiLSTMAgent:Training epoch 130 | loss: 0.34923 - accuracy: 0.96372
INFO:BiLSTMAgent:Validating epoch 130 | loss: 0.3864 - accuracy: 0.92508
INFO:BiLSTMAgent:Training epoch 131 | loss: 0.3505 - accuracy: 0.9618
INFO:BiLSTMAgent:Validating epoch 131 | loss: 0.38729 - accuracy: 0.9242
INFO:BiLSTMAgent:Training epoch 132 | loss: 0.34801 - accuracy: 0.96498
INFO:BiLSTMAgent:Validating epoch 132 | loss: 0.38434 - accuracy: 0.92398
INFO:BiLSTMAgent:Training epoch 133 | loss: 0.35588 - accuracy: 0.95627
INFO:BiLSTMAgent:Validating epoch 133 | loss: 0.38659 - accuracy: 0.92464
INFO:BiLSTMAgent:Training epoch 134 | loss: 0.34878 - accuracy: 0.96362
INFO:BiLSTMAgent:Validating epoch 134 | loss: 0.38465 - accuracy: 0.92442
INFO:BiLSTMAgent:Training epoch 135 | loss: 0.35408 - accuracy: 0.95838
INFO:BiLSTMAgent:Validating epoch 135 | loss: 0.38123 - accuracy: 0.92595
INFO:BiLSTMAgent:Training epoch 136 | loss: 0.34879 - accuracy: 0.96396
INFO:BiLSTMAgent:Validating epoch 136 | loss: 0.38087 - accuracy: 0.92879
INFO:BiLSTMAgent:Training epoch 137 | loss: 0.34802 - accuracy: 0.9644
INFO:BiLSTMAgent:Validating epoch 137 | loss: 0.38419 - accuracy: 0.92617
INFO:BiLSTMAgent:Training epoch 138 | loss: 0.3486 - accuracy: 0.9641
INFO:BiLSTMAgent:Validating epoch 138 | loss: 0.38866 - accuracy: 0.92202
INFO:BiLSTMAgent:Training epoch 139 | loss: 0.34927 - accuracy: 0.96338
INFO:BiLSTMAgent:Validating epoch 139 | loss: 0.38293 - accuracy: 0.92377
INFO:BiLSTMAgent:Training epoch 140 | loss: 0.34916 - accuracy: 0.96357
INFO:BiLSTMAgent:Validating epoch 140 | loss: 0.38427 - accuracy: 0.92551
INFO:BiLSTMAgent:Training epoch 141 | loss: 0.34788 - accuracy: 0.96476
INFO:BiLSTMAgent:Validating epoch 141 | loss: 0.38414 - accuracy: 0.92486
INFO:BiLSTMAgent:Training epoch 142 | loss: 0.3478 - accuracy: 0.9651
INFO:BiLSTMAgent:Validating epoch 142 | loss: 0.38416 - accuracy: 0.92639
INFO:BiLSTMAgent:Training epoch 143 | loss: 0.34805 - accuracy: 0.96476
INFO:BiLSTMAgent:Validating epoch 143 | loss: 0.38239 - accuracy: 0.92792
INFO:BiLSTMAgent:Training epoch 144 | loss: 0.34702 - accuracy: 0.96571
INFO:BiLSTMAgent:Validating epoch 144 | loss: 0.3823 - accuracy: 0.92704
INFO:BiLSTMAgent:Training epoch 145 | loss: 0.34562 - accuracy: 0.96716
INFO:BiLSTMAgent:Validating epoch 145 | loss: 0.38643 - accuracy: 0.92246
INFO:BiLSTMAgent:Training epoch 146 | loss: 0.35167 - accuracy: 0.96117
INFO:BiLSTMAgent:Validating epoch 146 | loss: 0.38671 - accuracy: 0.92136
INFO:BiLSTMAgent:Training epoch 147 | loss: 0.34842 - accuracy: 0.96391
INFO:BiLSTMAgent:Validating epoch 147 | loss: 0.39127 - accuracy: 0.92049
INFO:BiLSTMAgent:Training epoch 148 | loss: 0.34724 - accuracy: 0.96491
INFO:BiLSTMAgent:Validating epoch 148 | loss: 0.3813 - accuracy: 0.92704
INFO:BiLSTMAgent:Training epoch 149 | loss: 0.34734 - accuracy: 0.96525
INFO:BiLSTMAgent:Validating epoch 149 | loss: 0.38225 - accuracy: 0.92704
INFO:BiLSTMAgent:Training epoch 150 | loss: 0.34661 - accuracy: 0.96624
INFO:BiLSTMAgent:Validating epoch 150 | loss: 0.38608 - accuracy: 0.92289
INFO:BiLSTMAgent:Training epoch 151 | loss: 0.34593 - accuracy: 0.9666
INFO:BiLSTMAgent:Validating epoch 151 | loss: 0.38453 - accuracy: 0.92398
INFO:BiLSTMAgent:Training epoch 152 | loss: 0.34791 - accuracy: 0.96459
INFO:BiLSTMAgent:Validating epoch 152 | loss: 0.38392 - accuracy: 0.92508
INFO:BiLSTMAgent:Training epoch 153 | loss: 0.34557 - accuracy: 0.96702
INFO:BiLSTMAgent:Validating epoch 153 | loss: 0.38488 - accuracy: 0.92617
INFO:BiLSTMAgent:Training epoch 154 | loss: 0.34474 - accuracy: 0.96816
INFO:BiLSTMAgent:Validating epoch 154 | loss: 0.38657 - accuracy: 0.92224
INFO:BiLSTMAgent:Training epoch 155 | loss: 0.34546 - accuracy: 0.96728
INFO:BiLSTMAgent:Validating epoch 155 | loss: 0.38378 - accuracy: 0.92529
INFO:BiLSTMAgent:Training epoch 156 | loss: 0.34727 - accuracy: 0.96542
INFO:BiLSTMAgent:Validating epoch 156 | loss: 0.38791 - accuracy: 0.92377
INFO:BiLSTMAgent:Training epoch 157 | loss: 0.34604 - accuracy: 0.96602
INFO:BiLSTMAgent:Validating epoch 157 | loss: 0.38305 - accuracy: 0.92486
INFO:BiLSTMAgent:Training epoch 158 | loss: 0.34989 - accuracy: 0.96253
INFO:BiLSTMAgent:Validating epoch 158 | loss: 0.38777 - accuracy: 0.9218
INFO:BiLSTMAgent:Training epoch 159 | loss: 0.35535 - accuracy: 0.95719
INFO:BiLSTMAgent:Validating epoch 159 | loss: 0.38696 - accuracy: 0.92224
INFO:BiLSTMAgent:Training epoch 160 | loss: 0.35067 - accuracy: 0.96175
INFO:BiLSTMAgent:Validating epoch 160 | loss: 0.38449 - accuracy: 0.92573
INFO:BiLSTMAgent:Training epoch 161 | loss: 0.34804 - accuracy: 0.96452
INFO:BiLSTMAgent:Validating epoch 161 | loss: 0.38378 - accuracy: 0.92289
INFO:BiLSTMAgent:Training epoch 162 | loss: 0.35017 - accuracy: 0.96267
INFO:BiLSTMAgent:Validating epoch 162 | loss: 0.38436 - accuracy: 0.92551
INFO:BiLSTMAgent:Training epoch 163 | loss: 0.34959 - accuracy: 0.96292
INFO:BiLSTMAgent:Validating epoch 163 | loss: 0.39102 - accuracy: 0.92093
INFO:BiLSTMAgent:Training epoch 164 | loss: 0.34655 - accuracy: 0.96641
INFO:BiLSTMAgent:Validating epoch 164 | loss: 0.38368 - accuracy: 0.92639
INFO:BiLSTMAgent:Training epoch 165 | loss: 0.34612 - accuracy: 0.96699
INFO:BiLSTMAgent:Validating epoch 165 | loss: 0.38833 - accuracy: 0.92289
INFO:BiLSTMAgent:Training epoch 166 | loss: 0.34856 - accuracy: 0.9641
INFO:BiLSTMAgent:Validating epoch 166 | loss: 0.38203 - accuracy: 0.92617
INFO:BiLSTMAgent:Training epoch 167 | loss: 0.36593 - accuracy: 0.94597
INFO:BiLSTMAgent:Validating epoch 167 | loss: 0.39349 - accuracy: 0.91743
INFO:BiLSTMAgent:Training epoch 168 | loss: 0.35283 - accuracy: 0.95986
INFO:BiLSTMAgent:Validating epoch 168 | loss: 0.38748 - accuracy: 0.92442
INFO:BiLSTMAgent:Training epoch 169 | loss: 0.34904 - accuracy: 0.96379
INFO:BiLSTMAgent:Validating epoch 169 | loss: 0.38803 - accuracy: 0.92093
INFO:BiLSTMAgent:Training epoch 170 | loss: 0.34803 - accuracy: 0.96481
INFO:BiLSTMAgent:Validating epoch 170 | loss: 0.38284 - accuracy: 0.92573
INFO:BiLSTMAgent:Training epoch 171 | loss: 0.34682 - accuracy: 0.96573
INFO:BiLSTMAgent:Validating epoch 171 | loss: 0.38612 - accuracy: 0.92027
INFO:BiLSTMAgent:Training epoch 172 | loss: 0.34811 - accuracy: 0.96454
INFO:BiLSTMAgent:Validating epoch 172 | loss: 0.38698 - accuracy: 0.92071
INFO:BiLSTMAgent:Training epoch 173 | loss: 0.34676 - accuracy: 0.96588
INFO:BiLSTMAgent:Validating epoch 173 | loss: 0.38699 - accuracy: 0.91896
INFO:BiLSTMAgent:Training epoch 174 | loss: 0.34753 - accuracy: 0.96495
INFO:BiLSTMAgent:Validating epoch 174 | loss: 0.38628 - accuracy: 0.92355
INFO:BiLSTMAgent:Training epoch 175 | loss: 0.34811 - accuracy: 0.96474
INFO:BiLSTMAgent:Validating epoch 175 | loss: 0.3871 - accuracy: 0.92158
INFO:BiLSTMAgent:Training epoch 176 | loss: 0.34705 - accuracy: 0.96544
INFO:BiLSTMAgent:Validating epoch 176 | loss: 0.3876 - accuracy: 0.92136
INFO:BiLSTMAgent:Training epoch 177 | loss: 0.34945 - accuracy: 0.96466
INFO:BiLSTMAgent:Validating epoch 177 | loss: 0.39511 - accuracy: 0.91
INFO:BiLSTMAgent:Training epoch 178 | loss: 0.35461 - accuracy: 0.95792
INFO:BiLSTMAgent:Validating epoch 178 | loss: 0.38844 - accuracy: 0.91983
INFO:BiLSTMAgent:Training epoch 179 | loss: 0.34916 - accuracy: 0.96323
INFO:BiLSTMAgent:Validating epoch 179 | loss: 0.39813 - accuracy: 0.91394
INFO:BiLSTMAgent:Training epoch 180 | loss: 0.3461 - accuracy: 0.96673
INFO:BiLSTMAgent:Validating epoch 180 | loss: 0.38661 - accuracy: 0.92311
INFO:BiLSTMAgent:Training epoch 181 | loss: 0.34568 - accuracy: 0.96709
INFO:BiLSTMAgent:Validating epoch 181 | loss: 0.39335 - accuracy: 0.91721
INFO:BiLSTMAgent:Training epoch 182 | loss: 0.34815 - accuracy: 0.96444
INFO:BiLSTMAgent:Validating epoch 182 | loss: 0.38575 - accuracy: 0.92398
INFO:BiLSTMAgent:Training epoch 183 | loss: 0.34534 - accuracy: 0.96726
INFO:BiLSTMAgent:Validating epoch 183 | loss: 0.38423 - accuracy: 0.92551
INFO:BiLSTMAgent:Training epoch 184 | loss: 0.3442 - accuracy: 0.96862
INFO:BiLSTMAgent:Validating epoch 184 | loss: 0.3875 - accuracy: 0.92377
INFO:BiLSTMAgent:Training epoch 185 | loss: 0.35693 - accuracy: 0.95549
INFO:BiLSTMAgent:Validating epoch 185 | loss: 0.38936 - accuracy: 0.91896
INFO:BiLSTMAgent:Training epoch 186 | loss: 0.35 - accuracy: 0.96289
INFO:BiLSTMAgent:Validating epoch 186 | loss: 0.38675 - accuracy: 0.92355
INFO:BiLSTMAgent:Training epoch 187 | loss: 0.34741 - accuracy: 0.96529
INFO:BiLSTMAgent:Validating epoch 187 | loss: 0.38949 - accuracy: 0.92224
INFO:BiLSTMAgent:Training epoch 188 | loss: 0.34872 - accuracy: 0.96413
INFO:BiLSTMAgent:Validating epoch 188 | loss: 0.38394 - accuracy: 0.92289
INFO:BiLSTMAgent:Training epoch 189 | loss: 0.34871 - accuracy: 0.96379
INFO:BiLSTMAgent:Validating epoch 189 | loss: 0.38917 - accuracy: 0.92114
INFO:BiLSTMAgent:Training epoch 190 | loss: 0.34695 - accuracy: 0.96563
INFO:BiLSTMAgent:Validating epoch 190 | loss: 0.38698 - accuracy: 0.92289
INFO:BiLSTMAgent:Training epoch 191 | loss: 0.35271 - accuracy: 0.96046
INFO:BiLSTMAgent:Validating epoch 191 | loss: 0.38853 - accuracy: 0.92005
INFO:BiLSTMAgent:Training epoch 192 | loss: 0.34624 - accuracy: 0.96619
INFO:BiLSTMAgent:Validating epoch 192 | loss: 0.38668 - accuracy: 0.92267
INFO:BiLSTMAgent:Training epoch 193 | loss: 0.34592 - accuracy: 0.96665
INFO:BiLSTMAgent:Validating epoch 193 | loss: 0.38739 - accuracy: 0.9218
INFO:BiLSTMAgent:Training epoch 194 | loss: 0.34518 - accuracy: 0.96743
INFO:BiLSTMAgent:Validating epoch 194 | loss: 0.38779 - accuracy: 0.92267
INFO:BiLSTMAgent:Training epoch 195 | loss: 0.34407 - accuracy: 0.96864
INFO:BiLSTMAgent:Validating epoch 195 | loss: 0.38455 - accuracy: 0.92529
INFO:BiLSTMAgent:Training epoch 196 | loss: 0.34436 - accuracy: 0.96818
INFO:BiLSTMAgent:Validating epoch 196 | loss: 0.3839 - accuracy: 0.92289
INFO:BiLSTMAgent:Training epoch 197 | loss: 0.34553 - accuracy: 0.96726
INFO:BiLSTMAgent:Validating epoch 197 | loss: 0.39121 - accuracy: 0.92027
INFO:BiLSTMAgent:Training epoch 198 | loss: 0.34514 - accuracy: 0.96741
INFO:BiLSTMAgent:Validating epoch 198 | loss: 0.38448 - accuracy: 0.92529
INFO:BiLSTMAgent:Training epoch 199 | loss: 0.34297 - accuracy: 0.96959
INFO:BiLSTMAgent:Validating epoch 199 | loss: 0.38533 - accuracy: 0.92398
INFO:BiLSTMAgent:Training epoch 200 | loss: 0.34412 - accuracy: 0.96872
INFO:BiLSTMAgent:Validating epoch 200 | loss: 0.38762 - accuracy: 0.92377
INFO:BiLSTMAgent:Training epoch 201 | loss: 0.34304 - accuracy: 0.96974
INFO:BiLSTMAgent:Validating epoch 201 | loss: 0.38476 - accuracy: 0.92595
INFO:BiLSTMAgent:Training epoch 202 | loss: 0.34448 - accuracy: 0.96833
INFO:BiLSTMAgent:Validating epoch 202 | loss: 0.38455 - accuracy: 0.92704
INFO:BiLSTMAgent:Training epoch 203 | loss: 0.3448 - accuracy: 0.96806
INFO:BiLSTMAgent:Validating epoch 203 | loss: 0.38725 - accuracy: 0.92202
INFO:BiLSTMAgent:Training epoch 204 | loss: 0.34299 - accuracy: 0.96978
INFO:BiLSTMAgent:Validating epoch 204 | loss: 0.38603 - accuracy: 0.92442
INFO:BiLSTMAgent:Training epoch 205 | loss: 0.34314 - accuracy: 0.96988
INFO:BiLSTMAgent:Validating epoch 205 | loss: 0.38724 - accuracy: 0.92398
INFO:BiLSTMAgent:Training epoch 206 | loss: 0.344 - accuracy: 0.96898
INFO:BiLSTMAgent:Validating epoch 206 | loss: 0.38298 - accuracy: 0.92617
INFO:BiLSTMAgent:Training epoch 207 | loss: 0.34358 - accuracy: 0.96918
INFO:BiLSTMAgent:Validating epoch 207 | loss: 0.38568 - accuracy: 0.92464
INFO:BiLSTMAgent:Training epoch 208 | loss: 0.34365 - accuracy: 0.96891
INFO:BiLSTMAgent:Validating epoch 208 | loss: 0.38501 - accuracy: 0.92529
INFO:BiLSTMAgent:Training epoch 209 | loss: 0.34514 - accuracy: 0.96733
INFO:BiLSTMAgent:Validating epoch 209 | loss: 0.3872 - accuracy: 0.91962
INFO:BiLSTMAgent:Training epoch 210 | loss: 0.34686 - accuracy: 0.96563
INFO:BiLSTMAgent:Validating epoch 210 | loss: 0.38976 - accuracy: 0.92246
INFO:BiLSTMAgent:Training epoch 211 | loss: 0.34514 - accuracy: 0.96782
INFO:BiLSTMAgent:Validating epoch 211 | loss: 0.38121 - accuracy: 0.92661
INFO:BiLSTMAgent:Training epoch 212 | loss: 0.34342 - accuracy: 0.96944
INFO:BiLSTMAgent:Validating epoch 212 | loss: 0.38488 - accuracy: 0.92377
INFO:BiLSTMAgent:Training epoch 213 | loss: 0.34341 - accuracy: 0.96915
INFO:BiLSTMAgent:Validating epoch 213 | loss: 0.38674 - accuracy: 0.9242
INFO:BiLSTMAgent:Training epoch 214 | loss: 0.34614 - accuracy: 0.96643
INFO:BiLSTMAgent:Validating epoch 214 | loss: 0.3847 - accuracy: 0.92267
INFO:BiLSTMAgent:Training epoch 215 | loss: 0.34676 - accuracy: 0.96641
INFO:BiLSTMAgent:Validating epoch 215 | loss: 0.38848 - accuracy: 0.92289
INFO:BiLSTMAgent:Training epoch 216 | loss: 0.34392 - accuracy: 0.96925
INFO:BiLSTMAgent:Validating epoch 216 | loss: 0.38678 - accuracy: 0.92377
INFO:BiLSTMAgent:Training epoch 217 | loss: 0.34338 - accuracy: 0.9701
INFO:BiLSTMAgent:Validating epoch 217 | loss: 0.3835 - accuracy: 0.92529
INFO:BiLSTMAgent:Training epoch 218 | loss: 0.34273 - accuracy: 0.97007
INFO:BiLSTMAgent:Validating epoch 218 | loss: 0.38372 - accuracy: 0.92573
INFO:BiLSTMAgent:Training epoch 219 | loss: 0.34299 - accuracy: 0.96969
INFO:BiLSTMAgent:Validating epoch 219 | loss: 0.38611 - accuracy: 0.92311
INFO:BiLSTMAgent:Training epoch 220 | loss: 0.34159 - accuracy: 0.97066
INFO:BiLSTMAgent:Validating epoch 220 | loss: 0.38693 - accuracy: 0.92246
INFO:BiLSTMAgent:Training epoch 221 | loss: 0.34158 - accuracy: 0.97112
INFO:BiLSTMAgent:Validating epoch 221 | loss: 0.38686 - accuracy: 0.9194
INFO:BiLSTMAgent:Training epoch 222 | loss: 0.34483 - accuracy: 0.96777
INFO:BiLSTMAgent:Validating epoch 222 | loss: 0.38631 - accuracy: 0.9242
INFO:BiLSTMAgent:Training epoch 223 | loss: 0.34241 - accuracy: 0.97078
INFO:BiLSTMAgent:Validating epoch 223 | loss: 0.38657 - accuracy: 0.92333
INFO:BiLSTMAgent:Training epoch 224 | loss: 0.34216 - accuracy: 0.97027
INFO:BiLSTMAgent:Validating epoch 224 | loss: 0.38808 - accuracy: 0.92202
INFO:BiLSTMAgent:Training epoch 225 | loss: 0.34138 - accuracy: 0.97139
INFO:BiLSTMAgent:Validating epoch 225 | loss: 0.38397 - accuracy: 0.92377
INFO:BiLSTMAgent:Training epoch 226 | loss: 0.34326 - accuracy: 0.97005
INFO:BiLSTMAgent:Validating epoch 226 | loss: 0.39771 - accuracy: 0.91459
INFO:BiLSTMAgent:Training epoch 227 | loss: 0.34572 - accuracy: 0.96687
INFO:BiLSTMAgent:Validating epoch 227 | loss: 0.38587 - accuracy: 0.92573
INFO:BiLSTMAgent:Training epoch 228 | loss: 0.34184 - accuracy: 0.97114
INFO:BiLSTMAgent:Validating epoch 228 | loss: 0.38286 - accuracy: 0.92704
INFO:BiLSTMAgent:Training epoch 229 | loss: 0.34208 - accuracy: 0.97075
INFO:BiLSTMAgent:Validating epoch 229 | loss: 0.38329 - accuracy: 0.92726
INFO:BiLSTMAgent:Training epoch 230 | loss: 0.34393 - accuracy: 0.96925
INFO:BiLSTMAgent:Validating epoch 230 | loss: 0.38772 - accuracy: 0.92377
INFO:BiLSTMAgent:Training epoch 231 | loss: 0.34207 - accuracy: 0.9708
INFO:BiLSTMAgent:Validating epoch 231 | loss: 0.38681 - accuracy: 0.92289
INFO:BiLSTMAgent:Training epoch 232 | loss: 0.34514 - accuracy: 0.96741
INFO:BiLSTMAgent:Validating epoch 232 | loss: 0.38868 - accuracy: 0.92224
INFO:BiLSTMAgent:Training epoch 233 | loss: 0.34498 - accuracy: 0.9684
INFO:BiLSTMAgent:Validating epoch 233 | loss: 0.38496 - accuracy: 0.92377
INFO:BiLSTMAgent:Training epoch 234 | loss: 0.34222 - accuracy: 0.97046
INFO:BiLSTMAgent:Validating epoch 234 | loss: 0.38722 - accuracy: 0.92398
INFO:BiLSTMAgent:Training epoch 235 | loss: 0.34148 - accuracy: 0.97146
INFO:BiLSTMAgent:Validating epoch 235 | loss: 0.38347 - accuracy: 0.92573
INFO:BiLSTMAgent:Training epoch 236 | loss: 0.3428 - accuracy: 0.96961
INFO:BiLSTMAgent:Validating epoch 236 | loss: 0.38652 - accuracy: 0.92398
INFO:BiLSTMAgent:Training epoch 237 | loss: 0.34168 - accuracy: 0.97102
INFO:BiLSTMAgent:Validating epoch 237 | loss: 0.38447 - accuracy: 0.92442
INFO:BiLSTMAgent:Stopped early with patience 100
INFO:BiLSTMAgent:Using 1 of the dataset.
INFO:BiLSTMAgent:14% of the training data will be original, the rest augmented.
INFO:BiLSTMAgent:The geometric parameter is 0.6.
INFO:BiLSTMAgent:Training epoch 0 | loss: 0.66085 - accuracy: 0.63466
INFO:BiLSTMAgent:Validating epoch 0 | loss: 0.55183 - accuracy: 0.77195
INFO:BiLSTMAgent:Training epoch 1 | loss: 0.5132 - accuracy: 0.79628
INFO:BiLSTMAgent:Validating epoch 1 | loss: 0.47858 - accuracy: 0.82394
INFO:BiLSTMAgent:Training epoch 2 | loss: 0.47391 - accuracy: 0.8329
INFO:BiLSTMAgent:Validating epoch 2 | loss: 0.46441 - accuracy: 0.83792
INFO:BiLSTMAgent:Training epoch 3 | loss: 0.46092 - accuracy: 0.84576
INFO:BiLSTMAgent:Validating epoch 3 | loss: 0.45121 - accuracy: 0.8519
INFO:BiLSTMAgent:Training epoch 4 | loss: 0.44628 - accuracy: 0.86251
INFO:BiLSTMAgent:Validating epoch 4 | loss: 0.44393 - accuracy: 0.86064
INFO:BiLSTMAgent:Training epoch 5 | loss: 0.43533 - accuracy: 0.87302
INFO:BiLSTMAgent:Validating epoch 5 | loss: 0.45976 - accuracy: 0.85168
INFO:BiLSTMAgent:Training epoch 6 | loss: 0.43634 - accuracy: 0.87093
INFO:BiLSTMAgent:Validating epoch 6 | loss: 0.43724 - accuracy: 0.86894
INFO:BiLSTMAgent:Training epoch 7 | loss: 0.42259 - accuracy: 0.88683
INFO:BiLSTMAgent:Validating epoch 7 | loss: 0.43188 - accuracy: 0.87505
INFO:BiLSTMAgent:Training epoch 8 | loss: 0.41777 - accuracy: 0.89127
INFO:BiLSTMAgent:Validating epoch 8 | loss: 0.42287 - accuracy: 0.88292
INFO:BiLSTMAgent:Training epoch 9 | loss: 0.41595 - accuracy: 0.89292
INFO:BiLSTMAgent:Validating epoch 9 | loss: 0.41477 - accuracy: 0.88947
INFO:BiLSTMAgent:Training epoch 10 | loss: 0.40869 - accuracy: 0.89957
INFO:BiLSTMAgent:Validating epoch 10 | loss: 0.41652 - accuracy: 0.88663
INFO:BiLSTMAgent:Training epoch 11 | loss: 0.40494 - accuracy: 0.90411
INFO:BiLSTMAgent:Validating epoch 11 | loss: 0.44326 - accuracy: 0.87178
INFO:BiLSTMAgent:Training epoch 12 | loss: 0.40691 - accuracy: 0.90195
INFO:BiLSTMAgent:Validating epoch 12 | loss: 0.40948 - accuracy: 0.90083
INFO:BiLSTMAgent:Training epoch 13 | loss: 0.40205 - accuracy: 0.90853
INFO:BiLSTMAgent:Validating epoch 13 | loss: 0.42753 - accuracy: 0.88336
INFO:BiLSTMAgent:Training epoch 14 | loss: 0.39743 - accuracy: 0.91231
INFO:BiLSTMAgent:Validating epoch 14 | loss: 0.40517 - accuracy: 0.89821
INFO:BiLSTMAgent:Training epoch 15 | loss: 0.39531 - accuracy: 0.91576
INFO:BiLSTMAgent:Validating epoch 15 | loss: 0.40649 - accuracy: 0.89537
INFO:BiLSTMAgent:Training epoch 16 | loss: 0.39072 - accuracy: 0.9195
INFO:BiLSTMAgent:Validating epoch 16 | loss: 0.40354 - accuracy: 0.90017
INFO:BiLSTMAgent:Training epoch 17 | loss: 0.38803 - accuracy: 0.9226
INFO:BiLSTMAgent:Validating epoch 17 | loss: 0.40447 - accuracy: 0.90367
INFO:BiLSTMAgent:Training epoch 18 | loss: 0.38873 - accuracy: 0.9217
INFO:BiLSTMAgent:Validating epoch 18 | loss: 0.41435 - accuracy: 0.89865
INFO:BiLSTMAgent:Training epoch 19 | loss: 0.3876 - accuracy: 0.92302
INFO:BiLSTMAgent:Validating epoch 19 | loss: 0.40608 - accuracy: 0.90345
INFO:BiLSTMAgent:Training epoch 20 | loss: 0.39145 - accuracy: 0.91891
INFO:BiLSTMAgent:Validating epoch 20 | loss: 0.40382 - accuracy: 0.89952
INFO:BiLSTMAgent:Training epoch 21 | loss: 0.38327 - accuracy: 0.92753
INFO:BiLSTMAgent:Validating epoch 21 | loss: 0.4037 - accuracy: 0.8993
INFO:BiLSTMAgent:Training epoch 22 | loss: 0.38369 - accuracy: 0.92639
INFO:BiLSTMAgent:Validating epoch 22 | loss: 0.3962 - accuracy: 0.91328
INFO:BiLSTMAgent:Training epoch 23 | loss: 0.3873 - accuracy: 0.92389
INFO:BiLSTMAgent:Validating epoch 23 | loss: 0.40223 - accuracy: 0.90913
INFO:BiLSTMAgent:Training epoch 24 | loss: 0.3814 - accuracy: 0.92981
INFO:BiLSTMAgent:Validating epoch 24 | loss: 0.39445 - accuracy: 0.91306
INFO:BiLSTMAgent:Training epoch 25 | loss: 0.37924 - accuracy: 0.93129
INFO:BiLSTMAgent:Validating epoch 25 | loss: 0.39699 - accuracy: 0.91437
INFO:BiLSTMAgent:Training epoch 26 | loss: 0.3769 - accuracy: 0.93442
INFO:BiLSTMAgent:Validating epoch 26 | loss: 0.39532 - accuracy: 0.90826
INFO:BiLSTMAgent:Training epoch 27 | loss: 0.37775 - accuracy: 0.93394
INFO:BiLSTMAgent:Validating epoch 27 | loss: 0.39419 - accuracy: 0.9159
INFO:BiLSTMAgent:Training epoch 28 | loss: 0.37731 - accuracy: 0.93442
INFO:BiLSTMAgent:Validating epoch 28 | loss: 0.39232 - accuracy: 0.91525
INFO:BiLSTMAgent:Training epoch 29 | loss: 0.37551 - accuracy: 0.93627
INFO:BiLSTMAgent:Validating epoch 29 | loss: 0.39604 - accuracy: 0.9135
INFO:BiLSTMAgent:Training epoch 30 | loss: 0.37562 - accuracy: 0.93573
INFO:BiLSTMAgent:Validating epoch 30 | loss: 0.39742 - accuracy: 0.91503
INFO:BiLSTMAgent:Training epoch 31 | loss: 0.37377 - accuracy: 0.93845
INFO:BiLSTMAgent:Validating epoch 31 | loss: 0.39119 - accuracy: 0.91765
INFO:BiLSTMAgent:Training epoch 32 | loss: 0.37338 - accuracy: 0.93901
INFO:BiLSTMAgent:Validating epoch 32 | loss: 0.39117 - accuracy: 0.91503
INFO:BiLSTMAgent:Training epoch 33 | loss: 0.37201 - accuracy: 0.93962
INFO:BiLSTMAgent:Validating epoch 33 | loss: 0.39581 - accuracy: 0.91547
INFO:BiLSTMAgent:Training epoch 34 | loss: 0.36873 - accuracy: 0.94316
INFO:BiLSTMAgent:Validating epoch 34 | loss: 0.38946 - accuracy: 0.91787
INFO:BiLSTMAgent:Training epoch 35 | loss: 0.3686 - accuracy: 0.94284
INFO:BiLSTMAgent:Validating epoch 35 | loss: 0.39067 - accuracy: 0.9159
INFO:BiLSTMAgent:Training epoch 36 | loss: 0.37172 - accuracy: 0.94008
INFO:BiLSTMAgent:Validating epoch 36 | loss: 0.39175 - accuracy: 0.91852
INFO:BiLSTMAgent:Training epoch 37 | loss: 0.3693 - accuracy: 0.94246
INFO:BiLSTMAgent:Validating epoch 37 | loss: 0.39125 - accuracy: 0.91787
INFO:BiLSTMAgent:Training epoch 38 | loss: 0.3671 - accuracy: 0.94449
INFO:BiLSTMAgent:Validating epoch 38 | loss: 0.39042 - accuracy: 0.9194
INFO:BiLSTMAgent:Training epoch 39 | loss: 0.3733 - accuracy: 0.93806
INFO:BiLSTMAgent:Validating epoch 39 | loss: 0.389 - accuracy: 0.92071
INFO:BiLSTMAgent:Training epoch 40 | loss: 0.36929 - accuracy: 0.94263
INFO:BiLSTMAgent:Validating epoch 40 | loss: 0.38977 - accuracy: 0.92005
INFO:BiLSTMAgent:Training epoch 41 | loss: 0.36621 - accuracy: 0.94566
INFO:BiLSTMAgent:Validating epoch 41 | loss: 0.3886 - accuracy: 0.91721
INFO:BiLSTMAgent:Training epoch 42 | loss: 0.36427 - accuracy: 0.94765
INFO:BiLSTMAgent:Validating epoch 42 | loss: 0.39146 - accuracy: 0.91743
INFO:BiLSTMAgent:Training epoch 43 | loss: 0.36495 - accuracy: 0.94631
INFO:BiLSTMAgent:Validating epoch 43 | loss: 0.38627 - accuracy: 0.92289
INFO:BiLSTMAgent:Training epoch 44 | loss: 0.36428 - accuracy: 0.94828
INFO:BiLSTMAgent:Validating epoch 44 | loss: 0.38728 - accuracy: 0.92224
INFO:BiLSTMAgent:Training epoch 45 | loss: 0.36537 - accuracy: 0.94566
INFO:BiLSTMAgent:Validating epoch 45 | loss: 0.38836 - accuracy: 0.92093
INFO:BiLSTMAgent:Training epoch 46 | loss: 0.36409 - accuracy: 0.94743
INFO:BiLSTMAgent:Validating epoch 46 | loss: 0.38948 - accuracy: 0.91852
INFO:BiLSTMAgent:Training epoch 47 | loss: 0.36762 - accuracy: 0.94374
INFO:BiLSTMAgent:Validating epoch 47 | loss: 0.40788 - accuracy: 0.90433
INFO:BiLSTMAgent:Training epoch 48 | loss: 0.36596 - accuracy: 0.94578
INFO:BiLSTMAgent:Validating epoch 48 | loss: 0.38972 - accuracy: 0.91918
INFO:BiLSTMAgent:Training epoch 49 | loss: 0.36119 - accuracy: 0.95134
INFO:BiLSTMAgent:Validating epoch 49 | loss: 0.38686 - accuracy: 0.91896
INFO:BiLSTMAgent:Training epoch 50 | loss: 0.36315 - accuracy: 0.94877
INFO:BiLSTMAgent:Validating epoch 50 | loss: 0.39125 - accuracy: 0.91787
INFO:BiLSTMAgent:Training epoch 51 | loss: 0.36349 - accuracy: 0.94891
INFO:BiLSTMAgent:Validating epoch 51 | loss: 0.39829 - accuracy: 0.91306
INFO:BiLSTMAgent:Training epoch 52 | loss: 0.3625 - accuracy: 0.94935
INFO:BiLSTMAgent:Validating epoch 52 | loss: 0.40694 - accuracy: 0.90476
INFO:BiLSTMAgent:Training epoch 53 | loss: 0.36866 - accuracy: 0.94275
INFO:BiLSTMAgent:Validating epoch 53 | loss: 0.39285 - accuracy: 0.91787
INFO:BiLSTMAgent:Training epoch 54 | loss: 0.362 - accuracy: 0.94971
INFO:BiLSTMAgent:Validating epoch 54 | loss: 0.3855 - accuracy: 0.92289
INFO:BiLSTMAgent:Training epoch 55 | loss: 0.36173 - accuracy: 0.95034
INFO:BiLSTMAgent:Validating epoch 55 | loss: 0.38579 - accuracy: 0.92246
INFO:BiLSTMAgent:Training epoch 56 | loss: 0.3655 - accuracy: 0.94648
INFO:BiLSTMAgent:Validating epoch 56 | loss: 0.38881 - accuracy: 0.91743
INFO:BiLSTMAgent:Training epoch 57 | loss: 0.36277 - accuracy: 0.94903
INFO:BiLSTMAgent:Validating epoch 57 | loss: 0.39181 - accuracy: 0.91743
INFO:BiLSTMAgent:Training epoch 58 | loss: 0.36247 - accuracy: 0.94942
INFO:BiLSTMAgent:Validating epoch 58 | loss: 0.38538 - accuracy: 0.92246
INFO:BiLSTMAgent:Training epoch 59 | loss: 0.35846 - accuracy: 0.95345
INFO:BiLSTMAgent:Validating epoch 59 | loss: 0.38734 - accuracy: 0.92289
INFO:BiLSTMAgent:Training epoch 60 | loss: 0.36464 - accuracy: 0.94736
INFO:BiLSTMAgent:Validating epoch 60 | loss: 0.41581 - accuracy: 0.89886
INFO:BiLSTMAgent:Training epoch 61 | loss: 0.36757 - accuracy: 0.94369
INFO:BiLSTMAgent:Validating epoch 61 | loss: 0.38671 - accuracy: 0.92289
INFO:BiLSTMAgent:Training epoch 62 | loss: 0.35961 - accuracy: 0.95233
INFO:BiLSTMAgent:Validating epoch 62 | loss: 0.38508 - accuracy: 0.92311
INFO:BiLSTMAgent:Training epoch 63 | loss: 0.35922 - accuracy: 0.95301
INFO:BiLSTMAgent:Validating epoch 63 | loss: 0.38401 - accuracy: 0.92508
INFO:BiLSTMAgent:Training epoch 64 | loss: 0.35858 - accuracy: 0.95386
INFO:BiLSTMAgent:Validating epoch 64 | loss: 0.3858 - accuracy: 0.92246
INFO:BiLSTMAgent:Training epoch 65 | loss: 0.35812 - accuracy: 0.95406
INFO:BiLSTMAgent:Validating epoch 65 | loss: 0.38877 - accuracy: 0.92027
INFO:BiLSTMAgent:Training epoch 66 | loss: 0.35739 - accuracy: 0.95478
INFO:BiLSTMAgent:Validating epoch 66 | loss: 0.3995 - accuracy: 0.91328
INFO:BiLSTMAgent:Training epoch 67 | loss: 0.35802 - accuracy: 0.95437
INFO:BiLSTMAgent:Validating epoch 67 | loss: 0.38323 - accuracy: 0.92529
INFO:BiLSTMAgent:Training epoch 68 | loss: 0.35751 - accuracy: 0.95486
INFO:BiLSTMAgent:Validating epoch 68 | loss: 0.38705 - accuracy: 0.92202
INFO:BiLSTMAgent:Training epoch 69 | loss: 0.35874 - accuracy: 0.95345
INFO:BiLSTMAgent:Validating epoch 69 | loss: 0.38751 - accuracy: 0.92202
INFO:BiLSTMAgent:Training epoch 70 | loss: 0.35787 - accuracy: 0.95464
INFO:BiLSTMAgent:Validating epoch 70 | loss: 0.38675 - accuracy: 0.92442
INFO:BiLSTMAgent:Training epoch 71 | loss: 0.35828 - accuracy: 0.95396
INFO:BiLSTMAgent:Validating epoch 71 | loss: 0.38595 - accuracy: 0.92595
INFO:BiLSTMAgent:Training epoch 72 | loss: 0.35633 - accuracy: 0.95561
INFO:BiLSTMAgent:Validating epoch 72 | loss: 0.38438 - accuracy: 0.9242
INFO:BiLSTMAgent:Training epoch 73 | loss: 0.35815 - accuracy: 0.9543
INFO:BiLSTMAgent:Validating epoch 73 | loss: 0.39137 - accuracy: 0.91983
INFO:BiLSTMAgent:Training epoch 74 | loss: 0.35507 - accuracy: 0.95697
INFO:BiLSTMAgent:Validating epoch 74 | loss: 0.40021 - accuracy: 0.91175
INFO:BiLSTMAgent:Training epoch 75 | loss: 0.36046 - accuracy: 0.95165
INFO:BiLSTMAgent:Validating epoch 75 | loss: 0.38838 - accuracy: 0.92202
INFO:BiLSTMAgent:Training epoch 76 | loss: 0.35576 - accuracy: 0.9568
INFO:BiLSTMAgent:Validating epoch 76 | loss: 0.38442 - accuracy: 0.92617
INFO:BiLSTMAgent:Training epoch 77 | loss: 0.357 - accuracy: 0.95546
INFO:BiLSTMAgent:Validating epoch 77 | loss: 0.38645 - accuracy: 0.92246
INFO:BiLSTMAgent:Training epoch 78 | loss: 0.35498 - accuracy: 0.95762
INFO:BiLSTMAgent:Validating epoch 78 | loss: 0.39556 - accuracy: 0.91787
INFO:BiLSTMAgent:Training epoch 79 | loss: 0.35815 - accuracy: 0.95386
INFO:BiLSTMAgent:Validating epoch 79 | loss: 0.38532 - accuracy: 0.9242
INFO:BiLSTMAgent:Training epoch 80 | loss: 0.35742 - accuracy: 0.95466
INFO:BiLSTMAgent:Validating epoch 80 | loss: 0.38398 - accuracy: 0.92398
INFO:BiLSTMAgent:Training epoch 81 | loss: 0.35272 - accuracy: 0.95935
INFO:BiLSTMAgent:Validating epoch 81 | loss: 0.39067 - accuracy: 0.9159
INFO:BiLSTMAgent:Training epoch 82 | loss: 0.35942 - accuracy: 0.95292
INFO:BiLSTMAgent:Validating epoch 82 | loss: 0.38666 - accuracy: 0.92158
INFO:BiLSTMAgent:Training epoch 83 | loss: 0.35424 - accuracy: 0.95845
INFO:BiLSTMAgent:Validating epoch 83 | loss: 0.3889 - accuracy: 0.91918
INFO:BiLSTMAgent:Training epoch 84 | loss: 0.35285 - accuracy: 0.96
INFO:BiLSTMAgent:Validating epoch 84 | loss: 0.38639 - accuracy: 0.92377
INFO:BiLSTMAgent:Training epoch 85 | loss: 0.35867 - accuracy: 0.95347
INFO:BiLSTMAgent:Validating epoch 85 | loss: 0.39341 - accuracy: 0.9159
INFO:BiLSTMAgent:Training epoch 86 | loss: 0.36523 - accuracy: 0.94673
INFO:BiLSTMAgent:Validating epoch 86 | loss: 0.38915 - accuracy: 0.91809
INFO:BiLSTMAgent:Training epoch 87 | loss: 0.36075 - accuracy: 0.95148
INFO:BiLSTMAgent:Validating epoch 87 | loss: 0.39459 - accuracy: 0.91612
INFO:BiLSTMAgent:Training epoch 88 | loss: 0.3597 - accuracy: 0.9525
INFO:BiLSTMAgent:Validating epoch 88 | loss: 0.38735 - accuracy: 0.91962
INFO:BiLSTMAgent:Training epoch 89 | loss: 0.3552 - accuracy: 0.95697
INFO:BiLSTMAgent:Validating epoch 89 | loss: 0.40198 - accuracy: 0.91088
INFO:BiLSTMAgent:Training epoch 90 | loss: 0.36228 - accuracy: 0.94964
INFO:BiLSTMAgent:Validating epoch 90 | loss: 0.39021 - accuracy: 0.91896
INFO:BiLSTMAgent:Training epoch 91 | loss: 0.35374 - accuracy: 0.9591
INFO:BiLSTMAgent:Validating epoch 91 | loss: 0.3891 - accuracy: 0.92005
INFO:BiLSTMAgent:Training epoch 92 | loss: 0.35227 - accuracy: 0.95991
INFO:BiLSTMAgent:Validating epoch 92 | loss: 0.38612 - accuracy: 0.9242
INFO:BiLSTMAgent:Training epoch 93 | loss: 0.35416 - accuracy: 0.95811
INFO:BiLSTMAgent:Validating epoch 93 | loss: 0.38855 - accuracy: 0.92005
INFO:BiLSTMAgent:Training epoch 94 | loss: 0.35228 - accuracy: 0.96015
INFO:BiLSTMAgent:Validating epoch 94 | loss: 0.38647 - accuracy: 0.92071
INFO:BiLSTMAgent:Training epoch 95 | loss: 0.35106 - accuracy: 0.96158
INFO:BiLSTMAgent:Validating epoch 95 | loss: 0.38808 - accuracy: 0.92224
